has edge feature
total 110232 for train, can cache 65536, 0.5945279047826403%
Epoch 0:
save model at epoch 0
	train loss:128902.1058  val ap:0.884077  val auc:0.918038
	total time:113.657s sample time:19.982s prep time:91.062s
	build dgl blocks time:0.000s prepare input2 time 0.000s prepare mails time 0.000
call get 135 times, total time 0.0
call put 135 times, total time 0.0
Epoch 1:
	train loss:79583.8364  val ap:0.868504  val auc:0.933572
	total time:96.739s sample time:15.879s prep time:79.133s
	build dgl blocks time:0.000s prepare input2 time 0.000s prepare mails time 0.000
call get 135 times, total time 0.0
call put 135 times, total time 0.0
Epoch 2:
	train loss:67638.2850  val ap:0.865337  val auc:0.932306
	total time:99.168s sample time:16.508s prep time:81.066s
	build dgl blocks time:0.000s prepare input2 time 0.000s prepare mails time 0.000
call get 135 times, total time 0.0
call put 135 times, total time 0.0
Epoch 3:
	train loss:62333.1012  val ap:0.872748  val auc:0.935439
	total time:98.465s sample time:16.471s prep time:80.348s
	build dgl blocks time:0.000s prepare input2 time 0.000s prepare mails time 0.000
call get 135 times, total time 0.0
call put 135 times, total time 0.0
Epoch 4:
	train loss:59419.6681  val ap:0.883143  val auc:0.937596
	total time:108.062s sample time:18.353s prep time:88.187s
	build dgl blocks time:0.000s prepare input2 time 0.000s prepare mails time 0.000
call get 135 times, total time 0.0
call put 135 times, total time 0.0
Epoch 5:
save model at epoch 5
	train loss:58251.3821  val ap:0.895490  val auc:0.940385
	total time:101.090s sample time:17.263s prep time:82.290s
	build dgl blocks time:0.000s prepare input2 time 0.000s prepare mails time 0.000
call get 135 times, total time 0.0
call put 135 times, total time 0.0
Epoch 6:
save model at epoch 6
	train loss:55836.4950  val ap:0.898056  val auc:0.940266
	total time:103.401s sample time:17.132s prep time:84.775s
	build dgl blocks time:0.000s prepare input2 time 0.000s prepare mails time 0.000
call get 135 times, total time 0.0
call put 135 times, total time 0.0
Epoch 7:
save model at epoch 7
	train loss:55293.6368  val ap:0.908214  val auc:0.944942
	total time:102.006s sample time:17.086s prep time:83.242s
	build dgl blocks time:0.000s prepare input2 time 0.000s prepare mails time 0.000
call get 135 times, total time 0.0
call put 135 times, total time 0.0
Epoch 8:
save model at epoch 8
	train loss:55123.6635  val ap:0.917358  val auc:0.948579
	total time:103.099s sample time:17.918s prep time:83.652s
	build dgl blocks time:0.000s prepare input2 time 0.000s prepare mails time 0.000
call get 135 times, total time 0.0
call put 135 times, total time 0.0
Epoch 9:
save model at epoch 9
	train loss:54554.8877  val ap:0.918080  val auc:0.948088
	total time:102.794s sample time:17.412s prep time:83.947s
	build dgl blocks time:0.000s prepare input2 time 0.000s prepare mails time 0.000
call get 135 times, total time 0.0
call put 135 times, total time 0.0
Epoch 10:
	train loss:54135.8545  val ap:0.916794  val auc:0.947346
	total time:102.818s sample time:17.361s prep time:84.046s
	build dgl blocks time:0.000s prepare input2 time 0.000s prepare mails time 0.000
call get 135 times, total time 0.0
call put 135 times, total time 0.0
Epoch 11:
save model at epoch 11
	train loss:53281.2835  val ap:0.918894  val auc:0.947795
	total time:102.918s sample time:17.248s prep time:84.122s
	build dgl blocks time:0.000s prepare input2 time 0.000s prepare mails time 0.000
call get 135 times, total time 0.0
call put 135 times, total time 0.0
Epoch 12:
save model at epoch 12
	train loss:52459.2624  val ap:0.921090  val auc:0.948393
	total time:100.500s sample time:16.976s prep time:82.014s
	build dgl blocks time:0.000s prepare input2 time 0.000s prepare mails time 0.000
call get 135 times, total time 0.0
call put 135 times, total time 0.0
Epoch 13:
save model at epoch 13
	train loss:51722.5300  val ap:0.926993  val auc:0.950989
	total time:100.565s sample time:16.626s prep time:82.425s
	build dgl blocks time:0.000s prepare input2 time 0.000s prepare mails time 0.000
call get 135 times, total time 0.0
call put 135 times, total time 0.0
Epoch 14:
save model at epoch 14
	train loss:51624.8361  val ap:0.935351  val auc:0.954752
	total time:103.098s sample time:17.432s prep time:84.072s
	build dgl blocks time:0.000s prepare input2 time 0.000s prepare mails time 0.000
call get 135 times, total time 0.0
call put 135 times, total time 0.0
Epoch 15:
save model at epoch 15
	train loss:51243.2666  val ap:0.939146  val auc:0.957463
	total time:110.661s sample time:18.763s prep time:90.250s
	build dgl blocks time:0.000s prepare input2 time 0.000s prepare mails time 0.000
call get 135 times, total time 0.0
call put 135 times, total time 0.0
Epoch 16:
save model at epoch 16
	train loss:50409.3750  val ap:0.943350  val auc:0.959288
	total time:98.629s sample time:16.531s prep time:80.566s
	build dgl blocks time:0.000s prepare input2 time 0.000s prepare mails time 0.000
call get 135 times, total time 0.0
call put 135 times, total time 0.0
Epoch 17:
save model at epoch 17
	train loss:48873.9870  val ap:0.952461  val auc:0.965508
	total time:78.905s sample time:13.293s prep time:64.161s
	build dgl blocks time:0.000s prepare input2 time 0.000s prepare mails time 0.000
call get 135 times, total time 0.0
call put 135 times, total time 0.0
Epoch 18:
save model at epoch 18
	train loss:48597.9056  val ap:0.957772  val auc:0.968465
	total time:105.117s sample time:17.845s prep time:85.546s
	build dgl blocks time:0.000s prepare input2 time 0.000s prepare mails time 0.000
call get 135 times, total time 0.0
call put 135 times, total time 0.0
Epoch 19:
save model at epoch 19
	train loss:47400.1932  val ap:0.958489  val auc:0.970189
	total time:103.429s sample time:17.326s prep time:84.507s
	build dgl blocks time:0.000s prepare input2 time 0.000s prepare mails time 0.000
call get 135 times, total time 0.0
call put 135 times, total time 0.0
Epoch 20:
save model at epoch 20
	train loss:46186.0506  val ap:0.958683  val auc:0.969719
	total time:103.295s sample time:17.350s prep time:84.253s
	build dgl blocks time:0.000s prepare input2 time 0.000s prepare mails time 0.000
call get 135 times, total time 0.0
call put 135 times, total time 0.0
Epoch 21:
save model at epoch 21
	train loss:44573.5644  val ap:0.961343  val auc:0.972015
	total time:102.726s sample time:17.298s prep time:83.955s
	build dgl blocks time:0.000s prepare input2 time 0.000s prepare mails time 0.000
call get 135 times, total time 0.0
call put 135 times, total time 0.0
Epoch 22:
save model at epoch 22
	train loss:45063.1233  val ap:0.963852  val auc:0.973871
	total time:110.482s sample time:18.985s prep time:89.797s
	build dgl blocks time:0.000s prepare input2 time 0.000s prepare mails time 0.000
call get 135 times, total time 0.0
call put 135 times, total time 0.0
Epoch 23:
save model at epoch 23
	train loss:43871.7659  val ap:0.964586  val auc:0.974025
	total time:95.546s sample time:16.157s prep time:77.837s
	build dgl blocks time:0.000s prepare input2 time 0.000s prepare mails time 0.000
call get 135 times, total time 0.0
call put 135 times, total time 0.0
Epoch 24:
save model at epoch 24
	train loss:42932.4674  val ap:0.964864  val auc:0.974313
	total time:106.162s sample time:18.927s prep time:85.859s
	build dgl blocks time:0.000s prepare input2 time 0.000s prepare mails time 0.000
call get 135 times, total time 0.0
call put 135 times, total time 0.0
Epoch 25:
save model at epoch 25
	train loss:42441.2940  val ap:0.967581  val auc:0.975761
	total time:90.262s sample time:15.248s prep time:73.538s
	build dgl blocks time:0.000s prepare input2 time 0.000s prepare mails time 0.000
call get 135 times, total time 0.0
call put 135 times, total time 0.0
Epoch 26:
save model at epoch 26
	train loss:42143.4592  val ap:0.968844  val auc:0.976515
	total time:86.275s sample time:14.719s prep time:70.051s
	build dgl blocks time:0.000s prepare input2 time 0.000s prepare mails time 0.000
call get 135 times, total time 0.0
call put 135 times, total time 0.0
Epoch 27:
save model at epoch 27
	train loss:41509.2465  val ap:0.972041  val auc:0.978520
	total time:89.432s sample time:15.637s prep time:72.244s
	build dgl blocks time:0.000s prepare input2 time 0.000s prepare mails time 0.000
call get 135 times, total time 0.0
call put 135 times, total time 0.0
Epoch 28:
save model at epoch 28
	train loss:41067.4111  val ap:0.972938  val auc:0.978985
	total time:88.034s sample time:14.636s prep time:71.849s
	build dgl blocks time:0.000s prepare input2 time 0.000s prepare mails time 0.000
call get 135 times, total time 0.0
call put 135 times, total time 0.0
Epoch 29:
	train loss:40910.7980  val ap:0.972346  val auc:0.978714
	total time:95.535s sample time:16.483s prep time:77.581s
	build dgl blocks time:0.000s prepare input2 time 0.000s prepare mails time 0.000
call get 135 times, total time 0.0
call put 135 times, total time 0.0
Epoch 30:
save model at epoch 30
	train loss:40222.7579  val ap:0.976210  val auc:0.981145
	total time:92.151s sample time:16.192s prep time:74.481s
	build dgl blocks time:0.000s prepare input2 time 0.000s prepare mails time 0.000
call get 135 times, total time 0.0
call put 135 times, total time 0.0
Epoch 31:
	train loss:39722.4717  val ap:0.975999  val auc:0.981211
	total time:79.787s sample time:13.280s prep time:65.065s
	build dgl blocks time:0.000s prepare input2 time 0.000s prepare mails time 0.000
call get 135 times, total time 0.0
call put 135 times, total time 0.0
Epoch 32:
save model at epoch 32
	train loss:39568.5424  val ap:0.980940  val auc:0.984213
	total time:70.416s sample time:11.885s prep time:57.164s
	build dgl blocks time:0.000s prepare input2 time 0.000s prepare mails time 0.000
call get 135 times, total time 0.0
call put 135 times, total time 0.0
Epoch 33:
	train loss:39268.9883  val ap:0.979842  val auc:0.983519
	total time:81.874s sample time:13.349s prep time:66.973s
	build dgl blocks time:0.000s prepare input2 time 0.000s prepare mails time 0.000
call get 135 times, total time 0.0
call put 135 times, total time 0.0
Epoch 34:
save model at epoch 34
	train loss:38726.7484  val ap:0.981317  val auc:0.984771
	total time:66.848s sample time:11.238s prep time:54.186s
	build dgl blocks time:0.000s prepare input2 time 0.000s prepare mails time 0.000
call get 135 times, total time 0.0
call put 135 times, total time 0.0
Epoch 35:
	train loss:38187.6415  val ap:0.979554  val auc:0.983065
	total time:85.776s sample time:14.491s prep time:69.734s
	build dgl blocks time:0.000s prepare input2 time 0.000s prepare mails time 0.000
call get 135 times, total time 0.0
call put 135 times, total time 0.0
Epoch 36:
save model at epoch 36
	train loss:37785.4199  val ap:0.981536  val auc:0.984534
	total time:83.394s sample time:14.151s prep time:67.655s
	build dgl blocks time:0.000s prepare input2 time 0.000s prepare mails time 0.000
call get 135 times, total time 0.0
call put 135 times, total time 0.0
Epoch 37:
save model at epoch 37
	train loss:37666.7006  val ap:0.982310  val auc:0.985229
	total time:78.275s sample time:13.152s prep time:63.625s
	build dgl blocks time:0.000s prepare input2 time 0.000s prepare mails time 0.000
call get 135 times, total time 0.0
call put 135 times, total time 0.0
Epoch 38:
	train loss:36907.6966  val ap:0.982130  val auc:0.985098
	total time:90.031s sample time:15.298s prep time:73.286s
	build dgl blocks time:0.000s prepare input2 time 0.000s prepare mails time 0.000
call get 135 times, total time 0.0
call put 135 times, total time 0.0
Epoch 39:
save model at epoch 39
	train loss:36836.4495  val ap:0.982947  val auc:0.985921
	total time:3.941s sample time:0.388s prep time:2.686s
	build dgl blocks time:0.000s prepare input2 time 0.000s prepare mails time 0.000
call get 135 times, total time 0.0
call put 135 times, total time 0.0
Epoch 40:
save model at epoch 40
	train loss:36178.4330  val ap:0.984667  val auc:0.986773
	total time:57.967s sample time:9.227s prep time:47.387s
	build dgl blocks time:0.000s prepare input2 time 0.000s prepare mails time 0.000
call get 135 times, total time 0.0
call put 135 times, total time 0.0
Epoch 41:
save model at epoch 41
	train loss:36800.8965  val ap:0.985138  val auc:0.987279
	total time:126.258s sample time:21.045s prep time:103.527s
	build dgl blocks time:0.000s prepare input2 time 0.000s prepare mails time 0.000
call get 135 times, total time 0.0
call put 135 times, total time 0.0
Epoch 42:
save model at epoch 42
	train loss:36002.5200  val ap:0.985260  val auc:0.987342
	total time:58.515s sample time:9.414s prep time:47.763s
	build dgl blocks time:0.000s prepare input2 time 0.000s prepare mails time 0.000
call get 135 times, total time 0.0
call put 135 times, total time 0.0
Epoch 43:
save model at epoch 43
	train loss:35886.5460  val ap:0.986077  val auc:0.987676
	total time:105.215s sample time:17.886s prep time:85.641s
	build dgl blocks time:0.000s prepare input2 time 0.000s prepare mails time 0.000
call get 135 times, total time 0.0
call put 135 times, total time 0.0
Epoch 44:
save model at epoch 44
	train loss:35346.1411  val ap:0.986851  val auc:0.988416
	total time:50.918s sample time:7.797s prep time:41.839s
	build dgl blocks time:0.000s prepare input2 time 0.000s prepare mails time 0.000
call get 135 times, total time 0.0
call put 135 times, total time 0.0
Epoch 45:
save model at epoch 45
	train loss:35418.5341  val ap:0.987160  val auc:0.988686
	total time:109.126s sample time:18.188s prep time:89.222s
	build dgl blocks time:0.000s prepare input2 time 0.000s prepare mails time 0.000
call get 135 times, total time 0.0
call put 135 times, total time 0.0
Epoch 46:
	train loss:34907.6321  val ap:0.986382  val auc:0.988416
	total time:155.730s sample time:26.682s prep time:127.507s
	build dgl blocks time:0.000s prepare input2 time 0.000s prepare mails time 0.000
call get 135 times, total time 0.0
call put 135 times, total time 0.0
Epoch 47:
	train loss:34900.7843  val ap:0.985740  val auc:0.987906
	total time:95.418s sample time:15.964s prep time:77.904s
	build dgl blocks time:0.000s prepare input2 time 0.000s prepare mails time 0.000
call get 135 times, total time 0.0
call put 135 times, total time 0.0
Epoch 48:
save model at epoch 48
	train loss:35034.7173  val ap:0.987294  val auc:0.988707
	total time:199.943s sample time:32.994s prep time:164.952s
	build dgl blocks time:0.000s prepare input2 time 0.000s prepare mails time 0.000
call get 135 times, total time 0.0
call put 135 times, total time 0.0
Epoch 49:
save model at epoch 49
	train loss:34567.6765  val ap:0.987498  val auc:0.989353
	total time:231.688s sample time:40.291s prep time:189.599s
	build dgl blocks time:0.000s prepare input2 time 0.000s prepare mails time 0.000
call get 135 times, total time 0.0
call put 135 times, total time 0.0
Epoch 50:
	train loss:33863.1274  val ap:0.987020  val auc:0.988821
	total time:240.847s sample time:41.591s prep time:197.222s
	build dgl blocks time:0.000s prepare input2 time 0.000s prepare mails time 0.000
call get 135 times, total time 0.0
call put 135 times, total time 0.0
Epoch 51:
	train loss:34586.2722  val ap:0.987407  val auc:0.988915
	total time:256.005s sample time:44.174s prep time:209.884s
	build dgl blocks time:0.000s prepare input2 time 0.000s prepare mails time 0.000
call get 135 times, total time 0.0
call put 135 times, total time 0.0
Epoch 52:
	train loss:33668.4544  val ap:0.987216  val auc:0.989470
	total time:236.778s sample time:40.252s prep time:194.439s
	build dgl blocks time:0.000s prepare input2 time 0.000s prepare mails time 0.000
call get 135 times, total time 0.0
call put 135 times, total time 0.0
Epoch 53:
save model at epoch 53
	train loss:33539.9555  val ap:0.988918  val auc:0.990063
	total time:199.775s sample time:34.376s prep time:163.383s
	build dgl blocks time:0.000s prepare input2 time 0.000s prepare mails time 0.000
call get 135 times, total time 0.0
call put 135 times, total time 0.0
Epoch 54:
	train loss:33803.2181  val ap:0.986523  val auc:0.988326
	total time:196.415s sample time:33.229s prep time:161.313s
	build dgl blocks time:0.000s prepare input2 time 0.000s prepare mails time 0.000
call get 135 times, total time 0.0
call put 135 times, total time 0.0
Epoch 55:
	train loss:33275.3747  val ap:0.987521  val auc:0.989283
	total time:177.899s sample time:29.876s prep time:146.178s
	build dgl blocks time:0.000s prepare input2 time 0.000s prepare mails time 0.000
call get 135 times, total time 0.0
call put 135 times, total time 0.0
Epoch 56:
	train loss:33419.8175  val ap:0.987843  val auc:0.989430
	total time:180.837s sample time:31.102s prep time:147.863s
	build dgl blocks time:0.000s prepare input2 time 0.000s prepare mails time 0.000
call get 135 times, total time 0.0
call put 135 times, total time 0.0
Epoch 57:
save model at epoch 57
	train loss:33320.9757  val ap:0.989388  val auc:0.990478
	total time:227.270s sample time:39.179s prep time:185.874s
	build dgl blocks time:0.000s prepare input2 time 0.000s prepare mails time 0.000
call get 135 times, total time 0.0
call put 135 times, total time 0.0
Epoch 58:
	train loss:32968.7726  val ap:0.988723  val auc:0.989729
	total time:260.865s sample time:44.081s prep time:214.587s
	build dgl blocks time:0.000s prepare input2 time 0.000s prepare mails time 0.000
call get 135 times, total time 0.0
call put 135 times, total time 0.0
Epoch 59:
save model at epoch 59
	train loss:32865.0593  val ap:0.989397  val auc:0.990668
	total time:225.745s sample time:38.507s prep time:185.274s
	build dgl blocks time:0.000s prepare input2 time 0.000s prepare mails time 0.000
call get 135 times, total time 0.0
call put 135 times, total time 0.0
Epoch 60:
	train loss:32210.5403  val ap:0.988657  val auc:0.989942
	total time:212.455s sample time:36.233s prep time:174.229s
	build dgl blocks time:0.000s prepare input2 time 0.000s prepare mails time 0.000
call get 135 times, total time 0.0
call put 135 times, total time 0.0
Epoch 61:
	train loss:32369.6798  val ap:0.989296  val auc:0.990496
	total time:229.969s sample time:39.567s prep time:188.304s
	build dgl blocks time:0.000s prepare input2 time 0.000s prepare mails time 0.000
call get 135 times, total time 0.0
call put 135 times, total time 0.0
Epoch 62:
	train loss:32464.0295  val ap:0.989330  val auc:0.990669
	total time:212.378s sample time:37.406s prep time:173.045s
	build dgl blocks time:0.000s prepare input2 time 0.000s prepare mails time 0.000
call get 135 times, total time 0.0
call put 135 times, total time 0.0
Epoch 63:
	train loss:32454.5101  val ap:0.988946  val auc:0.990289
	total time:191.535s sample time:30.983s prep time:158.596s
	build dgl blocks time:0.000s prepare input2 time 0.000s prepare mails time 0.000
call get 135 times, total time 0.0
call put 135 times, total time 0.0
Epoch 64:
	train loss:31742.8099  val ap:0.989233  val auc:0.990475
	total time:180.532s sample time:30.891s prep time:147.866s
	build dgl blocks time:0.000s prepare input2 time 0.000s prepare mails time 0.000
call get 135 times, total time 0.0
call put 135 times, total time 0.0
Epoch 65:
save model at epoch 65
	train loss:32035.4464  val ap:0.989476  val auc:0.990530
	total time:181.798s sample time:29.630s prep time:150.146s
	build dgl blocks time:0.000s prepare input2 time 0.000s prepare mails time 0.000
call get 135 times, total time 0.0
call put 135 times, total time 0.0
Epoch 66:
save model at epoch 66
	train loss:31879.8732  val ap:0.989533  val auc:0.990753
	total time:172.362s sample time:29.330s prep time:141.295s
	build dgl blocks time:0.000s prepare input2 time 0.000s prepare mails time 0.000
call get 135 times, total time 0.0
call put 135 times, total time 0.0
Epoch 67:
save model at epoch 67
	train loss:31567.2257  val ap:0.989902  val auc:0.990985
	total time:194.165s sample time:33.293s prep time:159.085s
	build dgl blocks time:0.000s prepare input2 time 0.000s prepare mails time 0.000
call get 135 times, total time 0.0
call put 135 times, total time 0.0
Epoch 68:
	train loss:31776.3996  val ap:0.989462  val auc:0.990908
	total time:191.839s sample time:33.464s prep time:156.368s
	build dgl blocks time:0.000s prepare input2 time 0.000s prepare mails time 0.000
call get 135 times, total time 0.0
call put 135 times, total time 0.0
Epoch 69:
	train loss:31655.5649  val ap:0.989854  val auc:0.990842
	total time:184.071s sample time:32.177s prep time:150.092s
	build dgl blocks time:0.000s prepare input2 time 0.000s prepare mails time 0.000
call get 135 times, total time 0.0
call put 135 times, total time 0.0
Epoch 70:
	train loss:31213.5653  val ap:0.989105  val auc:0.990550
	total time:200.834s sample time:35.200s prep time:163.870s
	build dgl blocks time:0.000s prepare input2 time 0.000s prepare mails time 0.000
call get 135 times, total time 0.0
call put 135 times, total time 0.0
Epoch 71:
	train loss:31252.4717  val ap:0.989151  val auc:0.990422
	total time:182.159s sample time:31.323s prep time:149.165s
	build dgl blocks time:0.000s prepare input2 time 0.000s prepare mails time 0.000
call get 135 times, total time 0.0
call put 135 times, total time 0.0
Epoch 72:
	train loss:30845.4446  val ap:0.988822  val auc:0.990428
	total time:214.322s sample time:35.609s prep time:176.885s
	build dgl blocks time:0.000s prepare input2 time 0.000s prepare mails time 0.000
call get 135 times, total time 0.0
call put 135 times, total time 0.0
Epoch 73:
save model at epoch 73
	train loss:30834.5285  val ap:0.990444  val auc:0.991303
	total time:180.827s sample time:30.972s prep time:148.155s
	build dgl blocks time:0.000s prepare input2 time 0.000s prepare mails time 0.000
call get 135 times, total time 0.0
call put 135 times, total time 0.0
Epoch 74:
	train loss:30897.9842  val ap:0.990108  val auc:0.991122
	total time:175.324s sample time:30.063s prep time:143.773s
	build dgl blocks time:0.000s prepare input2 time 0.000s prepare mails time 0.000
call get 135 times, total time 0.0
call put 135 times, total time 0.0
Epoch 75:
	train loss:30680.7069  val ap:0.990149  val auc:0.991383
	total time:164.824s sample time:27.792s prep time:135.466s
	build dgl blocks time:0.000s prepare input2 time 0.000s prepare mails time 0.000
call get 135 times, total time 0.0
call put 135 times, total time 0.0
Epoch 76:
save model at epoch 76
	train loss:30581.3203  val ap:0.990550  val auc:0.991500
	total time:145.567s sample time:24.676s prep time:119.116s
	build dgl blocks time:0.000s prepare input2 time 0.000s prepare mails time 0.000
call get 135 times, total time 0.0
call put 135 times, total time 0.0
Epoch 77:
save model at epoch 77
	train loss:30600.4803  val ap:0.990628  val auc:0.991768
	total time:156.887s sample time:25.936s prep time:129.216s
	build dgl blocks time:0.000s prepare input2 time 0.000s prepare mails time 0.000
call get 135 times, total time 0.0
call put 135 times, total time 0.0
Epoch 78:
save model at epoch 78
	train loss:30196.9054  val ap:0.991016  val auc:0.991936
	total time:147.326s sample time:25.049s prep time:120.633s
	build dgl blocks time:0.000s prepare input2 time 0.000s prepare mails time 0.000
call get 135 times, total time 0.0
call put 135 times, total time 0.0
Epoch 79:
	train loss:30069.2372  val ap:0.990787  val auc:0.991698
	total time:211.091s sample time:35.345s prep time:173.631s
	build dgl blocks time:0.000s prepare input2 time 0.000s prepare mails time 0.000
call get 135 times, total time 0.0
call put 135 times, total time 0.0
average statistics: 
	 average_prep time: 111.01901051104069
	 time_total 135.736 s
	total sample time: 28.129 s
	total sample node: 401559.0, self._n_sample_per_node [10]
	 time_forward: 0.457
	 time_memory: 8.218
	 time_message: 8.081
	 time_backward 0.860s
	 time_message 80.233s
Loading model at epoch 78...
	test AP:0.990766  test AUC:0.992326
