has edge feature
total 470713 for train, can cache 131072, 0.2784541748368964%
Epoch 0:
save model at epoch 0
	train loss:182346.3292  val ap:0.986942  val auc:0.989753
	total time:128.209s sample time:18.751s prep time:102.982s
	build dgl blocks time:0.000s prepare input2 time 0.000s prepare mails time 0.000
call get 573 times, total time 0.0
call put 573 times, total time 0.0
Epoch 1:
save model at epoch 1
	train loss:120387.5369  val ap:0.988602  val auc:0.991851
	total time:430.328s sample time:73.230s prep time:349.703s
	build dgl blocks time:0.000s prepare input2 time 0.000s prepare mails time 0.000
call get 573 times, total time 0.0
call put 573 times, total time 0.0
Epoch 2:
save model at epoch 2
	train loss:108048.2210  val ap:0.990367  val auc:0.992716
	total time:430.806s sample time:71.907s prep time:351.722s
	build dgl blocks time:0.000s prepare input2 time 0.000s prepare mails time 0.000
call get 573 times, total time 0.0
call put 573 times, total time 0.0
Epoch 3:
save model at epoch 3
	train loss:95635.4655  val ap:0.991956  val auc:0.994089
	total time:435.992s sample time:73.390s prep time:355.446s
	build dgl blocks time:0.000s prepare input2 time 0.000s prepare mails time 0.000
call get 573 times, total time 0.0
call put 573 times, total time 0.0
Epoch 4:
save model at epoch 4
	train loss:90181.6653  val ap:0.992892  val auc:0.994494
	total time:465.696s sample time:79.149s prep time:378.955s
	build dgl blocks time:0.000s prepare input2 time 0.000s prepare mails time 0.000
call get 573 times, total time 0.0
call put 573 times, total time 0.0
Epoch 5:
save model at epoch 5
	train loss:83125.6135  val ap:0.993905  val auc:0.995498
	total time:440.644s sample time:73.593s prep time:359.577s
	build dgl blocks time:0.000s prepare input2 time 0.000s prepare mails time 0.000
call get 573 times, total time 0.0
call put 573 times, total time 0.0
Epoch 6:
save model at epoch 6
	train loss:79191.3504  val ap:0.994479  val auc:0.995858
	total time:437.448s sample time:74.781s prep time:355.801s
	build dgl blocks time:0.000s prepare input2 time 0.000s prepare mails time 0.000
call get 573 times, total time 0.0
call put 573 times, total time 0.0
Epoch 7:
save model at epoch 7
	train loss:77610.2273  val ap:0.994779  val auc:0.996108
	total time:845.759s sample time:145.970s prep time:691.356s
	build dgl blocks time:0.000s prepare input2 time 0.000s prepare mails time 0.000
call get 573 times, total time 0.0
call put 573 times, total time 0.0
Epoch 8:
save model at epoch 8
	train loss:73221.5894  val ap:0.995432  val auc:0.996428
	total time:1724.650s sample time:290.534s prep time:1420.230s
	build dgl blocks time:0.000s prepare input2 time 0.000s prepare mails time 0.000
call get 573 times, total time 0.0
call put 573 times, total time 0.0
Epoch 9:
save model at epoch 9
	train loss:71034.9731  val ap:0.996017  val auc:0.996837
	total time:2253.371s sample time:383.300s prep time:1852.201s
	build dgl blocks time:0.000s prepare input2 time 0.000s prepare mails time 0.000
call get 573 times, total time 0.0
call put 573 times, total time 0.0
Epoch 10:
	train loss:68780.6526  val ap:0.995857  val auc:0.996744
	total time:2290.555s sample time:382.470s prep time:1888.862s
	build dgl blocks time:0.000s prepare input2 time 0.000s prepare mails time 0.000
call get 573 times, total time 0.0
call put 573 times, total time 0.0
Epoch 11:
save model at epoch 11
	train loss:68655.9295  val ap:0.996135  val auc:0.996886
	total time:2143.556s sample time:362.557s prep time:1760.509s
	build dgl blocks time:0.000s prepare input2 time 0.000s prepare mails time 0.000
call get 573 times, total time 0.0
call put 573 times, total time 0.0
Epoch 12:
save model at epoch 12
	train loss:67833.6417  val ap:0.996155  val auc:0.996942
	total time:1887.665s sample time:316.452s prep time:1550.321s
	build dgl blocks time:0.000s prepare input2 time 0.000s prepare mails time 0.000
call get 573 times, total time 0.0
call put 573 times, total time 0.0
Epoch 13:
save model at epoch 13
	train loss:65970.2789  val ap:0.996514  val auc:0.997093
	total time:1839.159s sample time:308.859s prep time:1506.244s
	build dgl blocks time:0.000s prepare input2 time 0.000s prepare mails time 0.000
call get 573 times, total time 0.0
call put 573 times, total time 0.0
Epoch 14:
save model at epoch 14
	train loss:64500.4675  val ap:0.996613  val auc:0.997170
	total time:1889.513s sample time:320.282s prep time:1543.889s
	build dgl blocks time:0.000s prepare input2 time 0.000s prepare mails time 0.000
call get 573 times, total time 0.0
call put 573 times, total time 0.0
Epoch 15:
	train loss:65180.4338  val ap:0.996560  val auc:0.997087
	total time:1847.619s sample time:312.398s prep time:1509.914s
	build dgl blocks time:0.000s prepare input2 time 0.000s prepare mails time 0.000
call get 573 times, total time 0.0
call put 573 times, total time 0.0
Epoch 16:
save model at epoch 16
	train loss:63804.3325  val ap:0.996676  val auc:0.997256
	total time:1937.101s sample time:323.175s prep time:1580.716s
	build dgl blocks time:0.000s prepare input2 time 0.000s prepare mails time 0.000
call get 573 times, total time 0.0
call put 573 times, total time 0.0
Epoch 17:
	train loss:63267.8529  val ap:0.996605  val auc:0.997204
	total time:1685.754s sample time:283.814s prep time:1371.367s
	build dgl blocks time:0.000s prepare input2 time 0.000s prepare mails time 0.000
call get 573 times, total time 0.0
call put 573 times, total time 0.0
Epoch 18:
save model at epoch 18
	train loss:62637.9465  val ap:0.996818  val auc:0.997401
	total time:2064.939s sample time:350.623s prep time:1680.927s
	build dgl blocks time:0.000s prepare input2 time 0.000s prepare mails time 0.000
call get 573 times, total time 0.0
call put 573 times, total time 0.0
Epoch 19:
	train loss:61534.5771  val ap:0.996817  val auc:0.997355
	total time:2097.931s sample time:354.417s prep time:1710.422s
	build dgl blocks time:0.000s prepare input2 time 0.000s prepare mails time 0.000
call get 573 times, total time 0.0
call put 573 times, total time 0.0
Epoch 20:
save model at epoch 20
	train loss:61905.5105  val ap:0.997036  val auc:0.997464
	total time:1901.192s sample time:319.059s prep time:1551.162s
	build dgl blocks time:0.000s prepare input2 time 0.000s prepare mails time 0.000
call get 573 times, total time 0.0
call put 573 times, total time 0.0
Epoch 21:
	train loss:61584.6364  val ap:0.996960  val auc:0.997492
	total time:1286.493s sample time:214.460s prep time:1045.700s
	build dgl blocks time:0.000s prepare input2 time 0.000s prepare mails time 0.000
call get 573 times, total time 0.0
call put 573 times, total time 0.0
Epoch 22:
save model at epoch 22
	train loss:60019.0724  val ap:0.997114  val auc:0.997655
	total time:1085.349s sample time:181.253s prep time:876.548s
	build dgl blocks time:0.000s prepare input2 time 0.000s prepare mails time 0.000
call get 573 times, total time 0.0
call put 573 times, total time 0.0
Epoch 23:
save model at epoch 23
	train loss:59908.7693  val ap:0.997225  val auc:0.997769
	total time:971.156s sample time:159.917s prep time:787.429s
	build dgl blocks time:0.000s prepare input2 time 0.000s prepare mails time 0.000
call get 573 times, total time 0.0
call put 573 times, total time 0.0
Epoch 24:
save model at epoch 24
	train loss:59885.0573  val ap:0.997271  val auc:0.997695
	total time:692.325s sample time:113.418s prep time:561.386s
	build dgl blocks time:0.000s prepare input2 time 0.000s prepare mails time 0.000
call get 573 times, total time 0.0
call put 573 times, total time 0.0
Epoch 25:
	train loss:59023.8518  val ap:0.997235  val auc:0.997753
	total time:771.221s sample time:125.529s prep time:627.922s
	build dgl blocks time:0.000s prepare input2 time 0.000s prepare mails time 0.000
call get 573 times, total time 0.0
call put 573 times, total time 0.0
Epoch 26:
save model at epoch 26
	train loss:58406.1029  val ap:0.997421  val auc:0.997881
	total time:802.180s sample time:131.858s prep time:652.501s
	build dgl blocks time:0.000s prepare input2 time 0.000s prepare mails time 0.000
call get 573 times, total time 0.0
call put 573 times, total time 0.0
Epoch 27:
