has edge feature
total 110232 for train, can cache 131072, 1.1890558095652806%
Epoch 0:
save model at epoch 0
	train loss:128407.8548  val ap:0.886359  val auc:0.925020
	total time:240.422s sample time:40.418s prep time:196.764s
	build dgl blocks time:0.000s prepare input2 time 0.000s prepare mails time 0.000
call get 135 times, total time 0.0
call put 135 times, total time 0.0
Epoch 1:
	train loss:80139.8086  val ap:0.861657  val auc:0.928597
	total time:256.506s sample time:42.983s prep time:210.351s
	build dgl blocks time:0.000s prepare input2 time 0.000s prepare mails time 0.000
call get 135 times, total time 0.0
call put 135 times, total time 0.0
Epoch 2:
	train loss:67806.5436  val ap:0.862932  val auc:0.929654
	total time:253.911s sample time:43.864s prep time:207.370s
	build dgl blocks time:0.000s prepare input2 time 0.000s prepare mails time 0.000
call get 135 times, total time 0.0
call put 135 times, total time 0.0
Epoch 3:
	train loss:62350.9974  val ap:0.873845  val auc:0.934205
	total time:251.763s sample time:42.117s prep time:207.248s
	build dgl blocks time:0.000s prepare input2 time 0.000s prepare mails time 0.000
call get 135 times, total time 0.0
call put 135 times, total time 0.0
Epoch 4:
	train loss:59947.5451  val ap:0.879979  val auc:0.936849
	total time:253.134s sample time:43.038s prep time:207.083s
	build dgl blocks time:0.000s prepare input2 time 0.000s prepare mails time 0.000
call get 135 times, total time 0.0
call put 135 times, total time 0.0
Epoch 5:
	train loss:57397.9173  val ap:0.885562  val auc:0.937791
	total time:251.220s sample time:43.042s prep time:206.277s
	build dgl blocks time:0.000s prepare input2 time 0.000s prepare mails time 0.000
call get 135 times, total time 0.0
call put 135 times, total time 0.0
Epoch 6:
save model at epoch 6
	train loss:56632.3614  val ap:0.902133  val auc:0.944615
	total time:250.485s sample time:42.356s prep time:205.634s
	build dgl blocks time:0.000s prepare input2 time 0.000s prepare mails time 0.000
call get 135 times, total time 0.0
call put 135 times, total time 0.0
Epoch 7:
	train loss:55436.4623  val ap:0.899294  val auc:0.941160
	total time:251.564s sample time:42.386s prep time:206.645s
	build dgl blocks time:0.000s prepare input2 time 0.000s prepare mails time 0.000
call get 135 times, total time 0.0
call put 135 times, total time 0.0
Epoch 8:
save model at epoch 8
	train loss:54626.3927  val ap:0.912967  val auc:0.946231
	total time:250.003s sample time:42.203s prep time:205.658s
	build dgl blocks time:0.000s prepare input2 time 0.000s prepare mails time 0.000
call get 135 times, total time 0.0
call put 135 times, total time 0.0
Epoch 9:
save model at epoch 9
	train loss:54025.9418  val ap:0.914097  val auc:0.945401
	total time:267.521s sample time:45.525s prep time:219.394s
	build dgl blocks time:0.000s prepare input2 time 0.000s prepare mails time 0.000
call get 135 times, total time 0.0
call put 135 times, total time 0.0
Epoch 10:
save model at epoch 10
	train loss:53432.9681  val ap:0.920439  val auc:0.948768
	total time:285.823s sample time:48.839s prep time:234.685s
	build dgl blocks time:0.000s prepare input2 time 0.000s prepare mails time 0.000
call get 135 times, total time 0.0
call put 135 times, total time 0.0
Epoch 11:
save model at epoch 11
	train loss:52143.0418  val ap:0.921776  val auc:0.948273
	total time:285.614s sample time:48.669s prep time:234.720s
	build dgl blocks time:0.000s prepare input2 time 0.000s prepare mails time 0.000
call get 135 times, total time 0.0
call put 135 times, total time 0.0
Epoch 12:
save model at epoch 12
	train loss:52494.7774  val ap:0.925792  val auc:0.949963
	total time:290.611s sample time:49.704s prep time:238.499s
	build dgl blocks time:0.000s prepare input2 time 0.000s prepare mails time 0.000
call get 135 times, total time 0.0
call put 135 times, total time 0.0
Epoch 13:
save model at epoch 13
	train loss:51338.3956  val ap:0.930965  val auc:0.952611
	total time:291.880s sample time:49.156s prep time:240.602s
	build dgl blocks time:0.000s prepare input2 time 0.000s prepare mails time 0.000
call get 135 times, total time 0.0
call put 135 times, total time 0.0
Epoch 14:
save model at epoch 14
	train loss:51157.5100  val ap:0.932536  val auc:0.954499
	total time:302.697s sample time:50.840s prep time:249.223s
	build dgl blocks time:0.000s prepare input2 time 0.000s prepare mails time 0.000
call get 135 times, total time 0.0
call put 135 times, total time 0.0
Epoch 15:
save model at epoch 15
	train loss:50796.9311  val ap:0.937413  val auc:0.956494
	total time:363.110s sample time:61.248s prep time:298.971s
	build dgl blocks time:0.000s prepare input2 time 0.000s prepare mails time 0.000
call get 135 times, total time 0.0
call put 135 times, total time 0.0
Epoch 16:
save model at epoch 16
	train loss:50481.6244  val ap:0.944715  val auc:0.960089
	total time:444.957s sample time:76.642s prep time:364.927s
	build dgl blocks time:0.000s prepare input2 time 0.000s prepare mails time 0.000
call get 135 times, total time 0.0
call put 135 times, total time 0.0
Epoch 17:
save model at epoch 17
	train loss:49397.7203  val ap:0.950950  val auc:0.965509
	total time:520.886s sample time:86.957s prep time:429.825s
	build dgl blocks time:0.000s prepare input2 time 0.000s prepare mails time 0.000
call get 135 times, total time 0.0
call put 135 times, total time 0.0
Epoch 18:
save model at epoch 18
	train loss:48322.5347  val ap:0.951405  val auc:0.965554
	total time:524.703s sample time:88.899s prep time:431.528s
	build dgl blocks time:0.000s prepare input2 time 0.000s prepare mails time 0.000
call get 135 times, total time 0.0
call put 135 times, total time 0.0
Epoch 19:
save model at epoch 19
	train loss:47494.1456  val ap:0.960508  val auc:0.972082
	total time:547.125s sample time:89.856s prep time:453.333s
	build dgl blocks time:0.000s prepare input2 time 0.000s prepare mails time 0.000
call get 135 times, total time 0.0
call put 135 times, total time 0.0
Epoch 20:
save model at epoch 20
	train loss:46323.6752  val ap:0.964953  val auc:0.974559
	total time:517.692s sample time:88.333s prep time:425.047s
	build dgl blocks time:0.000s prepare input2 time 0.000s prepare mails time 0.000
call get 135 times, total time 0.0
call put 135 times, total time 0.0
Epoch 21:
	train loss:44584.1122  val ap:0.964580  val auc:0.975675
	total time:524.526s sample time:87.250s prep time:433.392s
	build dgl blocks time:0.000s prepare input2 time 0.000s prepare mails time 0.000
call get 135 times, total time 0.0
call put 135 times, total time 0.0
Epoch 22:
save model at epoch 22
	train loss:44366.1069  val ap:0.965602  val auc:0.976262
	total time:523.856s sample time:88.003s prep time:431.720s
	build dgl blocks time:0.000s prepare input2 time 0.000s prepare mails time 0.000
call get 135 times, total time 0.0
call put 135 times, total time 0.0
Epoch 23:
save model at epoch 23
	train loss:43390.3391  val ap:0.966082  val auc:0.976007
	total time:521.413s sample time:89.341s prep time:428.277s
	build dgl blocks time:0.000s prepare input2 time 0.000s prepare mails time 0.000
call get 135 times, total time 0.0
call put 135 times, total time 0.0
Epoch 24:
save model at epoch 24
	train loss:43005.2675  val ap:0.968374  val auc:0.977290
	total time:543.406s sample time:88.215s prep time:451.401s
	build dgl blocks time:0.000s prepare input2 time 0.000s prepare mails time 0.000
call get 135 times, total time 0.0
call put 135 times, total time 0.0
Epoch 25:
save model at epoch 25
	train loss:42617.6049  val ap:0.969325  val auc:0.978689
	total time:537.647s sample time:89.507s prep time:444.117s
	build dgl blocks time:0.000s prepare input2 time 0.000s prepare mails time 0.000
call get 135 times, total time 0.0
call put 135 times, total time 0.0
Epoch 26:
save model at epoch 26
	train loss:42562.0428  val ap:0.970763  val auc:0.979348
	total time:545.195s sample time:93.001s prep time:447.995s
	build dgl blocks time:0.000s prepare input2 time 0.000s prepare mails time 0.000
call get 135 times, total time 0.0
call put 135 times, total time 0.0
Epoch 27:
	train loss:41213.2641  val ap:0.970707  val auc:0.978681
	total time:531.088s sample time:89.660s prep time:437.455s
	build dgl blocks time:0.000s prepare input2 time 0.000s prepare mails time 0.000
call get 135 times, total time 0.0
call put 135 times, total time 0.0
Epoch 28:
save model at epoch 28
	train loss:41131.6884  val ap:0.971542  val auc:0.979385
	total time:524.332s sample time:89.598s prep time:430.718s
	build dgl blocks time:0.000s prepare input2 time 0.000s prepare mails time 0.000
call get 135 times, total time 0.0
call put 135 times, total time 0.0
Epoch 29:
save model at epoch 29
	train loss:40417.5856  val ap:0.972369  val auc:0.979502
	total time:466.188s sample time:80.528s prep time:381.127s
	build dgl blocks time:0.000s prepare input2 time 0.000s prepare mails time 0.000
call get 135 times, total time 0.0
call put 135 times, total time 0.0
Epoch 30:
save model at epoch 30
	train loss:40529.7962  val ap:0.972551  val auc:0.980746
	total time:438.462s sample time:75.146s prep time:358.588s
	build dgl blocks time:0.000s prepare input2 time 0.000s prepare mails time 0.000
call get 135 times, total time 0.0
call put 135 times, total time 0.0
Epoch 31:
save model at epoch 31
	train loss:39502.5034  val ap:0.974273  val auc:0.981453
	total time:440.298s sample time:74.886s prep time:360.808s
	build dgl blocks time:0.000s prepare input2 time 0.000s prepare mails time 0.000
call get 135 times, total time 0.0
call put 135 times, total time 0.0
Epoch 32:
save model at epoch 32
	train loss:39498.0657  val ap:0.975117  val auc:0.981529
	total time:442.092s sample time:76.402s prep time:360.929s
	build dgl blocks time:0.000s prepare input2 time 0.000s prepare mails time 0.000
call get 135 times, total time 0.0
call put 135 times, total time 0.0
Epoch 33:
	train loss:39333.9382  val ap:0.974876  val auc:0.981650
	total time:439.635s sample time:75.600s prep time:360.483s
	build dgl blocks time:0.000s prepare input2 time 0.000s prepare mails time 0.000
call get 135 times, total time 0.0
call put 135 times, total time 0.0
Epoch 34:
save model at epoch 34
	train loss:38832.6852  val ap:0.976768  val auc:0.982531
	total time:438.454s sample time:76.028s prep time:357.480s
	build dgl blocks time:0.000s prepare input2 time 0.000s prepare mails time 0.000
call get 135 times, total time 0.0
call put 135 times, total time 0.0
Epoch 35:
save model at epoch 35
	train loss:38419.3461  val ap:0.977790  val auc:0.983342
	total time:431.580s sample time:73.115s prep time:352.567s
	build dgl blocks time:0.000s prepare input2 time 0.000s prepare mails time 0.000
call get 135 times, total time 0.0
call put 135 times, total time 0.0
Epoch 36:
	train loss:38109.4746  val ap:0.976295  val auc:0.982684
	total time:428.871s sample time:72.742s prep time:350.052s
	build dgl blocks time:0.000s prepare input2 time 0.000s prepare mails time 0.000
call get 135 times, total time 0.0
call put 135 times, total time 0.0
Epoch 37:
	train loss:37812.6358  val ap:0.977605  val auc:0.983317
	total time:443.907s sample time:77.311s prep time:362.043s
	build dgl blocks time:0.000s prepare input2 time 0.000s prepare mails time 0.000
call get 135 times, total time 0.0
call put 135 times, total time 0.0
Epoch 38:
	train loss:37318.5207  val ap:0.977046  val auc:0.982966
	total time:436.212s sample time:73.732s prep time:357.036s
	build dgl blocks time:0.000s prepare input2 time 0.000s prepare mails time 0.000
call get 135 times, total time 0.0
call put 135 times, total time 0.0
Epoch 39:
save model at epoch 39
	train loss:37339.2694  val ap:0.980426  val auc:0.985358
	total time:440.339s sample time:73.550s prep time:361.560s
	build dgl blocks time:0.000s prepare input2 time 0.000s prepare mails time 0.000
call get 135 times, total time 0.0
call put 135 times, total time 0.0
Epoch 40:
	train loss:37209.1118  val ap:0.979350  val auc:0.984607
	total time:448.180s sample time:74.936s prep time:367.424s
	build dgl blocks time:0.000s prepare input2 time 0.000s prepare mails time 0.000
call get 135 times, total time 0.0
call put 135 times, total time 0.0
Epoch 41:
	train loss:36742.1628  val ap:0.979729  val auc:0.985004
	total time:443.222s sample time:74.224s prep time:364.182s
	build dgl blocks time:0.000s prepare input2 time 0.000s prepare mails time 0.000
call get 135 times, total time 0.0
call put 135 times, total time 0.0
Epoch 42:
	train loss:36965.7032  val ap:0.979969  val auc:0.984919
	total time:445.022s sample time:75.631s prep time:362.707s
	build dgl blocks time:0.000s prepare input2 time 0.000s prepare mails time 0.000
call get 135 times, total time 0.0
call put 135 times, total time 0.0
Epoch 43:
save model at epoch 43
	train loss:36518.0813  val ap:0.982385  val auc:0.986200
	total time:439.048s sample time:74.299s prep time:358.893s
	build dgl blocks time:0.000s prepare input2 time 0.000s prepare mails time 0.000
call get 135 times, total time 0.0
call put 135 times, total time 0.0
Epoch 44:
	train loss:36322.9164  val ap:0.981065  val auc:0.985766
	total time:446.315s sample time:73.394s prep time:366.814s
	build dgl blocks time:0.000s prepare input2 time 0.000s prepare mails time 0.000
call get 135 times, total time 0.0
call put 135 times, total time 0.0
Epoch 45:
save model at epoch 45
	train loss:35731.8638  val ap:0.982710  val auc:0.986466
	total time:434.450s sample time:71.686s prep time:355.431s
	build dgl blocks time:0.000s prepare input2 time 0.000s prepare mails time 0.000
call get 135 times, total time 0.0
call put 135 times, total time 0.0
Epoch 46:
	train loss:35836.0651  val ap:0.981788  val auc:0.986118
	total time:439.075s sample time:72.785s prep time:359.406s
	build dgl blocks time:0.000s prepare input2 time 0.000s prepare mails time 0.000
call get 135 times, total time 0.0
call put 135 times, total time 0.0
Epoch 47:
save model at epoch 47
	train loss:35373.5806  val ap:0.984455  val auc:0.987733
	total time:458.101s sample time:74.189s prep time:377.325s
	build dgl blocks time:0.000s prepare input2 time 0.000s prepare mails time 0.000
call get 135 times, total time 0.0
call put 135 times, total time 0.0
Epoch 48:
save model at epoch 48
	train loss:35555.1054  val ap:0.984491  val auc:0.987755
	total time:450.004s sample time:75.011s prep time:368.079s
	build dgl blocks time:0.000s prepare input2 time 0.000s prepare mails time 0.000
call get 135 times, total time 0.0
call put 135 times, total time 0.0
Epoch 49:
	train loss:35007.6066  val ap:0.983908  val auc:0.987290
	total time:467.261s sample time:79.152s prep time:379.323s
	build dgl blocks time:0.000s prepare input2 time 0.000s prepare mails time 0.000
call get 135 times, total time 0.0
call put 135 times, total time 0.0
Epoch 50:
save model at epoch 50
	train loss:34927.5555  val ap:0.984813  val auc:0.987829
	total time:472.456s sample time:78.732s prep time:384.717s
	build dgl blocks time:0.000s prepare input2 time 0.000s prepare mails time 0.000
call get 135 times, total time 0.0
call put 135 times, total time 0.0
Epoch 51:
	train loss:34703.7431  val ap:0.984396  val auc:0.987609
	total time:455.964s sample time:76.688s prep time:370.198s
	build dgl blocks time:0.000s prepare input2 time 0.000s prepare mails time 0.000
call get 135 times, total time 0.0
call put 135 times, total time 0.0
Epoch 52:
save model at epoch 52
	train loss:34930.3530  val ap:0.986050  val auc:0.988495
	total time:333.978s sample time:53.873s prep time:272.522s
	build dgl blocks time:0.000s prepare input2 time 0.000s prepare mails time 0.000
call get 135 times, total time 0.0
call put 135 times, total time 0.0
Epoch 53:
save model at epoch 53
	train loss:34295.8842  val ap:0.986393  val auc:0.988663
	total time:390.971s sample time:64.298s prep time:318.718s
	build dgl blocks time:0.000s prepare input2 time 0.000s prepare mails time 0.000
call get 135 times, total time 0.0
call put 135 times, total time 0.0
Epoch 54:
	train loss:33932.9862  val ap:0.985274  val auc:0.988030
	total time:445.207s sample time:74.133s prep time:362.839s
	build dgl blocks time:0.000s prepare input2 time 0.000s prepare mails time 0.000
call get 135 times, total time 0.0
call put 135 times, total time 0.0
Epoch 55:
	train loss:34424.1869  val ap:0.984071  val auc:0.987227
	total time:430.948s sample time:70.801s prep time:351.881s
	build dgl blocks time:0.000s prepare input2 time 0.000s prepare mails time 0.000
call get 135 times, total time 0.0
call put 135 times, total time 0.0
Epoch 56:
	train loss:33743.3838  val ap:0.985641  val auc:0.988476
	total time:454.799s sample time:75.903s prep time:370.662s
	build dgl blocks time:0.000s prepare input2 time 0.000s prepare mails time 0.000
call get 135 times, total time 0.0
call put 135 times, total time 0.0
Epoch 57:
save model at epoch 57
	train loss:34206.4952  val ap:0.986494  val auc:0.988950
	total time:491.592s sample time:82.045s prep time:402.355s
	build dgl blocks time:0.000s prepare input2 time 0.000s prepare mails time 0.000
call get 135 times, total time 0.0
call put 135 times, total time 0.0
Epoch 58:
save model at epoch 58
	train loss:33709.5251  val ap:0.986507  val auc:0.988976
	total time:497.623s sample time:82.287s prep time:406.158s
	build dgl blocks time:0.000s prepare input2 time 0.000s prepare mails time 0.000
call get 135 times, total time 0.0
call put 135 times, total time 0.0
Epoch 59:
	train loss:33703.6885  val ap:0.986423  val auc:0.988774
	total time:492.400s sample time:83.397s prep time:401.504s
	build dgl blocks time:0.000s prepare input2 time 0.000s prepare mails time 0.000
call get 135 times, total time 0.0
call put 135 times, total time 0.0
Epoch 60:
save model at epoch 60
	train loss:33528.5735  val ap:0.986695  val auc:0.989281
	total time:498.252s sample time:83.990s prep time:405.671s
	build dgl blocks time:0.000s prepare input2 time 0.000s prepare mails time 0.000
call get 135 times, total time 0.0
call put 135 times, total time 0.0
Epoch 61:
save model at epoch 61
	train loss:33105.2665  val ap:0.988179  val auc:0.990026
	total time:486.585s sample time:81.546s prep time:397.197s
	build dgl blocks time:0.000s prepare input2 time 0.000s prepare mails time 0.000
call get 135 times, total time 0.0
call put 135 times, total time 0.0
Epoch 62:
save model at epoch 62
	train loss:33191.2347  val ap:0.988224  val auc:0.989844
	total time:494.967s sample time:85.159s prep time:401.107s
	build dgl blocks time:0.000s prepare input2 time 0.000s prepare mails time 0.000
call get 135 times, total time 0.0
call put 135 times, total time 0.0
Epoch 63:
	train loss:33196.5113  val ap:0.987648  val auc:0.989433
	total time:492.203s sample time:81.212s prep time:402.849s
	build dgl blocks time:0.000s prepare input2 time 0.000s prepare mails time 0.000
call get 135 times, total time 0.0
call put 135 times, total time 0.0
Epoch 64:
	train loss:32681.8399  val ap:0.987343  val auc:0.989442
	total time:501.919s sample time:84.916s prep time:409.962s
	build dgl blocks time:0.000s prepare input2 time 0.000s prepare mails time 0.000
call get 135 times, total time 0.0
call put 135 times, total time 0.0
Epoch 65:
save model at epoch 65
	train loss:32558.8932  val ap:0.988243  val auc:0.989874
	total time:497.450s sample time:81.355s prep time:408.436s
	build dgl blocks time:0.000s prepare input2 time 0.000s prepare mails time 0.000
call get 135 times, total time 0.0
call put 135 times, total time 0.0
Epoch 66:
	train loss:32375.7217  val ap:0.987824  val auc:0.989462
	total time:483.714s sample time:81.313s prep time:395.382s
	build dgl blocks time:0.000s prepare input2 time 0.000s prepare mails time 0.000
call get 135 times, total time 0.0
call put 135 times, total time 0.0
Epoch 67:
	train loss:31919.1308  val ap:0.988073  val auc:0.989730
	total time:384.807s sample time:63.274s prep time:315.072s
	build dgl blocks time:0.000s prepare input2 time 0.000s prepare mails time 0.000
call get 135 times, total time 0.0
call put 135 times, total time 0.0
Epoch 68:
save model at epoch 68
	train loss:32117.1413  val ap:0.989012  val auc:0.990397
	total time:377.613s sample time:64.711s prep time:305.902s
	build dgl blocks time:0.000s prepare input2 time 0.000s prepare mails time 0.000
call get 135 times, total time 0.0
call put 135 times, total time 0.0
Epoch 69:
	train loss:31727.1450  val ap:0.987904  val auc:0.989724
	total time:380.127s sample time:63.331s prep time:309.670s
	build dgl blocks time:0.000s prepare input2 time 0.000s prepare mails time 0.000
call get 135 times, total time 0.0
call put 135 times, total time 0.0
Epoch 70:
save model at epoch 70
	train loss:32123.4730  val ap:0.989115  val auc:0.990573
	total time:285.999s sample time:48.102s prep time:231.593s
	build dgl blocks time:0.000s prepare input2 time 0.000s prepare mails time 0.000
call get 135 times, total time 0.0
call put 135 times, total time 0.0
Epoch 71:
	train loss:31981.0735  val ap:0.988929  val auc:0.990655
	total time:279.063s sample time:46.100s prep time:226.251s
	build dgl blocks time:0.000s prepare input2 time 0.000s prepare mails time 0.000
call get 135 times, total time 0.0
call put 135 times, total time 0.0
Epoch 72:
	train loss:31703.9013  val ap:0.988390  val auc:0.990062
	total time:269.233s sample time:42.328s prep time:219.528s
	build dgl blocks time:0.000s prepare input2 time 0.000s prepare mails time 0.000
call get 135 times, total time 0.0
call put 135 times, total time 0.0
Epoch 73:
save model at epoch 73
	train loss:31868.1083  val ap:0.990163  val auc:0.991109
	total time:269.861s sample time:43.664s prep time:219.674s
	build dgl blocks time:0.000s prepare input2 time 0.000s prepare mails time 0.000
call get 135 times, total time 0.0
call put 135 times, total time 0.0
Epoch 74:
	train loss:31400.9665  val ap:0.989041  val auc:0.990241
	total time:272.467s sample time:43.972s prep time:222.079s
	build dgl blocks time:0.000s prepare input2 time 0.000s prepare mails time 0.000
call get 135 times, total time 0.0
call put 135 times, total time 0.0
Epoch 75:
	train loss:31447.9173  val ap:0.989446  val auc:0.990913
	total time:262.185s sample time:43.359s prep time:212.116s
	build dgl blocks time:0.000s prepare input2 time 0.000s prepare mails time 0.000
call get 135 times, total time 0.0
call put 135 times, total time 0.0
Epoch 76:
	train loss:31354.0107  val ap:0.989208  val auc:0.990946
	total time:255.526s sample time:40.096s prep time:208.728s
	build dgl blocks time:0.000s prepare input2 time 0.000s prepare mails time 0.000
call get 135 times, total time 0.0
call put 135 times, total time 0.0
Epoch 77:
	train loss:31072.5736  val ap:0.989231  val auc:0.990446
	total time:255.612s sample time:41.351s prep time:207.068s
	build dgl blocks time:0.000s prepare input2 time 0.000s prepare mails time 0.000
call get 135 times, total time 0.0
call put 135 times, total time 0.0
Epoch 78:
	train loss:31001.4815  val ap:0.989367  val auc:0.990584
	total time:235.003s sample time:37.072s prep time:191.154s
	build dgl blocks time:0.000s prepare input2 time 0.000s prepare mails time 0.000
call get 135 times, total time 0.0
call put 135 times, total time 0.0
Epoch 79:
	train loss:30907.8920  val ap:0.990161  val auc:0.991267
	total time:239.322s sample time:40.001s prep time:193.391s
	build dgl blocks time:0.000s prepare input2 time 0.000s prepare mails time 0.000
call get 135 times, total time 0.0
call put 135 times, total time 0.0
average statistics: 
	 average_prep time: 329.0687745630741
	 time_total 401.971 s
	total sample time: 82.274 s
	total sample node: 401559.0, self._n_sample_per_node [10]
	 time_forward: 1.846
	 time_memory: 24.344
	 time_message: 23.506
	 time_backward 2.249s
	 time_message 234.920s
Loading model at epoch 73...
	test AP:0.989441  test AUC:0.991114
