has edge feature
total 110232 for train, can cache 32768, 0.29726395239132014%
Epoch 0:
save model at epoch 0
	train loss:128610.6941  val ap:0.886677  val auc:0.925004
	total time:256.401s sample time:42.581s prep time:209.183s
	build dgl blocks time:0.000s prepare input2 time 0.000s prepare mails time 0.000
call get 135 times, total time 0.0
call put 135 times, total time 0.0
Epoch 1:
	train loss:77484.0495  val ap:0.870442  val auc:0.931537
	total time:254.499s sample time:43.282s prep time:208.051s
	build dgl blocks time:0.000s prepare input2 time 0.000s prepare mails time 0.000
call get 135 times, total time 0.0
call put 135 times, total time 0.0
Epoch 2:
	train loss:65863.6301  val ap:0.866164  val auc:0.930802
	total time:256.846s sample time:43.655s prep time:210.442s
	build dgl blocks time:0.000s prepare input2 time 0.000s prepare mails time 0.000
call get 135 times, total time 0.0
call put 135 times, total time 0.0
Epoch 3:
	train loss:61305.5609  val ap:0.879452  val auc:0.935762
	total time:249.921s sample time:42.064s prep time:205.331s
	build dgl blocks time:0.000s prepare input2 time 0.000s prepare mails time 0.000
call get 135 times, total time 0.0
call put 135 times, total time 0.0
Epoch 4:
save model at epoch 4
	train loss:59043.3045  val ap:0.894831  val auc:0.941495
	total time:251.721s sample time:41.945s prep time:207.166s
	build dgl blocks time:0.000s prepare input2 time 0.000s prepare mails time 0.000
call get 135 times, total time 0.0
call put 135 times, total time 0.0
Epoch 5:
save model at epoch 5
	train loss:57761.7622  val ap:0.898074  val auc:0.941771
	total time:252.573s sample time:42.828s prep time:207.014s
	build dgl blocks time:0.000s prepare input2 time 0.000s prepare mails time 0.000
call get 135 times, total time 0.0
call put 135 times, total time 0.0
Epoch 6:
save model at epoch 6
	train loss:55928.4327  val ap:0.899556  val auc:0.941365
	total time:252.122s sample time:42.119s prep time:206.674s
	build dgl blocks time:0.000s prepare input2 time 0.000s prepare mails time 0.000
call get 135 times, total time 0.0
call put 135 times, total time 0.0
Epoch 7:
save model at epoch 7
	train loss:55920.9270  val ap:0.907197  val auc:0.944818
	total time:250.599s sample time:42.545s prep time:205.083s
	build dgl blocks time:0.000s prepare input2 time 0.000s prepare mails time 0.000
call get 135 times, total time 0.0
call put 135 times, total time 0.0
Epoch 8:
save model at epoch 8
	train loss:55206.5060  val ap:0.914206  val auc:0.947904
	total time:250.830s sample time:42.280s prep time:205.842s
	build dgl blocks time:0.000s prepare input2 time 0.000s prepare mails time 0.000
call get 135 times, total time 0.0
call put 135 times, total time 0.0
Epoch 9:
	train loss:54680.9101  val ap:0.913677  val auc:0.947374
	total time:267.748s sample time:45.483s prep time:219.741s
	build dgl blocks time:0.000s prepare input2 time 0.000s prepare mails time 0.000
call get 135 times, total time 0.0
call put 135 times, total time 0.0
Epoch 10:
save model at epoch 10
	train loss:53516.8017  val ap:0.916477  val auc:0.947193
	total time:284.500s sample time:48.523s prep time:233.506s
	build dgl blocks time:0.000s prepare input2 time 0.000s prepare mails time 0.000
call get 135 times, total time 0.0
call put 135 times, total time 0.0
Epoch 11:
	train loss:53589.1364  val ap:0.913013  val auc:0.946666
	total time:284.679s sample time:48.886s prep time:233.188s
	build dgl blocks time:0.000s prepare input2 time 0.000s prepare mails time 0.000
call get 135 times, total time 0.0
call put 135 times, total time 0.0
Epoch 12:
save model at epoch 12
	train loss:52276.0392  val ap:0.919197  val auc:0.948108
	total time:293.576s sample time:49.626s prep time:241.598s
	build dgl blocks time:0.000s prepare input2 time 0.000s prepare mails time 0.000
call get 135 times, total time 0.0
call put 135 times, total time 0.0
Epoch 13:
save model at epoch 13
	train loss:52523.7681  val ap:0.920162  val auc:0.949468
	total time:291.377s sample time:49.631s prep time:239.008s
	build dgl blocks time:0.000s prepare input2 time 0.000s prepare mails time 0.000
call get 135 times, total time 0.0
call put 135 times, total time 0.0
Epoch 14:
save model at epoch 14
	train loss:51490.7235  val ap:0.924578  val auc:0.951751
	total time:305.936s sample time:51.587s prep time:251.700s
	build dgl blocks time:0.000s prepare input2 time 0.000s prepare mails time 0.000
call get 135 times, total time 0.0
call put 135 times, total time 0.0
Epoch 15:
save model at epoch 15
	train loss:50795.8196  val ap:0.925933  val auc:0.951747
	total time:378.286s sample time:64.308s prep time:310.653s
	build dgl blocks time:0.000s prepare input2 time 0.000s prepare mails time 0.000
call get 135 times, total time 0.0
call put 135 times, total time 0.0
Epoch 16:
	train loss:51239.1148  val ap:0.921917  val auc:0.949925
	total time:444.339s sample time:76.986s prep time:363.300s
	build dgl blocks time:0.000s prepare input2 time 0.000s prepare mails time 0.000
call get 135 times, total time 0.0
call put 135 times, total time 0.0
Epoch 17:
save model at epoch 17
	train loss:50585.2643  val ap:0.931706  val auc:0.955139
	total time:521.478s sample time:89.669s prep time:427.866s
	build dgl blocks time:0.000s prepare input2 time 0.000s prepare mails time 0.000
call get 135 times, total time 0.0
call put 135 times, total time 0.0
Epoch 18:
save model at epoch 18
	train loss:50512.8743  val ap:0.935547  val auc:0.956071
	total time:527.559s sample time:90.038s prep time:433.252s
	build dgl blocks time:0.000s prepare input2 time 0.000s prepare mails time 0.000
call get 135 times, total time 0.0
call put 135 times, total time 0.0
Epoch 19:
save model at epoch 19
	train loss:49752.6991  val ap:0.940120  val auc:0.959149
	total time:552.411s sample time:92.475s prep time:455.281s
	build dgl blocks time:0.000s prepare input2 time 0.000s prepare mails time 0.000
call get 135 times, total time 0.0
call put 135 times, total time 0.0
Epoch 20:
save model at epoch 20
	train loss:49017.2845  val ap:0.946821  val auc:0.962133
	total time:512.029s sample time:84.414s prep time:423.270s
	build dgl blocks time:0.000s prepare input2 time 0.000s prepare mails time 0.000
call get 135 times, total time 0.0
call put 135 times, total time 0.0
Epoch 21:
save model at epoch 21
	train loss:47463.5279  val ap:0.958124  val auc:0.968529
	total time:532.840s sample time:90.409s prep time:438.425s
	build dgl blocks time:0.000s prepare input2 time 0.000s prepare mails time 0.000
call get 135 times, total time 0.0
call put 135 times, total time 0.0
Epoch 22:
save model at epoch 22
	train loss:46917.8651  val ap:0.963035  val auc:0.971501
	total time:533.394s sample time:91.012s prep time:438.309s
	build dgl blocks time:0.000s prepare input2 time 0.000s prepare mails time 0.000
call get 135 times, total time 0.0
call put 135 times, total time 0.0
Epoch 23:
save model at epoch 23
	train loss:46228.7617  val ap:0.965275  val auc:0.973119
	total time:535.936s sample time:90.540s prep time:441.132s
	build dgl blocks time:0.000s prepare input2 time 0.000s prepare mails time 0.000
call get 135 times, total time 0.0
call put 135 times, total time 0.0
Epoch 24:
save model at epoch 24
	train loss:45780.5840  val ap:0.966156  val auc:0.974285
	total time:551.829s sample time:93.888s prep time:453.835s
	build dgl blocks time:0.000s prepare input2 time 0.000s prepare mails time 0.000
call get 135 times, total time 0.0
call put 135 times, total time 0.0
Epoch 25:
save model at epoch 25
	train loss:44211.8677  val ap:0.967368  val auc:0.974480
	total time:527.688s sample time:91.756s prep time:431.656s
	build dgl blocks time:0.000s prepare input2 time 0.000s prepare mails time 0.000
call get 135 times, total time 0.0
call put 135 times, total time 0.0
Epoch 26:
save model at epoch 26
	train loss:43431.4733  val ap:0.972368  val auc:0.977173
	total time:535.899s sample time:91.201s prep time:440.655s
	build dgl blocks time:0.000s prepare input2 time 0.000s prepare mails time 0.000
call get 135 times, total time 0.0
call put 135 times, total time 0.0
Epoch 27:
save model at epoch 27
	train loss:42732.4554  val ap:0.972601  val auc:0.978163
	total time:535.812s sample time:89.232s prep time:442.943s
	build dgl blocks time:0.000s prepare input2 time 0.000s prepare mails time 0.000
call get 135 times, total time 0.0
call put 135 times, total time 0.0
Epoch 28:
save model at epoch 28
	train loss:42021.6680  val ap:0.975444  val auc:0.979865
	total time:519.962s sample time:86.924s prep time:429.041s
	build dgl blocks time:0.000s prepare input2 time 0.000s prepare mails time 0.000
call get 135 times, total time 0.0
call put 135 times, total time 0.0
Epoch 29:
save model at epoch 29
	train loss:41209.3904  val ap:0.976168  val auc:0.980425
	total time:458.951s sample time:76.986s prep time:377.807s
	build dgl blocks time:0.000s prepare input2 time 0.000s prepare mails time 0.000
call get 135 times, total time 0.0
call put 135 times, total time 0.0
Epoch 30:
save model at epoch 30
	train loss:40851.2672  val ap:0.978567  val auc:0.982222
	total time:444.350s sample time:75.796s prep time:364.497s
	build dgl blocks time:0.000s prepare input2 time 0.000s prepare mails time 0.000
call get 135 times, total time 0.0
call put 135 times, total time 0.0
Epoch 31:
save model at epoch 31
	train loss:40213.6076  val ap:0.979347  val auc:0.982477
	total time:440.366s sample time:75.331s prep time:360.846s
	build dgl blocks time:0.000s prepare input2 time 0.000s prepare mails time 0.000
call get 135 times, total time 0.0
call put 135 times, total time 0.0
Epoch 32:
save model at epoch 32
	train loss:39220.5874  val ap:0.980528  val auc:0.983398
	total time:448.630s sample time:73.839s prep time:370.349s
	build dgl blocks time:0.000s prepare input2 time 0.000s prepare mails time 0.000
call get 135 times, total time 0.0
call put 135 times, total time 0.0
Epoch 33:
	train loss:39039.6454  val ap:0.979971  val auc:0.983335
	total time:441.445s sample time:73.581s prep time:363.211s
	build dgl blocks time:0.000s prepare input2 time 0.000s prepare mails time 0.000
call get 135 times, total time 0.0
call put 135 times, total time 0.0
Epoch 34:
save model at epoch 34
	train loss:38659.9246  val ap:0.982900  val auc:0.985216
	total time:439.568s sample time:73.432s prep time:360.630s
	build dgl blocks time:0.000s prepare input2 time 0.000s prepare mails time 0.000
call get 135 times, total time 0.0
call put 135 times, total time 0.0
Epoch 35:
	train loss:38196.3293  val ap:0.982259  val auc:0.985034
	total time:424.394s sample time:71.908s prep time:345.846s
	build dgl blocks time:0.000s prepare input2 time 0.000s prepare mails time 0.000
call get 135 times, total time 0.0
call put 135 times, total time 0.0
Epoch 36:
	train loss:38138.7392  val ap:0.982757  val auc:0.985863
	total time:430.624s sample time:72.462s prep time:352.322s
	build dgl blocks time:0.000s prepare input2 time 0.000s prepare mails time 0.000
call get 135 times, total time 0.0
call put 135 times, total time 0.0
Epoch 37:
	train loss:37529.9329  val ap:0.982659  val auc:0.985496
	total time:437.616s sample time:74.483s prep time:357.373s
	build dgl blocks time:0.000s prepare input2 time 0.000s prepare mails time 0.000
call get 135 times, total time 0.0
call put 135 times, total time 0.0
Epoch 38:
save model at epoch 38
	train loss:37358.6885  val ap:0.983582  val auc:0.985966
	total time:428.242s sample time:73.569s prep time:348.973s
	build dgl blocks time:0.000s prepare input2 time 0.000s prepare mails time 0.000
call get 135 times, total time 0.0
call put 135 times, total time 0.0
Epoch 39:
save model at epoch 39
	train loss:37049.4202  val ap:0.985082  val auc:0.987064
	total time:437.564s sample time:72.487s prep time:359.473s
	build dgl blocks time:0.000s prepare input2 time 0.000s prepare mails time 0.000
call get 135 times, total time 0.0
call put 135 times, total time 0.0
Epoch 40:
	train loss:36619.7257  val ap:0.984270  val auc:0.986660
	total time:439.485s sample time:74.043s prep time:359.639s
	build dgl blocks time:0.000s prepare input2 time 0.000s prepare mails time 0.000
call get 135 times, total time 0.0
call put 135 times, total time 0.0
Epoch 41:
	train loss:36136.8610  val ap:0.983760  val auc:0.986587
	total time:436.479s sample time:73.025s prep time:357.692s
	build dgl blocks time:0.000s prepare input2 time 0.000s prepare mails time 0.000
call get 135 times, total time 0.0
call put 135 times, total time 0.0
Epoch 42:
save model at epoch 42
	train loss:36388.5447  val ap:0.986222  val auc:0.988125
	total time:448.800s sample time:75.424s prep time:367.259s
	build dgl blocks time:0.000s prepare input2 time 0.000s prepare mails time 0.000
call get 135 times, total time 0.0
call put 135 times, total time 0.0
Epoch 43:
	train loss:35717.4563  val ap:0.984408  val auc:0.986928
	total time:427.497s sample time:72.738s prep time:349.114s
	build dgl blocks time:0.000s prepare input2 time 0.000s prepare mails time 0.000
call get 135 times, total time 0.0
call put 135 times, total time 0.0
Epoch 44:
	train loss:35400.8083  val ap:0.985829  val auc:0.987905
	total time:448.455s sample time:75.307s prep time:368.461s
	build dgl blocks time:0.000s prepare input2 time 0.000s prepare mails time 0.000
call get 135 times, total time 0.0
call put 135 times, total time 0.0
Epoch 45:
	train loss:35181.5519  val ap:0.985276  val auc:0.987754
	total time:429.682s sample time:72.187s prep time:351.919s
	build dgl blocks time:0.000s prepare input2 time 0.000s prepare mails time 0.000
call get 135 times, total time 0.0
call put 135 times, total time 0.0
Epoch 46:
	train loss:35381.2515  val ap:0.985334  val auc:0.987543
	total time:436.822s sample time:71.995s prep time:357.672s
	build dgl blocks time:0.000s prepare input2 time 0.000s prepare mails time 0.000
call get 135 times, total time 0.0
call put 135 times, total time 0.0
Epoch 47:
	train loss:34746.4174  val ap:0.985345  val auc:0.987779
	total time:463.661s sample time:78.092s prep time:377.857s
	build dgl blocks time:0.000s prepare input2 time 0.000s prepare mails time 0.000
call get 135 times, total time 0.0
call put 135 times, total time 0.0
Epoch 48:
	train loss:34423.0221  val ap:0.986127  val auc:0.988088
	total time:462.502s sample time:77.534s prep time:376.255s
	build dgl blocks time:0.000s prepare input2 time 0.000s prepare mails time 0.000
call get 135 times, total time 0.0
call put 135 times, total time 0.0
Epoch 49:
save model at epoch 49
	train loss:34588.9508  val ap:0.987481  val auc:0.989199
	total time:468.799s sample time:77.736s prep time:382.471s
	build dgl blocks time:0.000s prepare input2 time 0.000s prepare mails time 0.000
call get 135 times, total time 0.0
call put 135 times, total time 0.0
Epoch 50:
	train loss:34235.4024  val ap:0.986525  val auc:0.988672
	total time:461.345s sample time:76.809s prep time:376.532s
	build dgl blocks time:0.000s prepare input2 time 0.000s prepare mails time 0.000
call get 135 times, total time 0.0
call put 135 times, total time 0.0
Epoch 51:
save model at epoch 51
	train loss:33937.2301  val ap:0.987750  val auc:0.989296
	total time:438.361s sample time:70.089s prep time:360.826s
	build dgl blocks time:0.000s prepare input2 time 0.000s prepare mails time 0.000
call get 135 times, total time 0.0
call put 135 times, total time 0.0
Epoch 52:
	train loss:33822.3367  val ap:0.987254  val auc:0.988903
	total time:325.796s sample time:53.640s prep time:264.242s
	build dgl blocks time:0.000s prepare input2 time 0.000s prepare mails time 0.000
call get 135 times, total time 0.0
call put 135 times, total time 0.0
Epoch 53:
	train loss:34174.4419  val ap:0.986858  val auc:0.988716
	total time:383.091s sample time:63.519s prep time:311.476s
	build dgl blocks time:0.000s prepare input2 time 0.000s prepare mails time 0.000
call get 135 times, total time 0.0
call put 135 times, total time 0.0
Epoch 54:
	train loss:33555.2962  val ap:0.987640  val auc:0.989387
	total time:439.306s sample time:72.748s prep time:357.858s
	build dgl blocks time:0.000s prepare input2 time 0.000s prepare mails time 0.000
call get 135 times, total time 0.0
call put 135 times, total time 0.0
Epoch 55:
save model at epoch 55
	train loss:33208.0935  val ap:0.989042  val auc:0.990185
	total time:437.135s sample time:74.922s prep time:353.250s
	build dgl blocks time:0.000s prepare input2 time 0.000s prepare mails time 0.000
call get 135 times, total time 0.0
call put 135 times, total time 0.0
Epoch 56:
	train loss:33247.2187  val ap:0.987411  val auc:0.989130
	total time:454.370s sample time:73.552s prep time:373.523s
	build dgl blocks time:0.000s prepare input2 time 0.000s prepare mails time 0.000
call get 135 times, total time 0.0
call put 135 times, total time 0.0
Epoch 57:
	train loss:33230.0528  val ap:0.988415  val auc:0.989869
	total time:491.638s sample time:82.203s prep time:400.712s
	build dgl blocks time:0.000s prepare input2 time 0.000s prepare mails time 0.000
call get 135 times, total time 0.0
call put 135 times, total time 0.0
Epoch 58:
	train loss:32958.4851  val ap:0.988152  val auc:0.989681
	total time:495.413s sample time:82.334s prep time:404.901s
	build dgl blocks time:0.000s prepare input2 time 0.000s prepare mails time 0.000
call get 135 times, total time 0.0
call put 135 times, total time 0.0
Epoch 59:
	train loss:32738.2279  val ap:0.987891  val auc:0.989568
	total time:488.582s sample time:80.468s prep time:400.126s
	build dgl blocks time:0.000s prepare input2 time 0.000s prepare mails time 0.000
call get 135 times, total time 0.0
call put 135 times, total time 0.0
Epoch 60:
	train loss:32702.7862  val ap:0.987823  val auc:0.989689
	total time:493.742s sample time:84.838s prep time:400.333s
	build dgl blocks time:0.000s prepare input2 time 0.000s prepare mails time 0.000
call get 135 times, total time 0.0
call put 135 times, total time 0.0
Epoch 61:
	train loss:32694.1440  val ap:0.987628  val auc:0.989311
	total time:489.022s sample time:82.165s prep time:399.112s
	build dgl blocks time:0.000s prepare input2 time 0.000s prepare mails time 0.000
call get 135 times, total time 0.0
call put 135 times, total time 0.0
Epoch 62:
	train loss:32781.0976  val ap:0.987062  val auc:0.988898
	total time:488.570s sample time:80.621s prep time:399.408s
	build dgl blocks time:0.000s prepare input2 time 0.000s prepare mails time 0.000
call get 135 times, total time 0.0
call put 135 times, total time 0.0
Epoch 63:
	train loss:32256.4576  val ap:0.988583  val auc:0.990118
	total time:493.613s sample time:83.293s prep time:401.779s
	build dgl blocks time:0.000s prepare input2 time 0.000s prepare mails time 0.000
call get 135 times, total time 0.0
call put 135 times, total time 0.0
Epoch 64:
	train loss:32010.1617  val ap:0.988452  val auc:0.990110
	total time:495.607s sample time:84.965s prep time:401.759s
	build dgl blocks time:0.000s prepare input2 time 0.000s prepare mails time 0.000
call get 135 times, total time 0.0
call put 135 times, total time 0.0
Epoch 65:
	train loss:32044.9098  val ap:0.988964  val auc:0.990255
	total time:499.432s sample time:85.766s prep time:405.583s
	build dgl blocks time:0.000s prepare input2 time 0.000s prepare mails time 0.000
call get 135 times, total time 0.0
call put 135 times, total time 0.0
ap don't improve in 3 epoches, early stop
average statistics: 
	 average_prep time: 345.97322818727207
	 time_total 348.522 s
	total sample time: 71.698 s
	total sample node: 331286.175, self._n_sample_per_node [10]
	 time_forward: 1.428
	 time_memory: 21.231
	 time_message: 20.576
	 time_backward 1.895s
	 time_message 203.080s
Loading model at epoch 55...
	test AP:0.988220  test AUC:0.990241
