has edge feature
total 110232 for train, can cache 65536, 0.5945279047826403%
Epoch 0:
save model at epoch 0
	train loss:122357.3174  val ap:0.891071  val auc:0.929937
	total time:232.757s sample time:38.251s prep time:191.118s
	build dgl blocks time:0.000s prepare input2 time 0.000s prepare mails time 0.000
call get 135 times, total time 0.0
call put 135 times, total time 0.0
Epoch 1:
	train loss:76845.3062  val ap:0.857455  val auc:0.926181
	total time:254.253s sample time:43.059s prep time:208.550s
	build dgl blocks time:0.000s prepare input2 time 0.000s prepare mails time 0.000
call get 135 times, total time 0.0
call put 135 times, total time 0.0
Epoch 2:
	train loss:65854.2768  val ap:0.867438  val auc:0.931238
	total time:253.817s sample time:43.171s prep time:208.172s
	build dgl blocks time:0.000s prepare input2 time 0.000s prepare mails time 0.000
call get 135 times, total time 0.0
call put 135 times, total time 0.0
Epoch 3:
	train loss:61304.0759  val ap:0.871761  val auc:0.933807
	total time:248.774s sample time:43.265s prep time:203.079s
	build dgl blocks time:0.000s prepare input2 time 0.000s prepare mails time 0.000
call get 135 times, total time 0.0
call put 135 times, total time 0.0
Epoch 4:
	train loss:58936.0300  val ap:0.880976  val auc:0.938481
	total time:251.798s sample time:43.497s prep time:205.567s
	build dgl blocks time:0.000s prepare input2 time 0.000s prepare mails time 0.000
call get 135 times, total time 0.0
call put 135 times, total time 0.0
Epoch 5:
	train loss:57924.7192  val ap:0.885103  val auc:0.937745
	total time:253.835s sample time:43.817s prep time:207.434s
	build dgl blocks time:0.000s prepare input2 time 0.000s prepare mails time 0.000
call get 135 times, total time 0.0
call put 135 times, total time 0.0
Epoch 6:
	train loss:56086.4547  val ap:0.889268  val auc:0.940472
	total time:251.837s sample time:42.361s prep time:207.237s
	build dgl blocks time:0.000s prepare input2 time 0.000s prepare mails time 0.000
call get 135 times, total time 0.0
call put 135 times, total time 0.0
Epoch 7:
save model at epoch 7
	train loss:55389.8582  val ap:0.897412  val auc:0.941746
	total time:255.054s sample time:43.465s prep time:208.887s
	build dgl blocks time:0.000s prepare input2 time 0.000s prepare mails time 0.000
call get 135 times, total time 0.0
call put 135 times, total time 0.0
Epoch 8:
save model at epoch 8
	train loss:54651.7527  val ap:0.903818  val auc:0.945508
	total time:248.967s sample time:43.250s prep time:203.599s
	build dgl blocks time:0.000s prepare input2 time 0.000s prepare mails time 0.000
call get 135 times, total time 0.0
call put 135 times, total time 0.0
Epoch 9:
save model at epoch 9
	train loss:53548.8799  val ap:0.907471  val auc:0.945275
	total time:269.560s sample time:45.261s prep time:221.977s
	build dgl blocks time:0.000s prepare input2 time 0.000s prepare mails time 0.000
call get 135 times, total time 0.0
call put 135 times, total time 0.0
Epoch 10:
save model at epoch 10
	train loss:53239.9370  val ap:0.910024  val auc:0.946608
	total time:284.058s sample time:48.718s prep time:232.851s
	build dgl blocks time:0.000s prepare input2 time 0.000s prepare mails time 0.000
call get 135 times, total time 0.0
call put 135 times, total time 0.0
Epoch 11:
	train loss:53150.3187  val ap:0.909542  val auc:0.945014
	total time:283.417s sample time:47.359s prep time:233.736s
	build dgl blocks time:0.000s prepare input2 time 0.000s prepare mails time 0.000
call get 135 times, total time 0.0
call put 135 times, total time 0.0
Epoch 12:
save model at epoch 12
	train loss:52277.2621  val ap:0.915792  val auc:0.947786
	total time:288.947s sample time:49.434s prep time:237.429s
	build dgl blocks time:0.000s prepare input2 time 0.000s prepare mails time 0.000
call get 135 times, total time 0.0
call put 135 times, total time 0.0
Epoch 13:
save model at epoch 13
	train loss:51865.8563  val ap:0.916161  val auc:0.947769
	total time:293.482s sample time:50.650s prep time:239.914s
	build dgl blocks time:0.000s prepare input2 time 0.000s prepare mails time 0.000
call get 135 times, total time 0.0
call put 135 times, total time 0.0
Epoch 14:
save model at epoch 14
	train loss:51516.6790  val ap:0.924046  val auc:0.951472
	total time:297.461s sample time:50.232s prep time:244.511s
	build dgl blocks time:0.000s prepare input2 time 0.000s prepare mails time 0.000
call get 135 times, total time 0.0
call put 135 times, total time 0.0
Epoch 15:
save model at epoch 15
	train loss:51117.6941  val ap:0.928722  val auc:0.953095
	total time:350.601s sample time:60.433s prep time:287.356s
	build dgl blocks time:0.000s prepare input2 time 0.000s prepare mails time 0.000
call get 135 times, total time 0.0
call put 135 times, total time 0.0
Epoch 16:
save model at epoch 16
	train loss:50040.7883  val ap:0.935248  val auc:0.955142
	total time:440.798s sample time:74.889s prep time:362.681s
	build dgl blocks time:0.000s prepare input2 time 0.000s prepare mails time 0.000
call get 135 times, total time 0.0
call put 135 times, total time 0.0
Epoch 17:
save model at epoch 17
	train loss:50031.3989  val ap:0.947586  val auc:0.961034
	total time:524.030s sample time:89.223s prep time:430.573s
	build dgl blocks time:0.000s prepare input2 time 0.000s prepare mails time 0.000
call get 135 times, total time 0.0
call put 135 times, total time 0.0
Epoch 18:
save model at epoch 18
	train loss:48902.8313  val ap:0.953857  val auc:0.964910
	total time:524.674s sample time:88.457s prep time:432.538s
	build dgl blocks time:0.000s prepare input2 time 0.000s prepare mails time 0.000
call get 135 times, total time 0.0
call put 135 times, total time 0.0
Epoch 19:
save model at epoch 19
	train loss:47347.1742  val ap:0.955748  val auc:0.967269
	total time:543.890s sample time:90.190s prep time:449.769s
	build dgl blocks time:0.000s prepare input2 time 0.000s prepare mails time 0.000
call get 135 times, total time 0.0
call put 135 times, total time 0.0
Epoch 20:
save model at epoch 20
	train loss:46683.0845  val ap:0.957813  val auc:0.970220
	total time:524.596s sample time:84.678s prep time:436.046s
	build dgl blocks time:0.000s prepare input2 time 0.000s prepare mails time 0.000
call get 135 times, total time 0.0
call put 135 times, total time 0.0
Epoch 21:
save model at epoch 21
	train loss:45642.0938  val ap:0.957876  val auc:0.970418
	total time:521.571s sample time:88.516s prep time:428.359s
	build dgl blocks time:0.000s prepare input2 time 0.000s prepare mails time 0.000
call get 135 times, total time 0.0
call put 135 times, total time 0.0
Epoch 22:
save model at epoch 22
	train loss:44691.0552  val ap:0.965024  val auc:0.973907
	total time:520.411s sample time:87.909s prep time:428.342s
	build dgl blocks time:0.000s prepare input2 time 0.000s prepare mails time 0.000
call get 135 times, total time 0.0
call put 135 times, total time 0.0
Epoch 23:
save model at epoch 23
	train loss:44195.8869  val ap:0.965808  val auc:0.975251
	total time:534.966s sample time:87.363s prep time:443.216s
	build dgl blocks time:0.000s prepare input2 time 0.000s prepare mails time 0.000
call get 135 times, total time 0.0
call put 135 times, total time 0.0
Epoch 24:
save model at epoch 24
	train loss:43386.2055  val ap:0.967073  val auc:0.975904
	total time:534.514s sample time:91.202s prep time:439.401s
	build dgl blocks time:0.000s prepare input2 time 0.000s prepare mails time 0.000
call get 135 times, total time 0.0
call put 135 times, total time 0.0
Epoch 25:
save model at epoch 25
	train loss:43140.4004  val ap:0.967884  val auc:0.976277
	total time:533.939s sample time:90.662s prep time:439.775s
	build dgl blocks time:0.000s prepare input2 time 0.000s prepare mails time 0.000
call get 135 times, total time 0.0
call put 135 times, total time 0.0
Epoch 26:
save model at epoch 26
	train loss:42662.7673  val ap:0.967914  val auc:0.976378
	total time:544.103s sample time:89.689s prep time:450.743s
	build dgl blocks time:0.000s prepare input2 time 0.000s prepare mails time 0.000
call get 135 times, total time 0.0
call put 135 times, total time 0.0
Epoch 27:
save model at epoch 27
	train loss:41566.1228  val ap:0.969584  val auc:0.977761
	total time:527.261s sample time:92.804s prep time:431.438s
	build dgl blocks time:0.000s prepare input2 time 0.000s prepare mails time 0.000
call get 135 times, total time 0.0
call put 135 times, total time 0.0
Epoch 28:
save model at epoch 28
	train loss:41365.4229  val ap:0.971225  val auc:0.979259
	total time:515.568s sample time:88.893s prep time:422.743s
	build dgl blocks time:0.000s prepare input2 time 0.000s prepare mails time 0.000
call get 135 times, total time 0.0
call put 135 times, total time 0.0
Epoch 29:
save model at epoch 29
	train loss:41261.1784  val ap:0.971611  val auc:0.978970
	total time:475.448s sample time:79.149s prep time:392.467s
	build dgl blocks time:0.000s prepare input2 time 0.000s prepare mails time 0.000
call get 135 times, total time 0.0
call put 135 times, total time 0.0
Epoch 30:
save model at epoch 30
	train loss:40885.1577  val ap:0.973442  val auc:0.979906
	total time:441.289s sample time:73.379s prep time:363.755s
	build dgl blocks time:0.000s prepare input2 time 0.000s prepare mails time 0.000
call get 135 times, total time 0.0
call put 135 times, total time 0.0
Epoch 31:
	train loss:40325.8820  val ap:0.973083  val auc:0.979858
	total time:444.116s sample time:75.160s prep time:364.961s
	build dgl blocks time:0.000s prepare input2 time 0.000s prepare mails time 0.000
call get 135 times, total time 0.0
call put 135 times, total time 0.0
Epoch 32:
save model at epoch 32
	train loss:40051.7930  val ap:0.973571  val auc:0.980171
	total time:435.300s sample time:74.272s prep time:356.998s
	build dgl blocks time:0.000s prepare input2 time 0.000s prepare mails time 0.000
call get 135 times, total time 0.0
call put 135 times, total time 0.0
Epoch 33:
save model at epoch 33
	train loss:39658.4478  val ap:0.977616  val auc:0.982363
	total time:440.953s sample time:73.994s prep time:362.193s
	build dgl blocks time:0.000s prepare input2 time 0.000s prepare mails time 0.000
call get 135 times, total time 0.0
call put 135 times, total time 0.0
Epoch 34:
	train loss:38562.1007  val ap:0.976325  val auc:0.982001
	total time:435.757s sample time:72.447s prep time:358.054s
	build dgl blocks time:0.000s prepare input2 time 0.000s prepare mails time 0.000
call get 135 times, total time 0.0
call put 135 times, total time 0.0
Epoch 35:
	train loss:38894.7477  val ap:0.977479  val auc:0.982417
	total time:424.062s sample time:70.906s prep time:347.386s
	build dgl blocks time:0.000s prepare input2 time 0.000s prepare mails time 0.000
call get 135 times, total time 0.0
call put 135 times, total time 0.0
Epoch 36:
save model at epoch 36
	train loss:38616.3257  val ap:0.977894  val auc:0.982977
	total time:425.698s sample time:71.446s prep time:348.818s
	build dgl blocks time:0.000s prepare input2 time 0.000s prepare mails time 0.000
call get 135 times, total time 0.0
call put 135 times, total time 0.0
Epoch 37:
save model at epoch 37
	train loss:37989.4608  val ap:0.980202  val auc:0.984204
	total time:449.920s sample time:77.382s prep time:367.547s
	build dgl blocks time:0.000s prepare input2 time 0.000s prepare mails time 0.000
call get 135 times, total time 0.0
call put 135 times, total time 0.0
Epoch 38:
	train loss:38129.3153  val ap:0.979442  val auc:0.983949
	total time:431.394s sample time:73.299s prep time:352.021s
	build dgl blocks time:0.000s prepare input2 time 0.000s prepare mails time 0.000
call get 135 times, total time 0.0
call put 135 times, total time 0.0
Epoch 39:
	train loss:37341.9494  val ap:0.979736  val auc:0.984067
	total time:434.278s sample time:74.976s prep time:353.700s
	build dgl blocks time:0.000s prepare input2 time 0.000s prepare mails time 0.000
call get 135 times, total time 0.0
call put 135 times, total time 0.0
Epoch 40:
	train loss:37105.5291  val ap:0.979283  val auc:0.984118
	total time:450.641s sample time:76.476s prep time:369.848s
	build dgl blocks time:0.000s prepare input2 time 0.000s prepare mails time 0.000
call get 135 times, total time 0.0
call put 135 times, total time 0.0
Epoch 41:
save model at epoch 41
	train loss:37270.9146  val ap:0.983294  val auc:0.986399
	total time:442.261s sample time:76.114s prep time:360.267s
	build dgl blocks time:0.000s prepare input2 time 0.000s prepare mails time 0.000
call get 135 times, total time 0.0
call put 135 times, total time 0.0
Epoch 42:
	train loss:36731.6300  val ap:0.982807  val auc:0.985878
	total time:443.182s sample time:75.143s prep time:362.827s
	build dgl blocks time:0.000s prepare input2 time 0.000s prepare mails time 0.000
call get 135 times, total time 0.0
call put 135 times, total time 0.0
Epoch 43:
save model at epoch 43
	train loss:36213.3412  val ap:0.983622  val auc:0.986475
	total time:432.040s sample time:73.713s prep time:352.183s
	build dgl blocks time:0.000s prepare input2 time 0.000s prepare mails time 0.000
call get 135 times, total time 0.0
call put 135 times, total time 0.0
Epoch 44:
save model at epoch 44
	train loss:35731.7836  val ap:0.984548  val auc:0.986930
	total time:434.524s sample time:71.879s prep time:356.718s
	build dgl blocks time:0.000s prepare input2 time 0.000s prepare mails time 0.000
call get 135 times, total time 0.0
call put 135 times, total time 0.0
Epoch 45:
	train loss:35725.3253  val ap:0.984206  val auc:0.987127
	total time:434.035s sample time:73.834s prep time:354.404s
	build dgl blocks time:0.000s prepare input2 time 0.000s prepare mails time 0.000
call get 135 times, total time 0.0
call put 135 times, total time 0.0
Epoch 46:
	train loss:35307.4627  val ap:0.983884  val auc:0.987163
	total time:423.444s sample time:70.994s prep time:347.332s
	build dgl blocks time:0.000s prepare input2 time 0.000s prepare mails time 0.000
call get 135 times, total time 0.0
call put 135 times, total time 0.0
Epoch 47:
save model at epoch 47
	train loss:35468.1730  val ap:0.985328  val auc:0.988005
	total time:442.910s sample time:75.505s prep time:361.474s
	build dgl blocks time:0.000s prepare input2 time 0.000s prepare mails time 0.000
call get 135 times, total time 0.0
call put 135 times, total time 0.0
Epoch 48:
save model at epoch 48
	train loss:34577.4771  val ap:0.985360  val auc:0.987918
	total time:441.136s sample time:74.484s prep time:360.504s
	build dgl blocks time:0.000s prepare input2 time 0.000s prepare mails time 0.000
call get 135 times, total time 0.0
call put 135 times, total time 0.0
Epoch 49:
save model at epoch 49
	train loss:34291.7434  val ap:0.985879  val auc:0.987916
	total time:463.300s sample time:78.812s prep time:377.622s
	build dgl blocks time:0.000s prepare input2 time 0.000s prepare mails time 0.000
call get 135 times, total time 0.0
call put 135 times, total time 0.0
Epoch 50:
save model at epoch 50
	train loss:34403.6973  val ap:0.986313  val auc:0.988505
	total time:450.715s sample time:73.205s prep time:371.248s
	build dgl blocks time:0.000s prepare input2 time 0.000s prepare mails time 0.000
call get 135 times, total time 0.0
call put 135 times, total time 0.0
Epoch 51:
	train loss:34402.6810  val ap:0.986242  val auc:0.988320
	total time:464.886s sample time:78.516s prep time:379.720s
	build dgl blocks time:0.000s prepare input2 time 0.000s prepare mails time 0.000
call get 135 times, total time 0.0
call put 135 times, total time 0.0
Epoch 52:
save model at epoch 52
	train loss:34376.5326  val ap:0.987463  val auc:0.989241
	total time:327.799s sample time:53.709s prep time:267.301s
	build dgl blocks time:0.000s prepare input2 time 0.000s prepare mails time 0.000
call get 135 times, total time 0.0
call put 135 times, total time 0.0
Epoch 53:
	train loss:34136.2225  val ap:0.987350  val auc:0.989065
	total time:341.685s sample time:56.699s prep time:278.968s
	build dgl blocks time:0.000s prepare input2 time 0.000s prepare mails time 0.000
call get 135 times, total time 0.0
call put 135 times, total time 0.0
Epoch 54:
	train loss:33886.4039  val ap:0.987177  val auc:0.989002
	total time:428.650s sample time:72.025s prep time:350.052s
	build dgl blocks time:0.000s prepare input2 time 0.000s prepare mails time 0.000
call get 135 times, total time 0.0
call put 135 times, total time 0.0
Epoch 55:
save model at epoch 55
	train loss:33725.8015  val ap:0.987525  val auc:0.989214
	total time:442.527s sample time:74.334s prep time:361.002s
	build dgl blocks time:0.000s prepare input2 time 0.000s prepare mails time 0.000
call get 135 times, total time 0.0
call put 135 times, total time 0.0
Epoch 56:
save model at epoch 56
	train loss:33581.2408  val ap:0.988225  val auc:0.989591
	total time:442.283s sample time:75.767s prep time:360.116s
	build dgl blocks time:0.000s prepare input2 time 0.000s prepare mails time 0.000
call get 135 times, total time 0.0
call put 135 times, total time 0.0
Epoch 57:
	train loss:33327.4989  val ap:0.987235  val auc:0.989287
	total time:481.159s sample time:81.530s prep time:394.010s
	build dgl blocks time:0.000s prepare input2 time 0.000s prepare mails time 0.000
call get 135 times, total time 0.0
call put 135 times, total time 0.0
Epoch 58:
save model at epoch 58
	train loss:33013.7376  val ap:0.988666  val auc:0.989919
	total time:489.897s sample time:82.800s prep time:400.176s
	build dgl blocks time:0.000s prepare input2 time 0.000s prepare mails time 0.000
call get 135 times, total time 0.0
call put 135 times, total time 0.0
Epoch 59:
	train loss:33196.2218  val ap:0.987728  val auc:0.989518
	total time:482.888s sample time:81.776s prep time:394.381s
	build dgl blocks time:0.000s prepare input2 time 0.000s prepare mails time 0.000
call get 135 times, total time 0.0
call put 135 times, total time 0.0
Epoch 60:
	train loss:32991.2176  val ap:0.987331  val auc:0.989300
	total time:490.083s sample time:82.270s prep time:401.059s
	build dgl blocks time:0.000s prepare input2 time 0.000s prepare mails time 0.000
call get 135 times, total time 0.0
call put 135 times, total time 0.0
Epoch 61:
save model at epoch 61
	train loss:32544.8662  val ap:0.988998  val auc:0.990385
	total time:480.158s sample time:80.882s prep time:392.824s
	build dgl blocks time:0.000s prepare input2 time 0.000s prepare mails time 0.000
call get 135 times, total time 0.0
call put 135 times, total time 0.0
Epoch 62:
save model at epoch 62
	train loss:32198.1200  val ap:0.989339  val auc:0.990802
	total time:489.160s sample time:82.717s prep time:399.067s
	build dgl blocks time:0.000s prepare input2 time 0.000s prepare mails time 0.000
call get 135 times, total time 0.0
call put 135 times, total time 0.0
Epoch 63:
	train loss:32330.7907  val ap:0.987942  val auc:0.989512
	total time:481.029s sample time:79.200s prep time:394.429s
	build dgl blocks time:0.000s prepare input2 time 0.000s prepare mails time 0.000
call get 135 times, total time 0.0
call put 135 times, total time 0.0
Epoch 64:
	train loss:32632.5706  val ap:0.989091  val auc:0.990260
	total time:501.048s sample time:83.416s prep time:410.644s
	build dgl blocks time:0.000s prepare input2 time 0.000s prepare mails time 0.000
call get 135 times, total time 0.0
call put 135 times, total time 0.0
Epoch 65:
	train loss:32148.0032  val ap:0.989268  val auc:0.990650
	total time:488.719s sample time:81.352s prep time:399.566s
	build dgl blocks time:0.000s prepare input2 time 0.000s prepare mails time 0.000
call get 135 times, total time 0.0
call put 135 times, total time 0.0
Epoch 66:
	train loss:32199.1040  val ap:0.989299  val auc:0.990483
	total time:487.706s sample time:82.843s prep time:398.242s
	build dgl blocks time:0.000s prepare input2 time 0.000s prepare mails time 0.000
call get 135 times, total time 0.0
call put 135 times, total time 0.0
Epoch 67:
	train loss:31818.5097  val ap:0.988116  val auc:0.989707
	total time:415.186s sample time:69.203s prep time:342.779s
	build dgl blocks time:0.000s prepare input2 time 0.000s prepare mails time 0.000
call get 135 times, total time 0.0
call put 135 times, total time 0.0
Epoch 68:
	train loss:31905.0737  val ap:0.988976  val auc:0.990442
	total time:373.642s sample time:62.840s prep time:307.867s
	build dgl blocks time:0.000s prepare input2 time 0.000s prepare mails time 0.000
call get 135 times, total time 0.0
call put 135 times, total time 0.0
Epoch 69:
	train loss:31951.1757  val ap:0.989238  val auc:0.990581
	total time:371.069s sample time:60.771s prep time:306.899s
	build dgl blocks time:0.000s prepare input2 time 0.000s prepare mails time 0.000
call get 135 times, total time 0.0
call put 135 times, total time 0.0
Epoch 70:
	train loss:31501.4672  val ap:0.988859  val auc:0.990474
	total time:352.594s sample time:60.039s prep time:289.071s
	build dgl blocks time:0.000s prepare input2 time 0.000s prepare mails time 0.000
call get 135 times, total time 0.0
call put 135 times, total time 0.0
Epoch 71:
save model at epoch 71
	train loss:31642.9516  val ap:0.989653  val auc:0.990587
	total time:262.776s sample time:42.928s prep time:217.093s
	build dgl blocks time:0.000s prepare input2 time 0.000s prepare mails time 0.000
call get 135 times, total time 0.0
call put 135 times, total time 0.0
Epoch 72:
	train loss:30943.7473  val ap:0.988996  val auc:0.990446
	total time:276.445s sample time:45.989s prep time:227.528s
	build dgl blocks time:0.000s prepare input2 time 0.000s prepare mails time 0.000
call get 135 times, total time 0.0
call put 135 times, total time 0.0
Epoch 73:
	train loss:31289.6115  val ap:0.989319  val auc:0.990556
	total time:261.761s sample time:43.390s prep time:214.916s
	build dgl blocks time:0.000s prepare input2 time 0.000s prepare mails time 0.000
call get 135 times, total time 0.0
call put 135 times, total time 0.0
Epoch 74:
	train loss:31092.2658  val ap:0.988758  val auc:0.990132
	total time:244.299s sample time:38.928s prep time:202.161s
	build dgl blocks time:0.000s prepare input2 time 0.000s prepare mails time 0.000
call get 135 times, total time 0.0
call put 135 times, total time 0.0
Epoch 75:
	train loss:31033.1278  val ap:0.989334  val auc:0.990576
	total time:251.819s sample time:40.695s prep time:207.618s
	build dgl blocks time:0.000s prepare input2 time 0.000s prepare mails time 0.000
call get 135 times, total time 0.0
call put 135 times, total time 0.0
Epoch 76:
save model at epoch 76
	train loss:31034.7597  val ap:0.989740  val auc:0.990867
	total time:242.696s sample time:41.485s prep time:198.535s
	build dgl blocks time:0.000s prepare input2 time 0.000s prepare mails time 0.000
call get 135 times, total time 0.0
call put 135 times, total time 0.0
Epoch 77:
	train loss:30913.6988  val ap:0.989429  val auc:0.990564
	total time:246.834s sample time:42.584s prep time:201.558s
	build dgl blocks time:0.000s prepare input2 time 0.000s prepare mails time 0.000
call get 135 times, total time 0.0
call put 135 times, total time 0.0
Epoch 78:
save model at epoch 78
	train loss:30662.8310  val ap:0.990456  val auc:0.991503
	total time:244.994s sample time:40.728s prep time:201.221s
	build dgl blocks time:0.000s prepare input2 time 0.000s prepare mails time 0.000
call get 135 times, total time 0.0
call put 135 times, total time 0.0
Epoch 79:
	train loss:30591.0284  val ap:0.990015  val auc:0.991253
	total time:233.382s sample time:37.964s prep time:192.814s
	build dgl blocks time:0.000s prepare input2 time 0.000s prepare mails time 0.000
call get 135 times, total time 0.0
call put 135 times, total time 0.0
average statistics: 
	 average_prep time: 327.13724431693555
	 time_total 398.781 s
	total sample time: 81.961 s
	total sample node: 401559.0, self._n_sample_per_node [10]
	 time_forward: 1.602
	 time_memory: 24.150
	 time_message: 23.477
	 time_backward 1.582s
	 time_message 233.747s
Loading model at epoch 78...
	test AP:0.990804  test AUC:0.992142
