has edge feature
total 110232 for train, can cache 131072, 1.1890558095652806%
Epoch 0:
save model at epoch 0
	train loss:126349.7822  val ap:0.880654  val auc:0.917642
	total time:247.297s sample time:42.862s prep time:201.245s
	build dgl blocks time:0.000s prepare input2 time 0.000s prepare mails time 0.000
call get 135 times, total time 0.0
call put 135 times, total time 0.0
Epoch 1:
	train loss:77797.5734  val ap:0.863677  val auc:0.930236
	total time:253.818s sample time:42.814s prep time:208.016s
	build dgl blocks time:0.000s prepare input2 time 0.000s prepare mails time 0.000
call get 135 times, total time 0.0
call put 135 times, total time 0.0
Epoch 2:
	train loss:67885.3341  val ap:0.869067  val auc:0.931163
	total time:256.129s sample time:44.210s prep time:209.349s
	build dgl blocks time:0.000s prepare input2 time 0.000s prepare mails time 0.000
call get 135 times, total time 0.0
call put 135 times, total time 0.0
Epoch 3:
	train loss:62609.4683  val ap:0.872466  val auc:0.933588
	total time:251.041s sample time:43.703s prep time:205.119s
	build dgl blocks time:0.000s prepare input2 time 0.000s prepare mails time 0.000
call get 135 times, total time 0.0
call put 135 times, total time 0.0
Epoch 4:
save model at epoch 4
	train loss:59912.1796  val ap:0.889379  val auc:0.939771
	total time:252.233s sample time:42.697s prep time:207.048s
	build dgl blocks time:0.000s prepare input2 time 0.000s prepare mails time 0.000
call get 135 times, total time 0.0
call put 135 times, total time 0.0
Epoch 5:
	train loss:58513.1876  val ap:0.888945  val auc:0.939183
	total time:250.265s sample time:42.766s prep time:205.387s
	build dgl blocks time:0.000s prepare input2 time 0.000s prepare mails time 0.000
call get 135 times, total time 0.0
call put 135 times, total time 0.0
Epoch 6:
save model at epoch 6
	train loss:56736.1353  val ap:0.893368  val auc:0.940898
	total time:249.830s sample time:42.457s prep time:205.075s
	build dgl blocks time:0.000s prepare input2 time 0.000s prepare mails time 0.000
call get 135 times, total time 0.0
call put 135 times, total time 0.0
Epoch 7:
save model at epoch 7
	train loss:56120.2931  val ap:0.895031  val auc:0.940732
	total time:251.914s sample time:42.729s prep time:206.683s
	build dgl blocks time:0.000s prepare input2 time 0.000s prepare mails time 0.000
call get 135 times, total time 0.0
call put 135 times, total time 0.0
Epoch 8:
save model at epoch 8
	train loss:55489.9348  val ap:0.904609  val auc:0.943642
	total time:250.977s sample time:42.650s prep time:206.013s
	build dgl blocks time:0.000s prepare input2 time 0.000s prepare mails time 0.000
call get 135 times, total time 0.0
call put 135 times, total time 0.0
Epoch 9:
save model at epoch 9
	train loss:54468.3494  val ap:0.905066  val auc:0.943354
	total time:267.451s sample time:46.324s prep time:218.969s
	build dgl blocks time:0.000s prepare input2 time 0.000s prepare mails time 0.000
call get 135 times, total time 0.0
call put 135 times, total time 0.0
Epoch 10:
save model at epoch 10
	train loss:53859.3392  val ap:0.909725  val auc:0.945180
	total time:282.806s sample time:48.119s prep time:232.049s
	build dgl blocks time:0.000s prepare input2 time 0.000s prepare mails time 0.000
call get 135 times, total time 0.0
call put 135 times, total time 0.0
Epoch 11:
	train loss:53029.8702  val ap:0.909347  val auc:0.945406
	total time:284.086s sample time:49.237s prep time:232.212s
	build dgl blocks time:0.000s prepare input2 time 0.000s prepare mails time 0.000
call get 135 times, total time 0.0
call put 135 times, total time 0.0
Epoch 12:
save model at epoch 12
	train loss:52348.7569  val ap:0.914214  val auc:0.947264
	total time:290.348s sample time:49.392s prep time:238.736s
	build dgl blocks time:0.000s prepare input2 time 0.000s prepare mails time 0.000
call get 135 times, total time 0.0
call put 135 times, total time 0.0
Epoch 13:
save model at epoch 13
	train loss:52502.5517  val ap:0.917995  val auc:0.948890
	total time:289.967s sample time:48.854s prep time:238.739s
	build dgl blocks time:0.000s prepare input2 time 0.000s prepare mails time 0.000
call get 135 times, total time 0.0
call put 135 times, total time 0.0
Epoch 14:
save model at epoch 14
	train loss:51762.6487  val ap:0.922818  val auc:0.950074
	total time:302.033s sample time:51.267s prep time:248.682s
	build dgl blocks time:0.000s prepare input2 time 0.000s prepare mails time 0.000
call get 135 times, total time 0.0
call put 135 times, total time 0.0
Epoch 15:
save model at epoch 15
	train loss:51358.5265  val ap:0.927424  val auc:0.952307
	total time:362.875s sample time:60.617s prep time:299.575s
	build dgl blocks time:0.000s prepare input2 time 0.000s prepare mails time 0.000
call get 135 times, total time 0.0
call put 135 times, total time 0.0
Epoch 16:
save model at epoch 16
	train loss:51104.1964  val ap:0.931692  val auc:0.954380
	total time:441.438s sample time:75.452s prep time:362.749s
	build dgl blocks time:0.000s prepare input2 time 0.000s prepare mails time 0.000
call get 135 times, total time 0.0
call put 135 times, total time 0.0
Epoch 17:
save model at epoch 17
	train loss:50506.3688  val ap:0.938619  val auc:0.957179
	total time:518.296s sample time:90.443s prep time:424.033s
	build dgl blocks time:0.000s prepare input2 time 0.000s prepare mails time 0.000
call get 135 times, total time 0.0
call put 135 times, total time 0.0
Epoch 18:
save model at epoch 18
	train loss:49584.7851  val ap:0.946721  val auc:0.960845
	total time:526.217s sample time:90.013s prep time:432.188s
	build dgl blocks time:0.000s prepare input2 time 0.000s prepare mails time 0.000
call get 135 times, total time 0.0
call put 135 times, total time 0.0
Epoch 19:
save model at epoch 19
	train loss:48926.1893  val ap:0.951570  val auc:0.963419
	total time:535.940s sample time:90.296s prep time:442.215s
	build dgl blocks time:0.000s prepare input2 time 0.000s prepare mails time 0.000
call get 135 times, total time 0.0
call put 135 times, total time 0.0
Epoch 20:
save model at epoch 20
	train loss:47550.1060  val ap:0.958196  val auc:0.967923
	total time:517.713s sample time:86.020s prep time:427.734s
	build dgl blocks time:0.000s prepare input2 time 0.000s prepare mails time 0.000
call get 135 times, total time 0.0
call put 135 times, total time 0.0
Epoch 21:
save model at epoch 21
	train loss:46856.9076  val ap:0.963753  val auc:0.971336
	total time:530.016s sample time:89.696s prep time:436.103s
	build dgl blocks time:0.000s prepare input2 time 0.000s prepare mails time 0.000
call get 135 times, total time 0.0
call put 135 times, total time 0.0
Epoch 22:
save model at epoch 22
	train loss:45656.3272  val ap:0.968712  val auc:0.975526
	total time:532.204s sample time:93.912s prep time:434.594s
	build dgl blocks time:0.000s prepare input2 time 0.000s prepare mails time 0.000
call get 135 times, total time 0.0
call put 135 times, total time 0.0
Epoch 23:
save model at epoch 23
	train loss:44905.6751  val ap:0.970124  val auc:0.976804
	total time:526.603s sample time:90.068s prep time:432.626s
	build dgl blocks time:0.000s prepare input2 time 0.000s prepare mails time 0.000
call get 135 times, total time 0.0
call put 135 times, total time 0.0
Epoch 24:
save model at epoch 24
	train loss:43829.1720  val ap:0.972505  val auc:0.978940
	total time:530.375s sample time:89.197s prep time:438.106s
	build dgl blocks time:0.000s prepare input2 time 0.000s prepare mails time 0.000
call get 135 times, total time 0.0
call put 135 times, total time 0.0
Epoch 25:
save model at epoch 25
	train loss:42542.2662  val ap:0.974800  val auc:0.979869
	total time:531.277s sample time:86.683s prep time:440.198s
	build dgl blocks time:0.000s prepare input2 time 0.000s prepare mails time 0.000
call get 135 times, total time 0.0
call put 135 times, total time 0.0
Epoch 26:
save model at epoch 26
	train loss:42125.0285  val ap:0.978837  val auc:0.982990
	total time:536.942s sample time:89.338s prep time:443.236s
	build dgl blocks time:0.000s prepare input2 time 0.000s prepare mails time 0.000
call get 135 times, total time 0.0
call put 135 times, total time 0.0
Epoch 27:
	train loss:41254.7179  val ap:0.977494  val auc:0.981654
	total time:536.671s sample time:91.364s prep time:441.658s
	build dgl blocks time:0.000s prepare input2 time 0.000s prepare mails time 0.000
call get 135 times, total time 0.0
call put 135 times, total time 0.0
Epoch 28:
save model at epoch 28
	train loss:40675.4767  val ap:0.980204  val auc:0.983810
	total time:508.791s sample time:86.976s prep time:417.776s
	build dgl blocks time:0.000s prepare input2 time 0.000s prepare mails time 0.000
call get 135 times, total time 0.0
call put 135 times, total time 0.0
Epoch 29:
save model at epoch 29
	train loss:40236.7390  val ap:0.982106  val auc:0.985146
	total time:466.893s sample time:77.123s prep time:385.271s
	build dgl blocks time:0.000s prepare input2 time 0.000s prepare mails time 0.000
call get 135 times, total time 0.0
call put 135 times, total time 0.0
Epoch 30:
	train loss:39469.0560  val ap:0.981857  val auc:0.984814
	total time:441.703s sample time:74.464s prep time:362.859s
	build dgl blocks time:0.000s prepare input2 time 0.000s prepare mails time 0.000
call get 135 times, total time 0.0
call put 135 times, total time 0.0
Epoch 31:
save model at epoch 31
	train loss:39098.0500  val ap:0.983020  val auc:0.985605
	total time:440.702s sample time:75.994s prep time:360.601s
	build dgl blocks time:0.000s prepare input2 time 0.000s prepare mails time 0.000
call get 135 times, total time 0.0
call put 135 times, total time 0.0
Epoch 32:
save model at epoch 32
	train loss:38196.2008  val ap:0.985122  val auc:0.987369
	total time:449.819s sample time:76.107s prep time:369.282s
	build dgl blocks time:0.000s prepare input2 time 0.000s prepare mails time 0.000
call get 135 times, total time 0.0
call put 135 times, total time 0.0
Epoch 33:
	train loss:38186.7156  val ap:0.985070  val auc:0.987172
	total time:440.472s sample time:73.958s prep time:362.481s
	build dgl blocks time:0.000s prepare input2 time 0.000s prepare mails time 0.000
call get 135 times, total time 0.0
call put 135 times, total time 0.0
Epoch 34:
	train loss:37367.2093  val ap:0.984864  val auc:0.987333
	total time:435.996s sample time:72.911s prep time:357.773s
	build dgl blocks time:0.000s prepare input2 time 0.000s prepare mails time 0.000
call get 135 times, total time 0.0
call put 135 times, total time 0.0
Epoch 35:
	train loss:37587.5638  val ap:0.984707  val auc:0.987077
	total time:433.583s sample time:73.620s prep time:353.185s
	build dgl blocks time:0.000s prepare input2 time 0.000s prepare mails time 0.000
call get 135 times, total time 0.0
call put 135 times, total time 0.0
Epoch 36:
save model at epoch 36
	train loss:36525.9735  val ap:0.985350  val auc:0.987650
	total time:434.132s sample time:73.718s prep time:354.768s
	build dgl blocks time:0.000s prepare input2 time 0.000s prepare mails time 0.000
call get 135 times, total time 0.0
call put 135 times, total time 0.0
Epoch 37:
	train loss:36078.7488  val ap:0.985218  val auc:0.987787
	total time:446.094s sample time:79.060s prep time:361.420s
	build dgl blocks time:0.000s prepare input2 time 0.000s prepare mails time 0.000
call get 135 times, total time 0.0
call put 135 times, total time 0.0
Epoch 38:
save model at epoch 38
	train loss:35858.2804  val ap:0.985974  val auc:0.988353
	total time:432.268s sample time:73.650s prep time:352.315s
	build dgl blocks time:0.000s prepare input2 time 0.000s prepare mails time 0.000
call get 135 times, total time 0.0
call put 135 times, total time 0.0
Epoch 39:
	train loss:35591.3871  val ap:0.985273  val auc:0.987687
	total time:432.855s sample time:73.042s prep time:354.783s
	build dgl blocks time:0.000s prepare input2 time 0.000s prepare mails time 0.000
call get 135 times, total time 0.0
call put 135 times, total time 0.0
Epoch 40:
save model at epoch 40
	train loss:35568.7474  val ap:0.987385  val auc:0.989358
	total time:448.233s sample time:76.159s prep time:365.827s
	build dgl blocks time:0.000s prepare input2 time 0.000s prepare mails time 0.000
call get 135 times, total time 0.0
call put 135 times, total time 0.0
Epoch 41:
	train loss:35237.2328  val ap:0.986233  val auc:0.988418
	total time:441.799s sample time:75.819s prep time:358.925s
	build dgl blocks time:0.000s prepare input2 time 0.000s prepare mails time 0.000
call get 135 times, total time 0.0
call put 135 times, total time 0.0
Epoch 42:
	train loss:34826.1037  val ap:0.986273  val auc:0.988499
	total time:452.672s sample time:75.140s prep time:371.220s
	build dgl blocks time:0.000s prepare input2 time 0.000s prepare mails time 0.000
call get 135 times, total time 0.0
call put 135 times, total time 0.0
Epoch 43:
save model at epoch 43
	train loss:35064.7695  val ap:0.987532  val auc:0.989177
	total time:442.443s sample time:74.313s prep time:362.101s
	build dgl blocks time:0.000s prepare input2 time 0.000s prepare mails time 0.000
call get 135 times, total time 0.0
call put 135 times, total time 0.0
Epoch 44:
	train loss:34361.5771  val ap:0.986972  val auc:0.989043
	total time:438.813s sample time:74.598s prep time:358.117s
	build dgl blocks time:0.000s prepare input2 time 0.000s prepare mails time 0.000
call get 135 times, total time 0.0
call put 135 times, total time 0.0
Epoch 45:
	train loss:34576.6470  val ap:0.987165  val auc:0.989336
	total time:435.166s sample time:71.959s prep time:356.817s
	build dgl blocks time:0.000s prepare input2 time 0.000s prepare mails time 0.000
call get 135 times, total time 0.0
call put 135 times, total time 0.0
Epoch 46:
save model at epoch 46
	train loss:34340.2606  val ap:0.987717  val auc:0.989418
	total time:427.158s sample time:70.385s prep time:350.676s
	build dgl blocks time:0.000s prepare input2 time 0.000s prepare mails time 0.000
call get 135 times, total time 0.0
call put 135 times, total time 0.0
Epoch 47:
save model at epoch 47
	train loss:33978.6148  val ap:0.988684  val auc:0.990266
	total time:459.494s sample time:78.450s prep time:372.456s
	build dgl blocks time:0.000s prepare input2 time 0.000s prepare mails time 0.000
call get 135 times, total time 0.0
call put 135 times, total time 0.0
Epoch 48:
	train loss:33883.1471  val ap:0.988288  val auc:0.990029
	total time:450.482s sample time:77.181s prep time:365.935s
	build dgl blocks time:0.000s prepare input2 time 0.000s prepare mails time 0.000
call get 135 times, total time 0.0
call put 135 times, total time 0.0
Epoch 49:
	train loss:33755.6969  val ap:0.987962  val auc:0.989796
	total time:464.627s sample time:77.537s prep time:378.444s
	build dgl blocks time:0.000s prepare input2 time 0.000s prepare mails time 0.000
call get 135 times, total time 0.0
call put 135 times, total time 0.0
Epoch 50:
	train loss:33497.3902  val ap:0.987868  val auc:0.989712
	total time:478.840s sample time:78.540s prep time:392.046s
	build dgl blocks time:0.000s prepare input2 time 0.000s prepare mails time 0.000
call get 135 times, total time 0.0
call put 135 times, total time 0.0
Epoch 51:
	train loss:33662.1668  val ap:0.988493  val auc:0.990000
	total time:450.150s sample time:74.428s prep time:367.608s
	build dgl blocks time:0.000s prepare input2 time 0.000s prepare mails time 0.000
call get 135 times, total time 0.0
call put 135 times, total time 0.0
Epoch 52:
	train loss:33320.4882  val ap:0.987866  val auc:0.989782
	total time:339.763s sample time:55.730s prep time:276.174s
	build dgl blocks time:0.000s prepare input2 time 0.000s prepare mails time 0.000
call get 135 times, total time 0.0
call put 135 times, total time 0.0
Epoch 53:
	train loss:32831.5949  val ap:0.988404  val auc:0.989959
	total time:380.457s sample time:63.711s prep time:309.144s
	build dgl blocks time:0.000s prepare input2 time 0.000s prepare mails time 0.000
call get 135 times, total time 0.0
call put 135 times, total time 0.0
Epoch 54:
	train loss:32724.9122  val ap:0.987164  val auc:0.989055
	total time:436.999s sample time:72.913s prep time:356.249s
	build dgl blocks time:0.000s prepare input2 time 0.000s prepare mails time 0.000
call get 135 times, total time 0.0
call put 135 times, total time 0.0
Epoch 55:
save model at epoch 55
	train loss:32682.1006  val ap:0.989588  val auc:0.991002
	total time:434.251s sample time:72.294s prep time:354.157s
	build dgl blocks time:0.000s prepare input2 time 0.000s prepare mails time 0.000
call get 135 times, total time 0.0
call put 135 times, total time 0.0
Epoch 56:
	train loss:32699.7245  val ap:0.988249  val auc:0.989824
	total time:450.384s sample time:76.054s prep time:366.306s
	build dgl blocks time:0.000s prepare input2 time 0.000s prepare mails time 0.000
call get 135 times, total time 0.0
call put 135 times, total time 0.0
Epoch 57:
	train loss:32628.8960  val ap:0.988525  val auc:0.990232
	total time:496.075s sample time:81.117s prep time:406.405s
	build dgl blocks time:0.000s prepare input2 time 0.000s prepare mails time 0.000
call get 135 times, total time 0.0
call put 135 times, total time 0.0
Epoch 58:
	train loss:32362.3182  val ap:0.988632  val auc:0.990274
	total time:497.302s sample time:84.616s prep time:405.389s
	build dgl blocks time:0.000s prepare input2 time 0.000s prepare mails time 0.000
call get 135 times, total time 0.0
call put 135 times, total time 0.0
Epoch 59:
	train loss:32212.3823  val ap:0.988336  val auc:0.989992
	total time:483.649s sample time:81.640s prep time:392.836s
	build dgl blocks time:0.000s prepare input2 time 0.000s prepare mails time 0.000
call get 135 times, total time 0.0
call put 135 times, total time 0.0
Epoch 60:
	train loss:32371.5866  val ap:0.989423  val auc:0.990615
	total time:500.132s sample time:84.180s prep time:406.012s
	build dgl blocks time:0.000s prepare input2 time 0.000s prepare mails time 0.000
call get 135 times, total time 0.0
call put 135 times, total time 0.0
Epoch 61:
	train loss:32081.6249  val ap:0.989481  val auc:0.990784
	total time:499.370s sample time:82.806s prep time:407.885s
	build dgl blocks time:0.000s prepare input2 time 0.000s prepare mails time 0.000
call get 135 times, total time 0.0
call put 135 times, total time 0.0
Epoch 62:
	train loss:31711.1434  val ap:0.989448  val auc:0.990918
	total time:494.377s sample time:84.299s prep time:401.875s
	build dgl blocks time:0.000s prepare input2 time 0.000s prepare mails time 0.000
call get 135 times, total time 0.0
call put 135 times, total time 0.0
Epoch 63:
	train loss:31564.8191  val ap:0.988777  val auc:0.990217
	total time:496.321s sample time:83.854s prep time:405.099s
	build dgl blocks time:0.000s prepare input2 time 0.000s prepare mails time 0.000
call get 135 times, total time 0.0
call put 135 times, total time 0.0
Epoch 64:
save model at epoch 64
	train loss:31658.2880  val ap:0.989604  val auc:0.990952
	total time:500.673s sample time:83.307s prep time:408.204s
	build dgl blocks time:0.000s prepare input2 time 0.000s prepare mails time 0.000
call get 135 times, total time 0.0
call put 135 times, total time 0.0
Epoch 65:
save model at epoch 65
	train loss:31496.3972  val ap:0.989954  val auc:0.990975
	total time:505.337s sample time:83.749s prep time:412.194s
	build dgl blocks time:0.000s prepare input2 time 0.000s prepare mails time 0.000
call get 135 times, total time 0.0
call put 135 times, total time 0.0
Epoch 66:
save model at epoch 66
	train loss:31617.9557  val ap:0.990161  val auc:0.991426
	total time:482.875s sample time:81.404s prep time:395.976s
	build dgl blocks time:0.000s prepare input2 time 0.000s prepare mails time 0.000
call get 135 times, total time 0.0
call put 135 times, total time 0.0
Epoch 67:
	train loss:31441.5822  val ap:0.990011  val auc:0.991066
	total time:383.288s sample time:62.890s prep time:315.860s
	build dgl blocks time:0.000s prepare input2 time 0.000s prepare mails time 0.000
call get 135 times, total time 0.0
call put 135 times, total time 0.0
Epoch 68:
	train loss:31176.9514  val ap:0.989819  val auc:0.991085
	total time:376.074s sample time:62.530s prep time:309.273s
	build dgl blocks time:0.000s prepare input2 time 0.000s prepare mails time 0.000
call get 135 times, total time 0.0
call put 135 times, total time 0.0
Epoch 69:
	train loss:30864.5314  val ap:0.988733  val auc:0.990373
	total time:375.437s sample time:61.673s prep time:309.782s
	build dgl blocks time:0.000s prepare input2 time 0.000s prepare mails time 0.000
call get 135 times, total time 0.0
call put 135 times, total time 0.0
Epoch 70:
	train loss:31119.8479  val ap:0.988938  val auc:0.990399
	total time:299.175s sample time:49.358s prep time:245.232s
	build dgl blocks time:0.000s prepare input2 time 0.000s prepare mails time 0.000
call get 135 times, total time 0.0
call put 135 times, total time 0.0
Epoch 71:
	train loss:31325.2459  val ap:0.990034  val auc:0.991014
	total time:272.399s sample time:45.386s prep time:222.736s
	build dgl blocks time:0.000s prepare input2 time 0.000s prepare mails time 0.000
call get 135 times, total time 0.0
call put 135 times, total time 0.0
Epoch 72:
	train loss:31145.5249  val ap:0.988823  val auc:0.990407
	total time:266.638s sample time:43.733s prep time:218.975s
	build dgl blocks time:0.000s prepare input2 time 0.000s prepare mails time 0.000
call get 135 times, total time 0.0
call put 135 times, total time 0.0
Epoch 73:
	train loss:30743.5174  val ap:0.989664  val auc:0.990984
	total time:269.237s sample time:44.471s prep time:220.250s
	build dgl blocks time:0.000s prepare input2 time 0.000s prepare mails time 0.000
call get 135 times, total time 0.0
call put 135 times, total time 0.0
Epoch 74:
	train loss:30700.4504  val ap:0.990050  val auc:0.991307
	total time:268.898s sample time:44.378s prep time:219.607s
	build dgl blocks time:0.000s prepare input2 time 0.000s prepare mails time 0.000
call get 135 times, total time 0.0
call put 135 times, total time 0.0
Epoch 75:
	train loss:30610.1669  val ap:0.989234  val auc:0.990351
	total time:249.094s sample time:39.300s prep time:205.383s
	build dgl blocks time:0.000s prepare input2 time 0.000s prepare mails time 0.000
call get 135 times, total time 0.0
call put 135 times, total time 0.0
Epoch 76:
	train loss:30547.0466  val ap:0.989691  val auc:0.991188
	total time:256.054s sample time:43.094s prep time:208.710s
	build dgl blocks time:0.000s prepare input2 time 0.000s prepare mails time 0.000
call get 135 times, total time 0.0
call put 135 times, total time 0.0
ap don't improve in 3 epoches, early stop
average statistics: 
	 average_prep time: 333.6459293179698
	 time_total 392.178 s
	total sample time: 80.675 s
	total sample node: 386500.5375, self._n_sample_per_node [10]
	 time_forward: 1.607
	 time_memory: 23.723
	 time_message: 23.059
	 time_backward 2.096s
	 time_message 229.626s
Loading model at epoch 66...
	test AP:0.991134  test AUC:0.992415
