has edge feature
total 470713 for train, can cache 524288, 1.1138166993475855%
Epoch 0:
save model at epoch 0
	train loss:216258.4555  val ap:0.987820  val auc:0.991084
	total time:16.541s sample time:0.394s prep time:10.917s
	build dgl blocks time:0.000s prepare input2 time 0.000s prepare mails time 0.000
call get 573 times, total time 0.0
call put 573 times, total time 0.0
Epoch 1:
save model at epoch 1
	train loss:113099.0920  val ap:0.990432  val auc:0.993048
	total time:13.007s sample time:0.333s prep time:8.184s
	build dgl blocks time:0.000s prepare input2 time 0.000s prepare mails time 0.000
call get 573 times, total time 0.0
call put 573 times, total time 0.0
Epoch 2:
save model at epoch 2
	train loss:98459.9595  val ap:0.991697  val auc:0.993882
	total time:12.646s sample time:0.283s prep time:7.903s
	build dgl blocks time:0.000s prepare input2 time 0.000s prepare mails time 0.000
call get 573 times, total time 0.0
call put 573 times, total time 0.0
Epoch 3:
save model at epoch 3
	train loss:92454.1561  val ap:0.993165  val auc:0.994901
	total time:84.966s sample time:11.044s prep time:68.668s
	build dgl blocks time:0.000s prepare input2 time 0.000s prepare mails time 0.000
call get 573 times, total time 0.0
call put 573 times, total time 0.0
Epoch 4:
save model at epoch 4
	train loss:88687.5343  val ap:0.993436  val auc:0.995413
	total time:435.487s sample time:72.672s prep time:355.367s
	build dgl blocks time:0.000s prepare input2 time 0.000s prepare mails time 0.000
call get 573 times, total time 0.0
call put 573 times, total time 0.0
Epoch 5:
save model at epoch 5
	train loss:81487.9245  val ap:0.994042  val auc:0.995757
	total time:434.765s sample time:73.506s prep time:353.700s
	build dgl blocks time:0.000s prepare input2 time 0.000s prepare mails time 0.000
call get 573 times, total time 0.0
call put 573 times, total time 0.0
Epoch 6:
save model at epoch 6
	train loss:76001.0527  val ap:0.994643  val auc:0.996071
	total time:450.433s sample time:77.166s prep time:365.754s
	build dgl blocks time:0.000s prepare input2 time 0.000s prepare mails time 0.000
call get 573 times, total time 0.0
call put 573 times, total time 0.0
Epoch 7:
save model at epoch 7
	train loss:74180.1890  val ap:0.995047  val auc:0.996289
	total time:445.160s sample time:74.653s prep time:363.274s
	build dgl blocks time:0.000s prepare input2 time 0.000s prepare mails time 0.000
call get 573 times, total time 0.0
call put 573 times, total time 0.0
Epoch 8:
save model at epoch 8
	train loss:71262.4978  val ap:0.995578  val auc:0.996533
	total time:438.185s sample time:73.177s prep time:357.544s
	build dgl blocks time:0.000s prepare input2 time 0.000s prepare mails time 0.000
call get 573 times, total time 0.0
call put 573 times, total time 0.0
Epoch 9:
save model at epoch 9
	train loss:69755.1038  val ap:0.995622  val auc:0.996546
	total time:441.844s sample time:74.222s prep time:360.281s
	build dgl blocks time:0.000s prepare input2 time 0.000s prepare mails time 0.000
call get 573 times, total time 0.0
call put 573 times, total time 0.0
Epoch 10:
save model at epoch 10
	train loss:67835.1042  val ap:0.996253  val auc:0.996943
	total time:384.522s sample time:65.739s prep time:311.921s
	build dgl blocks time:0.000s prepare input2 time 0.000s prepare mails time 0.000
call get 573 times, total time 0.0
call put 573 times, total time 0.0
Epoch 11:
	train loss:66301.6979  val ap:0.996251  val auc:0.997025
	total time:354.508s sample time:59.482s prep time:288.136s
	build dgl blocks time:0.000s prepare input2 time 0.000s prepare mails time 0.000
call get 573 times, total time 0.0
call put 573 times, total time 0.0
Epoch 12:
save model at epoch 12
	train loss:66124.1797  val ap:0.996474  val auc:0.997143
	total time:375.505s sample time:63.843s prep time:304.842s
	build dgl blocks time:0.000s prepare input2 time 0.000s prepare mails time 0.000
call get 573 times, total time 0.0
call put 573 times, total time 0.0
Epoch 13:
save model at epoch 13
	train loss:64794.6695  val ap:0.996672  val auc:0.997317
	total time:387.453s sample time:64.343s prep time:316.219s
	build dgl blocks time:0.000s prepare input2 time 0.000s prepare mails time 0.000
call get 573 times, total time 0.0
call put 573 times, total time 0.0
Epoch 14:
save model at epoch 14
	train loss:64264.5049  val ap:0.996801  val auc:0.997445
	total time:626.448s sample time:103.592s prep time:515.525s
	build dgl blocks time:0.000s prepare input2 time 0.000s prepare mails time 0.000
call get 573 times, total time 0.0
call put 573 times, total time 0.0
Epoch 15:
	train loss:63844.6219  val ap:0.996792  val auc:0.997327
	total time:1016.022s sample time:170.432s prep time:836.452s
	build dgl blocks time:0.000s prepare input2 time 0.000s prepare mails time 0.000
call get 573 times, total time 0.0
call put 573 times, total time 0.0
Epoch 16:
save model at epoch 16
	train loss:62438.3955  val ap:0.996829  val auc:0.997407
	total time:816.255s sample time:139.051s prep time:669.236s
	build dgl blocks time:0.000s prepare input2 time 0.000s prepare mails time 0.000
call get 573 times, total time 0.0
call put 573 times, total time 0.0
Epoch 17:
save model at epoch 17
	train loss:62419.4868  val ap:0.996918  val auc:0.997420
	total time:982.679s sample time:164.803s prep time:808.524s
	build dgl blocks time:0.000s prepare input2 time 0.000s prepare mails time 0.000
call get 573 times, total time 0.0
call put 573 times, total time 0.0
Epoch 18:
save model at epoch 18
	train loss:61710.6221  val ap:0.997027  val auc:0.997521
	total time:787.662s sample time:135.735s prep time:643.674s
	build dgl blocks time:0.000s prepare input2 time 0.000s prepare mails time 0.000
call get 573 times, total time 0.0
call put 573 times, total time 0.0
Epoch 19:
	train loss:61751.1074  val ap:0.997003  val auc:0.997500
	total time:811.539s sample time:136.926s prep time:666.251s
	build dgl blocks time:0.000s prepare input2 time 0.000s prepare mails time 0.000
call get 573 times, total time 0.0
call put 573 times, total time 0.0
Epoch 20:
save model at epoch 20
	train loss:60879.5218  val ap:0.997193  val auc:0.997669
	total time:811.492s sample time:136.249s prep time:666.821s
	build dgl blocks time:0.000s prepare input2 time 0.000s prepare mails time 0.000
call get 573 times, total time 0.0
call put 573 times, total time 0.0
Epoch 21:
	train loss:60860.8542  val ap:0.997078  val auc:0.997553
	total time:651.588s sample time:108.635s prep time:535.047s
	build dgl blocks time:0.000s prepare input2 time 0.000s prepare mails time 0.000
call get 573 times, total time 0.0
call put 573 times, total time 0.0
Epoch 22:
save model at epoch 22
	train loss:60522.9475  val ap:0.997329  val auc:0.997732
	total time:634.329s sample time:108.581s prep time:517.741s
	build dgl blocks time:0.000s prepare input2 time 0.000s prepare mails time 0.000
call get 573 times, total time 0.0
call put 573 times, total time 0.0
Epoch 23:
	train loss:59760.0924  val ap:0.997280  val auc:0.997704
	total time:248.414s sample time:38.423s prep time:203.838s
	build dgl blocks time:0.000s prepare input2 time 0.000s prepare mails time 0.000
call get 573 times, total time 0.0
call put 573 times, total time 0.0
Epoch 24:
	train loss:58310.8626  val ap:0.997253  val auc:0.997667
	total time:295.221s sample time:46.822s prep time:242.125s
	build dgl blocks time:0.000s prepare input2 time 0.000s prepare mails time 0.000
call get 573 times, total time 0.0
call put 573 times, total time 0.0
Epoch 25:
	train loss:58395.3318  val ap:0.997311  val auc:0.997722
	total time:289.326s sample time:45.636s prep time:237.370s
	build dgl blocks time:0.000s prepare input2 time 0.000s prepare mails time 0.000
call get 573 times, total time 0.0
call put 573 times, total time 0.0
Epoch 26:
save model at epoch 26
	train loss:58473.6095  val ap:0.997658  val auc:0.998003
	total time:343.653s sample time:55.440s prep time:281.523s
	build dgl blocks time:0.000s prepare input2 time 0.000s prepare mails time 0.000
call get 573 times, total time 0.0
call put 573 times, total time 0.0
Epoch 27:
	train loss:58632.2333  val ap:0.997580  val auc:0.997909
	total time:304.185s sample time:48.696s prep time:249.166s
	build dgl blocks time:0.000s prepare input2 time 0.000s prepare mails time 0.000
call get 573 times, total time 0.0
call put 573 times, total time 0.0
Epoch 28:
	train loss:57106.8770  val ap:0.997512  val auc:0.997879
	total time:285.447s sample time:44.383s prep time:234.898s
	build dgl blocks time:0.000s prepare input2 time 0.000s prepare mails time 0.000
call get 573 times, total time 0.0
call put 573 times, total time 0.0
Epoch 29:
save model at epoch 29
	train loss:57686.1009  val ap:0.997802  val auc:0.998103
	total time:318.778s sample time:50.647s prep time:261.374s
	build dgl blocks time:0.000s prepare input2 time 0.000s prepare mails time 0.000
call get 573 times, total time 0.0
call put 573 times, total time 0.0
Epoch 30:
	train loss:57646.3613  val ap:0.997687  val auc:0.997978
	total time:345.297s sample time:55.083s prep time:282.797s
	build dgl blocks time:0.000s prepare input2 time 0.000s prepare mails time 0.000
call get 573 times, total time 0.0
call put 573 times, total time 0.0
Epoch 31:
	train loss:56457.5739  val ap:0.997614  val auc:0.997966
	total time:454.359s sample time:73.854s prep time:371.454s
	build dgl blocks time:0.000s prepare input2 time 0.000s prepare mails time 0.000
call get 573 times, total time 0.0
call put 573 times, total time 0.0
Epoch 32:
	train loss:55844.9686  val ap:0.997741  val auc:0.998058
	total time:449.084s sample time:70.542s prep time:369.451s
	build dgl blocks time:0.000s prepare input2 time 0.000s prepare mails time 0.000
call get 573 times, total time 0.0
call put 573 times, total time 0.0
Epoch 33:
	train loss:55654.5630  val ap:0.997766  val auc:0.998068
	total time:285.119s sample time:45.402s prep time:233.017s
	build dgl blocks time:0.000s prepare input2 time 0.000s prepare mails time 0.000
call get 573 times, total time 0.0
call put 573 times, total time 0.0
Epoch 34:
	train loss:55498.1465  val ap:0.997731  val auc:0.998048
	total time:496.343s sample time:81.067s prep time:405.949s
	build dgl blocks time:0.000s prepare input2 time 0.000s prepare mails time 0.000
call get 573 times, total time 0.0
call put 573 times, total time 0.0
Epoch 35:
save model at epoch 35
	train loss:54671.9676  val ap:0.997885  val auc:0.998157
	total time:482.825s sample time:77.778s prep time:396.089s
	build dgl blocks time:0.000s prepare input2 time 0.000s prepare mails time 0.000
call get 573 times, total time 0.0
call put 573 times, total time 0.0
Epoch 36:
save model at epoch 36
	train loss:55071.9831  val ap:0.997899  val auc:0.998173
	total time:227.042s sample time:33.473s prep time:186.848s
	build dgl blocks time:0.000s prepare input2 time 0.000s prepare mails time 0.000
call get 573 times, total time 0.0
call put 573 times, total time 0.0
Epoch 37:
	train loss:54971.5684  val ap:0.997814  val auc:0.998112
	total time:421.136s sample time:66.745s prep time:345.215s
	build dgl blocks time:0.000s prepare input2 time 0.000s prepare mails time 0.000
call get 573 times, total time 0.0
call put 573 times, total time 0.0
Epoch 38:
	train loss:54792.0349  val ap:0.997768  val auc:0.998118
	total time:470.609s sample time:77.184s prep time:384.119s
	build dgl blocks time:0.000s prepare input2 time 0.000s prepare mails time 0.000
call get 573 times, total time 0.0
call put 573 times, total time 0.0
Epoch 39:
save model at epoch 39
	train loss:54566.4862  val ap:0.998003  val auc:0.998250
	total time:386.181s sample time:61.587s prep time:316.211s
	build dgl blocks time:0.000s prepare input2 time 0.000s prepare mails time 0.000
call get 573 times, total time 0.0
call put 573 times, total time 0.0
Epoch 40:
	train loss:54408.6445  val ap:0.997782  val auc:0.998098
	total time:438.311s sample time:70.037s prep time:359.267s
	build dgl blocks time:0.000s prepare input2 time 0.000s prepare mails time 0.000
call get 573 times, total time 0.0
call put 573 times, total time 0.0
Epoch 41:
	train loss:54413.7906  val ap:0.997965  val auc:0.998257
	total time:345.281s sample time:54.403s prep time:283.218s
	build dgl blocks time:0.000s prepare input2 time 0.000s prepare mails time 0.000
call get 573 times, total time 0.0
call put 573 times, total time 0.0
Epoch 42:
	train loss:53519.7443  val ap:0.997918  val auc:0.998159
	total time:287.359s sample time:44.767s prep time:234.600s
	build dgl blocks time:0.000s prepare input2 time 0.000s prepare mails time 0.000
call get 573 times, total time 0.0
call put 573 times, total time 0.0
Epoch 43:
	train loss:54082.0349  val ap:0.997978  val auc:0.998254
	total time:234.270s sample time:36.284s prep time:190.426s
	build dgl blocks time:0.000s prepare input2 time 0.000s prepare mails time 0.000
call get 573 times, total time 0.0
call put 573 times, total time 0.0
Epoch 44:
save model at epoch 44
	train loss:53474.3517  val ap:0.998004  val auc:0.998251
	total time:235.551s sample time:35.166s prep time:192.920s
	build dgl blocks time:0.000s prepare input2 time 0.000s prepare mails time 0.000
call get 573 times, total time 0.0
call put 573 times, total time 0.0
Epoch 45:
	train loss:53636.2369  val ap:0.997877  val auc:0.998161
	total time:202.926s sample time:30.152s prep time:166.212s
	build dgl blocks time:0.000s prepare input2 time 0.000s prepare mails time 0.000
call get 573 times, total time 0.0
call put 573 times, total time 0.0
Epoch 46:
save model at epoch 46
	train loss:53413.2795  val ap:0.998078  val auc:0.998315
	total time:59.201s sample time:6.355s prep time:47.611s
	build dgl blocks time:0.000s prepare input2 time 0.000s prepare mails time 0.000
call get 573 times, total time 0.0
call put 573 times, total time 0.0
Epoch 47:
save model at epoch 47
	train loss:52917.9999  val ap:0.998091  val auc:0.998318
	total time:61.219s sample time:6.570s prep time:49.479s
	build dgl blocks time:0.000s prepare input2 time 0.000s prepare mails time 0.000
call get 573 times, total time 0.0
call put 573 times, total time 0.0
Epoch 48:
	train loss:53191.9400  val ap:0.998033  val auc:0.998260
	total time:65.195s sample time:6.723s prep time:53.276s
	build dgl blocks time:0.000s prepare input2 time 0.000s prepare mails time 0.000
call get 573 times, total time 0.0
call put 573 times, total time 0.0
Epoch 49:
	train loss:52923.9673  val ap:0.997995  val auc:0.998257
	total time:53.222s sample time:5.467s prep time:42.672s
	build dgl blocks time:0.000s prepare input2 time 0.000s prepare mails time 0.000
call get 573 times, total time 0.0
call put 573 times, total time 0.0
Epoch 50:
	train loss:52373.3773  val ap:0.997980  val auc:0.998232
	total time:59.766s sample time:6.367s prep time:48.152s
	build dgl blocks time:0.000s prepare input2 time 0.000s prepare mails time 0.000
call get 573 times, total time 0.0
call put 573 times, total time 0.0
Epoch 51:
	train loss:52759.7012  val ap:0.997834  val auc:0.998183
	total time:61.535s sample time:6.689s prep time:49.625s
	build dgl blocks time:0.000s prepare input2 time 0.000s prepare mails time 0.000
call get 573 times, total time 0.0
call put 573 times, total time 0.0
Epoch 52:
	train loss:52631.0963  val ap:0.997992  val auc:0.998275
	total time:63.938s sample time:6.902s prep time:51.895s
	build dgl blocks time:0.000s prepare input2 time 0.000s prepare mails time 0.000
call get 573 times, total time 0.0
call put 573 times, total time 0.0
Epoch 53:
	train loss:52118.5124  val ap:0.998032  val auc:0.998279
	total time:65.365s sample time:7.463s prep time:52.758s
	build dgl blocks time:0.000s prepare input2 time 0.000s prepare mails time 0.000
call get 573 times, total time 0.0
call put 573 times, total time 0.0
Epoch 54:
	train loss:51996.5131  val ap:0.998052  val auc:0.998273
	total time:59.438s sample time:6.680s prep time:47.564s
	build dgl blocks time:0.000s prepare input2 time 0.000s prepare mails time 0.000
call get 573 times, total time 0.0
call put 573 times, total time 0.0
Epoch 55:
	train loss:52386.8985  val ap:0.997898  val auc:0.998204
	total time:66.934s sample time:7.163s prep time:54.487s
	build dgl blocks time:0.000s prepare input2 time 0.000s prepare mails time 0.000
call get 573 times, total time 0.0
call put 573 times, total time 0.0
Epoch 56:
	train loss:52041.2611  val ap:0.997981  val auc:0.998241
	total time:63.621s sample time:7.286s prep time:51.240s
	build dgl blocks time:0.000s prepare input2 time 0.000s prepare mails time 0.000
call get 573 times, total time 0.0
call put 573 times, total time 0.0
Epoch 57:
save model at epoch 57
	train loss:51955.3835  val ap:0.998133  val auc:0.998358
	total time:54.593s sample time:5.682s prep time:43.864s
	build dgl blocks time:0.000s prepare input2 time 0.000s prepare mails time 0.000
call get 573 times, total time 0.0
call put 573 times, total time 0.0
Epoch 58:
	train loss:51987.4445  val ap:0.998115  val auc:0.998339
	total time:69.933s sample time:8.268s prep time:56.443s
	build dgl blocks time:0.000s prepare input2 time 0.000s prepare mails time 0.000
call get 573 times, total time 0.0
call put 573 times, total time 0.0
Epoch 59:
save model at epoch 59
	train loss:51916.1981  val ap:0.998181  val auc:0.998410
	total time:59.097s sample time:6.372s prep time:47.584s
	build dgl blocks time:0.000s prepare input2 time 0.000s prepare mails time 0.000
call get 573 times, total time 0.0
call put 573 times, total time 0.0
Epoch 60:
	train loss:51569.7000  val ap:0.997998  val auc:0.998259
	total time:64.190s sample time:7.372s prep time:51.698s
	build dgl blocks time:0.000s prepare input2 time 0.000s prepare mails time 0.000
call get 573 times, total time 0.0
call put 573 times, total time 0.0
Epoch 61:
	train loss:51451.7458  val ap:0.998095  val auc:0.998324
	total time:62.648s sample time:7.048s prep time:50.432s
	build dgl blocks time:0.000s prepare input2 time 0.000s prepare mails time 0.000
call get 573 times, total time 0.0
call put 573 times, total time 0.0
Epoch 62:
	train loss:51269.2383  val ap:0.997945  val auc:0.998243
	total time:59.793s sample time:6.329s prep time:48.306s
	build dgl blocks time:0.000s prepare input2 time 0.000s prepare mails time 0.000
call get 573 times, total time 0.0
call put 573 times, total time 0.0
Epoch 63:
	train loss:51618.4631  val ap:0.998173  val auc:0.998406
	total time:53.789s sample time:5.915s prep time:42.881s
	build dgl blocks time:0.000s prepare input2 time 0.000s prepare mails time 0.000
call get 573 times, total time 0.0
call put 573 times, total time 0.0
Epoch 64:
	train loss:51484.1783  val ap:0.997957  val auc:0.998234
	total time:63.213s sample time:6.391s prep time:51.717s
	build dgl blocks time:0.000s prepare input2 time 0.000s prepare mails time 0.000
call get 573 times, total time 0.0
call put 573 times, total time 0.0
Epoch 65:
	train loss:50804.7911  val ap:0.998127  val auc:0.998367
	total time:57.047s sample time:5.554s prep time:46.431s
	build dgl blocks time:0.000s prepare input2 time 0.000s prepare mails time 0.000
call get 573 times, total time 0.0
call put 573 times, total time 0.0
Epoch 66:
	train loss:51175.1187  val ap:0.997959  val auc:0.998244
	total time:69.660s sample time:8.343s prep time:56.033s
	build dgl blocks time:0.000s prepare input2 time 0.000s prepare mails time 0.000
call get 573 times, total time 0.0
call put 573 times, total time 0.0
Epoch 67:
	train loss:50670.0311  val ap:0.998092  val auc:0.998352
	total time:64.877s sample time:6.926s prep time:52.826s
	build dgl blocks time:0.000s prepare input2 time 0.000s prepare mails time 0.000
call get 573 times, total time 0.0
call put 573 times, total time 0.0
Epoch 68:
	train loss:50415.0893  val ap:0.998155  val auc:0.998376
	total time:63.716s sample time:6.981s prep time:51.637s
	build dgl blocks time:0.000s prepare input2 time 0.000s prepare mails time 0.000
call get 573 times, total time 0.0
call put 573 times, total time 0.0
Epoch 69:
save model at epoch 69
	train loss:50600.7791  val ap:0.998273  val auc:0.998483
	total time:65.674s sample time:7.007s prep time:53.450s
	build dgl blocks time:0.000s prepare input2 time 0.000s prepare mails time 0.000
call get 573 times, total time 0.0
call put 573 times, total time 0.0
Epoch 70:
	train loss:50307.6672  val ap:0.998119  val auc:0.998389
	total time:45.922s sample time:4.888s prep time:36.061s
	build dgl blocks time:0.000s prepare input2 time 0.000s prepare mails time 0.000
call get 573 times, total time 0.0
call put 573 times, total time 0.0
Epoch 71:
	train loss:50384.0258  val ap:0.998170  val auc:0.998378
	total time:55.288s sample time:5.392s prep time:44.844s
	build dgl blocks time:0.000s prepare input2 time 0.000s prepare mails time 0.000
call get 573 times, total time 0.0
call put 573 times, total time 0.0
Epoch 72:
	train loss:50881.3992  val ap:0.998156  val auc:0.998370
	total time:57.109s sample time:5.763s prep time:46.206s
	build dgl blocks time:0.000s prepare input2 time 0.000s prepare mails time 0.000
call get 573 times, total time 0.0
call put 573 times, total time 0.0
Epoch 73:
	train loss:50310.6995  val ap:0.998114  val auc:0.998316
	total time:57.340s sample time:5.523s prep time:46.727s
	build dgl blocks time:0.000s prepare input2 time 0.000s prepare mails time 0.000
call get 573 times, total time 0.0
call put 573 times, total time 0.0
Epoch 74:
	train loss:50013.6464  val ap:0.998093  val auc:0.998354
	total time:69.311s sample time:7.604s prep time:56.515s
	build dgl blocks time:0.000s prepare input2 time 0.000s prepare mails time 0.000
call get 573 times, total time 0.0
call put 573 times, total time 0.0
Epoch 75:
	train loss:50087.2486  val ap:0.998205  val auc:0.998389
	total time:59.726s sample time:6.741s prep time:47.826s
	build dgl blocks time:0.000s prepare input2 time 0.000s prepare mails time 0.000
call get 573 times, total time 0.0
call put 573 times, total time 0.0
Epoch 76:
	train loss:49675.1540  val ap:0.998199  val auc:0.998412
	total time:62.120s sample time:6.784s prep time:50.194s
	build dgl blocks time:0.000s prepare input2 time 0.000s prepare mails time 0.000
call get 573 times, total time 0.0
call put 573 times, total time 0.0
Epoch 77:
	train loss:49899.7323  val ap:0.997838  val auc:0.998161
	total time:63.175s sample time:6.272s prep time:51.780s
	build dgl blocks time:0.000s prepare input2 time 0.000s prepare mails time 0.000
call get 573 times, total time 0.0
call put 573 times, total time 0.0
Epoch 78:
	train loss:50633.1786  val ap:0.998183  val auc:0.998416
	total time:53.658s sample time:5.561s prep time:43.071s
	build dgl blocks time:0.000s prepare input2 time 0.000s prepare mails time 0.000
call get 573 times, total time 0.0
call put 573 times, total time 0.0
Epoch 79:
	train loss:50229.6454  val ap:0.998229  val auc:0.998424
	total time:58.464s sample time:5.872s prep time:47.500s
	build dgl blocks time:0.000s prepare input2 time 0.000s prepare mails time 0.000
call get 573 times, total time 0.0
call put 573 times, total time 0.0
ap don't improve in 3 epoches, early stop
average statistics: 
	 average_prep time: 217.91064248383046
	 time_total 266.619 s
	total sample time: 51.958 s
	total sample node: 1714740.0, self._n_sample_per_node [10]
	 time_forward: 2.411
	 time_memory: 15.215
	 time_message: 14.652
	 time_backward 2.810s
	 time_message 153.125s
Loading model at epoch 69...
	test AP:0.997243  test AUC:0.997647
