has edge feature
total 110232 for train, can cache 16384, 0.14863197619566007%
Epoch 0:
save model at epoch 0
	train loss:129593.7534  val ap:0.888070  val auc:0.918710
	total time:254.495s sample time:42.192s prep time:206.828s
	build dgl blocks time:0.000s prepare input2 time 0.000s prepare mails time 0.000
call get 135 times, total time 0.0
call put 135 times, total time 0.0
Epoch 1:
	train loss:80047.4792  val ap:0.862749  val auc:0.929543
	total time:257.057s sample time:42.309s prep time:211.683s
	build dgl blocks time:0.000s prepare input2 time 0.000s prepare mails time 0.000
call get 135 times, total time 0.0
call put 135 times, total time 0.0
Epoch 2:
	train loss:68731.2846  val ap:0.861466  val auc:0.929887
	total time:257.477s sample time:44.251s prep time:209.856s
	build dgl blocks time:0.000s prepare input2 time 0.000s prepare mails time 0.000
call get 135 times, total time 0.0
call put 135 times, total time 0.0
Epoch 3:
	train loss:61887.6974  val ap:0.872861  val auc:0.933478
	total time:249.681s sample time:41.519s prep time:205.327s
	build dgl blocks time:0.000s prepare input2 time 0.000s prepare mails time 0.000
call get 135 times, total time 0.0
call put 135 times, total time 0.0
Epoch 4:
	train loss:59608.7410  val ap:0.883410  val auc:0.936047
	total time:250.152s sample time:43.043s prep time:203.735s
	build dgl blocks time:0.000s prepare input2 time 0.000s prepare mails time 0.000
call get 135 times, total time 0.0
call put 135 times, total time 0.0
Epoch 5:
save model at epoch 5
	train loss:57478.2660  val ap:0.897465  val auc:0.942009
	total time:250.878s sample time:43.248s prep time:204.474s
	build dgl blocks time:0.000s prepare input2 time 0.000s prepare mails time 0.000
call get 135 times, total time 0.0
call put 135 times, total time 0.0
Epoch 6:
save model at epoch 6
	train loss:56368.8160  val ap:0.903000  val auc:0.943254
	total time:252.107s sample time:42.065s prep time:207.617s
	build dgl blocks time:0.000s prepare input2 time 0.000s prepare mails time 0.000
call get 135 times, total time 0.0
call put 135 times, total time 0.0
Epoch 7:
	train loss:55553.0933  val ap:0.902910  val auc:0.941355
	total time:252.785s sample time:42.990s prep time:207.193s
	build dgl blocks time:0.000s prepare input2 time 0.000s prepare mails time 0.000
call get 135 times, total time 0.0
call put 135 times, total time 0.0
Epoch 8:
save model at epoch 8
	train loss:54840.5592  val ap:0.911296  val auc:0.946237
	total time:250.531s sample time:42.169s prep time:205.275s
	build dgl blocks time:0.000s prepare input2 time 0.000s prepare mails time 0.000
call get 135 times, total time 0.0
call put 135 times, total time 0.0
Epoch 9:
save model at epoch 9
	train loss:54516.8507  val ap:0.911862  val auc:0.945092
	total time:270.047s sample time:45.738s prep time:221.984s
	build dgl blocks time:0.000s prepare input2 time 0.000s prepare mails time 0.000
call get 135 times, total time 0.0
call put 135 times, total time 0.0
Epoch 10:
save model at epoch 10
	train loss:53424.2525  val ap:0.915698  val auc:0.947940
	total time:284.689s sample time:48.468s prep time:233.605s
	build dgl blocks time:0.000s prepare input2 time 0.000s prepare mails time 0.000
call get 135 times, total time 0.0
call put 135 times, total time 0.0
Epoch 11:
save model at epoch 11
	train loss:52593.3591  val ap:0.922117  val auc:0.950004
	total time:287.180s sample time:48.956s prep time:235.717s
	build dgl blocks time:0.000s prepare input2 time 0.000s prepare mails time 0.000
call get 135 times, total time 0.0
call put 135 times, total time 0.0
Epoch 12:
save model at epoch 12
	train loss:52231.2232  val ap:0.927329  val auc:0.951043
	total time:293.809s sample time:50.124s prep time:241.124s
	build dgl blocks time:0.000s prepare input2 time 0.000s prepare mails time 0.000
call get 135 times, total time 0.0
call put 135 times, total time 0.0
Epoch 13:
save model at epoch 13
	train loss:51610.0452  val ap:0.929988  val auc:0.952908
	total time:295.391s sample time:50.531s prep time:242.239s
	build dgl blocks time:0.000s prepare input2 time 0.000s prepare mails time 0.000
call get 135 times, total time 0.0
call put 135 times, total time 0.0
Epoch 14:
save model at epoch 14
	train loss:50727.4454  val ap:0.931239  val auc:0.953545
	total time:302.062s sample time:51.480s prep time:248.305s
	build dgl blocks time:0.000s prepare input2 time 0.000s prepare mails time 0.000
call get 135 times, total time 0.0
call put 135 times, total time 0.0
Epoch 15:
save model at epoch 15
	train loss:50269.0040  val ap:0.941157  val auc:0.958553
	total time:387.170s sample time:63.501s prep time:319.639s
	build dgl blocks time:0.000s prepare input2 time 0.000s prepare mails time 0.000
call get 135 times, total time 0.0
call put 135 times, total time 0.0
Epoch 16:
save model at epoch 16
	train loss:49283.6637  val ap:0.945730  val auc:0.961096
	total time:439.478s sample time:73.516s prep time:362.347s
	build dgl blocks time:0.000s prepare input2 time 0.000s prepare mails time 0.000
call get 135 times, total time 0.0
call put 135 times, total time 0.0
Epoch 17:
save model at epoch 17
	train loss:48330.3867  val ap:0.956389  val auc:0.966608
	total time:517.619s sample time:88.614s prep time:424.641s
	build dgl blocks time:0.000s prepare input2 time 0.000s prepare mails time 0.000
call get 135 times, total time 0.0
call put 135 times, total time 0.0
Epoch 18:
save model at epoch 18
	train loss:47738.9242  val ap:0.959688  val auc:0.969037
	total time:532.011s sample time:91.608s prep time:436.519s
	build dgl blocks time:0.000s prepare input2 time 0.000s prepare mails time 0.000
call get 135 times, total time 0.0
call put 135 times, total time 0.0
Epoch 19:
save model at epoch 19
	train loss:46898.1158  val ap:0.965347  val auc:0.972836
	total time:539.939s sample time:92.253s prep time:443.287s
	build dgl blocks time:0.000s prepare input2 time 0.000s prepare mails time 0.000
call get 135 times, total time 0.0
call put 135 times, total time 0.0
Epoch 20:
save model at epoch 20
	train loss:45922.4042  val ap:0.969511  val auc:0.975271
	total time:510.677s sample time:87.584s prep time:418.796s
	build dgl blocks time:0.000s prepare input2 time 0.000s prepare mails time 0.000
call get 135 times, total time 0.0
call put 135 times, total time 0.0
Epoch 21:
save model at epoch 21
	train loss:44829.5257  val ap:0.972372  val auc:0.977510
	total time:530.179s sample time:89.926s prep time:436.320s
	build dgl blocks time:0.000s prepare input2 time 0.000s prepare mails time 0.000
call get 135 times, total time 0.0
call put 135 times, total time 0.0
Epoch 22:
save model at epoch 22
	train loss:44111.7374  val ap:0.974642  val auc:0.979383
	total time:531.451s sample time:87.793s prep time:438.918s
	build dgl blocks time:0.000s prepare input2 time 0.000s prepare mails time 0.000
call get 135 times, total time 0.0
call put 135 times, total time 0.0
Epoch 23:
save model at epoch 23
	train loss:42284.1514  val ap:0.976794  val auc:0.980605
	total time:530.520s sample time:88.872s prep time:437.946s
	build dgl blocks time:0.000s prepare input2 time 0.000s prepare mails time 0.000
call get 135 times, total time 0.0
call put 135 times, total time 0.0
Epoch 24:
save model at epoch 24
	train loss:42309.1627  val ap:0.977012  val auc:0.981458
	total time:529.772s sample time:91.452s prep time:434.178s
	build dgl blocks time:0.000s prepare input2 time 0.000s prepare mails time 0.000
call get 135 times, total time 0.0
call put 135 times, total time 0.0
Epoch 25:
save model at epoch 25
	train loss:41547.3124  val ap:0.979102  val auc:0.982767
	total time:524.093s sample time:87.451s prep time:432.489s
	build dgl blocks time:0.000s prepare input2 time 0.000s prepare mails time 0.000
call get 135 times, total time 0.0
call put 135 times, total time 0.0
Epoch 26:
	train loss:40615.0074  val ap:0.978422  val auc:0.982925
	total time:547.610s sample time:92.935s prep time:450.563s
	build dgl blocks time:0.000s prepare input2 time 0.000s prepare mails time 0.000
call get 135 times, total time 0.0
call put 135 times, total time 0.0
Epoch 27:
save model at epoch 27
	train loss:39956.4519  val ap:0.980282  val auc:0.983977
	total time:535.420s sample time:89.666s prep time:442.261s
	build dgl blocks time:0.000s prepare input2 time 0.000s prepare mails time 0.000
call get 135 times, total time 0.0
call put 135 times, total time 0.0
Epoch 28:
	train loss:39240.2777  val ap:0.980231  val auc:0.983892
	total time:503.108s sample time:85.532s prep time:413.266s
	build dgl blocks time:0.000s prepare input2 time 0.000s prepare mails time 0.000
call get 135 times, total time 0.0
call put 135 times, total time 0.0
Epoch 29:
save model at epoch 29
	train loss:38940.2049  val ap:0.982194  val auc:0.985270
	total time:463.655s sample time:81.143s prep time:377.817s
	build dgl blocks time:0.000s prepare input2 time 0.000s prepare mails time 0.000
call get 135 times, total time 0.0
call put 135 times, total time 0.0
Epoch 30:
save model at epoch 30
	train loss:38355.0085  val ap:0.982474  val auc:0.985584
	total time:441.503s sample time:76.011s prep time:361.756s
	build dgl blocks time:0.000s prepare input2 time 0.000s prepare mails time 0.000
call get 135 times, total time 0.0
call put 135 times, total time 0.0
Epoch 31:
save model at epoch 31
	train loss:37939.2854  val ap:0.982514  val auc:0.985953
	total time:436.225s sample time:75.333s prep time:356.627s
	build dgl blocks time:0.000s prepare input2 time 0.000s prepare mails time 0.000
call get 135 times, total time 0.0
call put 135 times, total time 0.0
Epoch 32:
save model at epoch 32
	train loss:37884.7630  val ap:0.983838  val auc:0.986197
	total time:442.830s sample time:73.823s prep time:365.100s
	build dgl blocks time:0.000s prepare input2 time 0.000s prepare mails time 0.000
call get 135 times, total time 0.0
call put 135 times, total time 0.0
Epoch 33:
	train loss:37216.2039  val ap:0.983609  val auc:0.986654
	total time:445.074s sample time:76.887s prep time:364.118s
	build dgl blocks time:0.000s prepare input2 time 0.000s prepare mails time 0.000
call get 135 times, total time 0.0
call put 135 times, total time 0.0
Epoch 34:
	train loss:37100.4942  val ap:0.982970  val auc:0.986287
	total time:436.735s sample time:72.829s prep time:358.553s
	build dgl blocks time:0.000s prepare input2 time 0.000s prepare mails time 0.000
call get 135 times, total time 0.0
call put 135 times, total time 0.0
Epoch 35:
	train loss:36774.9545  val ap:0.983165  val auc:0.986009
	total time:428.563s sample time:72.652s prep time:349.914s
	build dgl blocks time:0.000s prepare input2 time 0.000s prepare mails time 0.000
call get 135 times, total time 0.0
call put 135 times, total time 0.0
Epoch 36:
save model at epoch 36
	train loss:36280.9434  val ap:0.983873  val auc:0.986734
	total time:433.661s sample time:73.338s prep time:354.005s
	build dgl blocks time:0.000s prepare input2 time 0.000s prepare mails time 0.000
call get 135 times, total time 0.0
call put 135 times, total time 0.0
Epoch 37:
save model at epoch 37
	train loss:36348.8835  val ap:0.985252  val auc:0.987762
	total time:445.089s sample time:74.814s prep time:364.548s
	build dgl blocks time:0.000s prepare input2 time 0.000s prepare mails time 0.000
call get 135 times, total time 0.0
call put 135 times, total time 0.0
Epoch 38:
	train loss:35642.5606  val ap:0.984609  val auc:0.987410
	total time:423.879s sample time:70.163s prep time:347.901s
	build dgl blocks time:0.000s prepare input2 time 0.000s prepare mails time 0.000
call get 135 times, total time 0.0
call put 135 times, total time 0.0
Epoch 39:
	train loss:35419.5282  val ap:0.984195  val auc:0.987270
	total time:429.554s sample time:71.724s prep time:351.435s
	build dgl blocks time:0.000s prepare input2 time 0.000s prepare mails time 0.000
call get 135 times, total time 0.0
call put 135 times, total time 0.0
Epoch 40:
	train loss:35016.9942  val ap:0.984284  val auc:0.987120
	total time:448.710s sample time:75.417s prep time:367.991s
	build dgl blocks time:0.000s prepare input2 time 0.000s prepare mails time 0.000
call get 135 times, total time 0.0
call put 135 times, total time 0.0
Epoch 41:
save model at epoch 41
	train loss:34773.0519  val ap:0.986575  val auc:0.988500
	total time:437.526s sample time:75.298s prep time:356.202s
	build dgl blocks time:0.000s prepare input2 time 0.000s prepare mails time 0.000
call get 135 times, total time 0.0
call put 135 times, total time 0.0
Epoch 42:
	train loss:34702.3542  val ap:0.985899  val auc:0.988353
	total time:444.046s sample time:75.081s prep time:363.621s
	build dgl blocks time:0.000s prepare input2 time 0.000s prepare mails time 0.000
call get 135 times, total time 0.0
call put 135 times, total time 0.0
Epoch 43:
	train loss:34519.3175  val ap:0.986014  val auc:0.988225
	total time:427.481s sample time:71.455s prep time:348.877s
	build dgl blocks time:0.000s prepare input2 time 0.000s prepare mails time 0.000
call get 135 times, total time 0.0
call put 135 times, total time 0.0
Epoch 44:
save model at epoch 44
	train loss:34249.2536  val ap:0.986789  val auc:0.988866
	total time:441.324s sample time:76.504s prep time:358.869s
	build dgl blocks time:0.000s prepare input2 time 0.000s prepare mails time 0.000
call get 135 times, total time 0.0
call put 135 times, total time 0.0
Epoch 45:
save model at epoch 45
	train loss:34385.2120  val ap:0.987576  val auc:0.989205
	total time:429.899s sample time:70.018s prep time:353.212s
	build dgl blocks time:0.000s prepare input2 time 0.000s prepare mails time 0.000
call get 135 times, total time 0.0
call put 135 times, total time 0.0
Epoch 46:
	train loss:33976.6545  val ap:0.987008  val auc:0.988789
	total time:430.783s sample time:70.702s prep time:352.776s
	build dgl blocks time:0.000s prepare input2 time 0.000s prepare mails time 0.000
call get 135 times, total time 0.0
call put 135 times, total time 0.0
Epoch 47:
	train loss:33948.3954  val ap:0.987375  val auc:0.988829
	total time:446.471s sample time:72.755s prep time:366.329s
	build dgl blocks time:0.000s prepare input2 time 0.000s prepare mails time 0.000
call get 135 times, total time 0.0
call put 135 times, total time 0.0
Epoch 48:
	train loss:33782.6556  val ap:0.986800  val auc:0.988671
	total time:445.177s sample time:74.591s prep time:363.377s
	build dgl blocks time:0.000s prepare input2 time 0.000s prepare mails time 0.000
call get 135 times, total time 0.0
call put 135 times, total time 0.0
Epoch 49:
save model at epoch 49
	train loss:33690.3759  val ap:0.987719  val auc:0.989460
	total time:449.546s sample time:74.224s prep time:367.327s
	build dgl blocks time:0.000s prepare input2 time 0.000s prepare mails time 0.000
call get 135 times, total time 0.0
call put 135 times, total time 0.0
Epoch 50:
save model at epoch 50
	train loss:33423.5649  val ap:0.988033  val auc:0.989419
	total time:462.124s sample time:77.821s prep time:376.472s
	build dgl blocks time:0.000s prepare input2 time 0.000s prepare mails time 0.000
call get 135 times, total time 0.0
call put 135 times, total time 0.0
Epoch 51:
save model at epoch 51
	train loss:33612.4250  val ap:0.988513  val auc:0.989948
	total time:471.772s sample time:77.955s prep time:385.773s
	build dgl blocks time:0.000s prepare input2 time 0.000s prepare mails time 0.000
call get 135 times, total time 0.0
call put 135 times, total time 0.0
Epoch 52:
	train loss:32869.3596  val ap:0.988170  val auc:0.989615
	total time:336.881s sample time:55.235s prep time:274.109s
	build dgl blocks time:0.000s prepare input2 time 0.000s prepare mails time 0.000
call get 135 times, total time 0.0
call put 135 times, total time 0.0
Epoch 53:
save model at epoch 53
	train loss:32543.1401  val ap:0.989326  val auc:0.990573
	total time:347.684s sample time:56.734s prep time:282.750s
	build dgl blocks time:0.000s prepare input2 time 0.000s prepare mails time 0.000
call get 135 times, total time 0.0
call put 135 times, total time 0.0
Epoch 54:
save model at epoch 54
	train loss:32467.0039  val ap:0.989580  val auc:0.990708
	total time:435.513s sample time:70.251s prep time:358.183s
	build dgl blocks time:0.000s prepare input2 time 0.000s prepare mails time 0.000
call get 135 times, total time 0.0
call put 135 times, total time 0.0
Epoch 55:
save model at epoch 55
	train loss:32147.2719  val ap:0.989761  val auc:0.990637
	total time:443.272s sample time:75.101s prep time:361.732s
	build dgl blocks time:0.000s prepare input2 time 0.000s prepare mails time 0.000
call get 135 times, total time 0.0
call put 135 times, total time 0.0
Epoch 56:
	train loss:32719.0935  val ap:0.988698  val auc:0.990206
	total time:447.870s sample time:75.204s prep time:364.980s
	build dgl blocks time:0.000s prepare input2 time 0.000s prepare mails time 0.000
call get 135 times, total time 0.0
call put 135 times, total time 0.0
Epoch 57:
save model at epoch 57
	train loss:32300.6499  val ap:0.990048  val auc:0.991166
	total time:486.139s sample time:79.829s prep time:398.724s
	build dgl blocks time:0.000s prepare input2 time 0.000s prepare mails time 0.000
call get 135 times, total time 0.0
call put 135 times, total time 0.0
Epoch 58:
	train loss:32142.3479  val ap:0.989765  val auc:0.990724
	total time:495.923s sample time:85.339s prep time:402.619s
	build dgl blocks time:0.000s prepare input2 time 0.000s prepare mails time 0.000
call get 135 times, total time 0.0
call put 135 times, total time 0.0
Epoch 59:
	train loss:32099.2221  val ap:0.989824  val auc:0.990720
	total time:480.780s sample time:82.183s prep time:392.369s
	build dgl blocks time:0.000s prepare input2 time 0.000s prepare mails time 0.000
call get 135 times, total time 0.0
call put 135 times, total time 0.0
Epoch 60:
	train loss:32178.8478  val ap:0.989127  val auc:0.990065
	total time:488.765s sample time:82.270s prep time:399.013s
	build dgl blocks time:0.000s prepare input2 time 0.000s prepare mails time 0.000
call get 135 times, total time 0.0
call put 135 times, total time 0.0
Epoch 61:
	train loss:31769.8773  val ap:0.989221  val auc:0.990329
	total time:493.972s sample time:83.191s prep time:402.580s
	build dgl blocks time:0.000s prepare input2 time 0.000s prepare mails time 0.000
call get 135 times, total time 0.0
call put 135 times, total time 0.0
Epoch 62:
save model at epoch 62
	train loss:31747.0001  val ap:0.990276  val auc:0.991207
	total time:492.926s sample time:82.571s prep time:402.984s
	build dgl blocks time:0.000s prepare input2 time 0.000s prepare mails time 0.000
call get 135 times, total time 0.0
call put 135 times, total time 0.0
Epoch 63:
save model at epoch 63
	train loss:31684.4022  val ap:0.991129  val auc:0.991793
	total time:482.974s sample time:80.651s prep time:394.822s
	build dgl blocks time:0.000s prepare input2 time 0.000s prepare mails time 0.000
call get 135 times, total time 0.0
call put 135 times, total time 0.0
Epoch 64:
	train loss:31249.0484  val ap:0.989693  val auc:0.990776
	total time:511.181s sample time:83.233s prep time:419.760s
	build dgl blocks time:0.000s prepare input2 time 0.000s prepare mails time 0.000
call get 135 times, total time 0.0
call put 135 times, total time 0.0
Epoch 65:
	train loss:31561.0258  val ap:0.990703  val auc:0.991522
	total time:499.630s sample time:86.274s prep time:403.918s
	build dgl blocks time:0.000s prepare input2 time 0.000s prepare mails time 0.000
call get 135 times, total time 0.0
call put 135 times, total time 0.0
Epoch 66:
	train loss:31001.9573  val ap:0.991027  val auc:0.991702
	total time:498.561s sample time:83.025s prep time:406.889s
	build dgl blocks time:0.000s prepare input2 time 0.000s prepare mails time 0.000
call get 135 times, total time 0.0
call put 135 times, total time 0.0
Epoch 67:
	train loss:30974.4211  val ap:0.989181  val auc:0.990350
	total time:387.082s sample time:62.694s prep time:317.743s
	build dgl blocks time:0.000s prepare input2 time 0.000s prepare mails time 0.000
call get 135 times, total time 0.0
call put 135 times, total time 0.0
Epoch 68:
	train loss:30582.5382  val ap:0.989875  val auc:0.991068
	total time:378.181s sample time:61.524s prep time:310.086s
	build dgl blocks time:0.000s prepare input2 time 0.000s prepare mails time 0.000
call get 135 times, total time 0.0
call put 135 times, total time 0.0
Epoch 69:
	train loss:30836.1422  val ap:0.990353  val auc:0.991161
	total time:378.110s sample time:63.883s prep time:307.342s
	build dgl blocks time:0.000s prepare input2 time 0.000s prepare mails time 0.000
call get 135 times, total time 0.0
call put 135 times, total time 0.0
Epoch 70:
	train loss:30743.7219  val ap:0.990484  val auc:0.991264
	total time:325.768s sample time:53.978s prep time:264.402s
	build dgl blocks time:0.000s prepare input2 time 0.000s prepare mails time 0.000
call get 135 times, total time 0.0
call put 135 times, total time 0.0
Epoch 71:
	train loss:30739.2621  val ap:0.991100  val auc:0.991617
	total time:278.046s sample time:45.481s prep time:225.974s
	build dgl blocks time:0.000s prepare input2 time 0.000s prepare mails time 0.000
call get 135 times, total time 0.0
call put 135 times, total time 0.0
Epoch 72:
	train loss:31081.6261  val ap:0.990101  val auc:0.991170
	total time:271.711s sample time:43.898s prep time:221.064s
	build dgl blocks time:0.000s prepare input2 time 0.000s prepare mails time 0.000
call get 135 times, total time 0.0
call put 135 times, total time 0.0
Epoch 73:
	train loss:30459.1714  val ap:0.989981  val auc:0.990850
	total time:265.038s sample time:41.750s prep time:216.279s
	build dgl blocks time:0.000s prepare input2 time 0.000s prepare mails time 0.000
call get 135 times, total time 0.0
call put 135 times, total time 0.0
ap don't improve in 3 epoches, early stop
average statistics: 
	 average_prep time: 338.0683126803991
	 time_total 381.938 s
	total sample time: 78.249 s
	total sample node: 371442.075, self._n_sample_per_node [10]
	 time_forward: 1.578
	 time_memory: 23.279
	 time_message: 22.544
	 time_backward 2.164s
	 time_message 221.980s
Loading model at epoch 63...
	test AP:0.991341  test AUC:0.992354
