has edge feature
total 110232 for train, can cache 131072, 1.1890558095652806%
Epoch 0:
save model at epoch 0
	train loss:127424.3891  val ap:0.887736  val auc:0.922426
	total time:113.949s sample time:19.514s prep time:91.754s
	build dgl blocks time:0.000s prepare input2 time 0.000s prepare mails time 0.000
call get 135 times, total time 0.0
call put 135 times, total time 0.0
Epoch 1:
	train loss:77535.0045  val ap:0.863570  val auc:0.929968
	total time:109.865s sample time:18.786s prep time:89.335s
	build dgl blocks time:0.000s prepare input2 time 0.000s prepare mails time 0.000
call get 135 times, total time 0.0
call put 135 times, total time 0.0
Epoch 2:
	train loss:67163.3445  val ap:0.869647  val auc:0.931649
	total time:98.035s sample time:16.323s prep time:79.940s
	build dgl blocks time:0.000s prepare input2 time 0.000s prepare mails time 0.000
call get 135 times, total time 0.0
call put 135 times, total time 0.0
Epoch 3:
	train loss:62216.0295  val ap:0.873020  val auc:0.934049
	total time:99.586s sample time:16.792s prep time:81.129s
	build dgl blocks time:0.000s prepare input2 time 0.000s prepare mails time 0.000
call get 135 times, total time 0.0
call put 135 times, total time 0.0
Epoch 4:
	train loss:59273.4264  val ap:0.884792  val auc:0.938418
	total time:100.076s sample time:17.218s prep time:81.226s
	build dgl blocks time:0.000s prepare input2 time 0.000s prepare mails time 0.000
call get 135 times, total time 0.0
call put 135 times, total time 0.0
Epoch 5:
save model at epoch 5
	train loss:57028.1124  val ap:0.888887  val auc:0.939013
	total time:96.058s sample time:16.578s prep time:77.834s
	build dgl blocks time:0.000s prepare input2 time 0.000s prepare mails time 0.000
call get 135 times, total time 0.0
call put 135 times, total time 0.0
Epoch 6:
save model at epoch 6
	train loss:56395.7255  val ap:0.906902  val auc:0.945888
	total time:105.479s sample time:17.882s prep time:85.919s
	build dgl blocks time:0.000s prepare input2 time 0.000s prepare mails time 0.000
call get 135 times, total time 0.0
call put 135 times, total time 0.0
Epoch 7:
	train loss:55296.9384  val ap:0.906161  val auc:0.944665
	total time:104.313s sample time:17.441s prep time:85.094s
	build dgl blocks time:0.000s prepare input2 time 0.000s prepare mails time 0.000
call get 135 times, total time 0.0
call put 135 times, total time 0.0
Epoch 8:
	train loss:54383.4025  val ap:0.904183  val auc:0.943456
	total time:97.916s sample time:16.761s prep time:79.594s
	build dgl blocks time:0.000s prepare input2 time 0.000s prepare mails time 0.000
call get 135 times, total time 0.0
call put 135 times, total time 0.0
Epoch 9:
save model at epoch 9
	train loss:53931.4043  val ap:0.917798  val auc:0.949438
	total time:103.045s sample time:17.271s prep time:84.077s
	build dgl blocks time:0.000s prepare input2 time 0.000s prepare mails time 0.000
call get 135 times, total time 0.0
call put 135 times, total time 0.0
Epoch 10:
	train loss:53809.7175  val ap:0.905339  val auc:0.943252
	total time:101.823s sample time:16.693s prep time:83.510s
	build dgl blocks time:0.000s prepare input2 time 0.000s prepare mails time 0.000
call get 135 times, total time 0.0
call put 135 times, total time 0.0
Epoch 11:
save model at epoch 11
	train loss:52904.4502  val ap:0.921271  val auc:0.950595
	total time:104.673s sample time:18.186s prep time:84.885s
	build dgl blocks time:0.000s prepare input2 time 0.000s prepare mails time 0.000
call get 135 times, total time 0.0
call put 135 times, total time 0.0
Epoch 12:
	train loss:52207.3295  val ap:0.921045  val auc:0.950963
	total time:101.218s sample time:17.549s prep time:82.115s
	build dgl blocks time:0.000s prepare input2 time 0.000s prepare mails time 0.000
call get 135 times, total time 0.0
call put 135 times, total time 0.0
Epoch 13:
save model at epoch 13
	train loss:52741.8543  val ap:0.922347  val auc:0.950322
	total time:110.629s sample time:19.051s prep time:89.961s
	build dgl blocks time:0.000s prepare input2 time 0.000s prepare mails time 0.000
call get 135 times, total time 0.0
call put 135 times, total time 0.0
Epoch 14:
save model at epoch 14
	train loss:52058.5974  val ap:0.925314  val auc:0.951980
	total time:102.791s sample time:17.414s prep time:83.605s
	build dgl blocks time:0.000s prepare input2 time 0.000s prepare mails time 0.000
call get 135 times, total time 0.0
call put 135 times, total time 0.0
Epoch 15:
save model at epoch 15
	train loss:50282.3206  val ap:0.930703  val auc:0.954979
	total time:101.310s sample time:17.263s prep time:82.360s
	build dgl blocks time:0.000s prepare input2 time 0.000s prepare mails time 0.000
call get 135 times, total time 0.0
call put 135 times, total time 0.0
Epoch 16:
save model at epoch 16
	train loss:50466.7765  val ap:0.939308  val auc:0.957862
	total time:103.281s sample time:17.334s prep time:84.304s
	build dgl blocks time:0.000s prepare input2 time 0.000s prepare mails time 0.000
call get 135 times, total time 0.0
call put 135 times, total time 0.0
Epoch 17:
save model at epoch 17
	train loss:49316.9678  val ap:0.947991  val auc:0.961752
	total time:76.001s sample time:12.859s prep time:61.531s
	build dgl blocks time:0.000s prepare input2 time 0.000s prepare mails time 0.000
call get 135 times, total time 0.0
call put 135 times, total time 0.0
Epoch 18:
save model at epoch 18
	train loss:48424.5410  val ap:0.958554  val auc:0.967946
	total time:103.952s sample time:17.810s prep time:84.579s
	build dgl blocks time:0.000s prepare input2 time 0.000s prepare mails time 0.000
call get 135 times, total time 0.0
call put 135 times, total time 0.0
Epoch 19:
save model at epoch 19
	train loss:46609.5076  val ap:0.962409  val auc:0.971214
	total time:104.448s sample time:17.683s prep time:85.221s
	build dgl blocks time:0.000s prepare input2 time 0.000s prepare mails time 0.000
call get 135 times, total time 0.0
call put 135 times, total time 0.0
Epoch 20:
	train loss:45450.6882  val ap:0.962214  val auc:0.972557
	total time:103.882s sample time:17.482s prep time:84.892s
	build dgl blocks time:0.000s prepare input2 time 0.000s prepare mails time 0.000
call get 135 times, total time 0.0
call put 135 times, total time 0.0
Epoch 21:
save model at epoch 21
	train loss:44304.7530  val ap:0.968066  val auc:0.975161
	total time:105.073s sample time:17.857s prep time:85.610s
	build dgl blocks time:0.000s prepare input2 time 0.000s prepare mails time 0.000
call get 135 times, total time 0.0
call put 135 times, total time 0.0
Epoch 22:
save model at epoch 22
	train loss:43936.0204  val ap:0.968787  val auc:0.976052
	total time:103.502s sample time:17.995s prep time:83.846s
	build dgl blocks time:0.000s prepare input2 time 0.000s prepare mails time 0.000
call get 135 times, total time 0.0
call put 135 times, total time 0.0
Epoch 23:
save model at epoch 23
	train loss:43052.9138  val ap:0.970815  val auc:0.977724
	total time:102.466s sample time:17.507s prep time:83.171s
	build dgl blocks time:0.000s prepare input2 time 0.000s prepare mails time 0.000
call get 135 times, total time 0.0
call put 135 times, total time 0.0
Epoch 24:
save model at epoch 24
	train loss:42375.6526  val ap:0.972568  val auc:0.978954
	total time:98.659s sample time:16.714s prep time:80.335s
	build dgl blocks time:0.000s prepare input2 time 0.000s prepare mails time 0.000
call get 135 times, total time 0.0
call put 135 times, total time 0.0
Epoch 25:
save model at epoch 25
	train loss:41803.6004  val ap:0.973672  val auc:0.979805
	total time:102.253s sample time:18.330s prep time:82.431s
	build dgl blocks time:0.000s prepare input2 time 0.000s prepare mails time 0.000
call get 135 times, total time 0.0
call put 135 times, total time 0.0
Epoch 26:
save model at epoch 26
	train loss:41192.9747  val ap:0.976192  val auc:0.980945
	total time:93.840s sample time:16.140s prep time:76.109s
	build dgl blocks time:0.000s prepare input2 time 0.000s prepare mails time 0.000
call get 135 times, total time 0.0
call put 135 times, total time 0.0
Epoch 27:
save model at epoch 27
	train loss:40789.0977  val ap:0.976531  val auc:0.981286
	total time:94.108s sample time:15.765s prep time:76.774s
	build dgl blocks time:0.000s prepare input2 time 0.000s prepare mails time 0.000
call get 135 times, total time 0.0
call put 135 times, total time 0.0
Epoch 28:
save model at epoch 28
	train loss:40330.7179  val ap:0.978661  val auc:0.982691
	total time:99.513s sample time:17.902s prep time:79.979s
	build dgl blocks time:0.000s prepare input2 time 0.000s prepare mails time 0.000
call get 135 times, total time 0.0
call put 135 times, total time 0.0
Epoch 29:
	train loss:39687.1700  val ap:0.977221  val auc:0.982521
	total time:89.263s sample time:15.165s prep time:72.429s
	build dgl blocks time:0.000s prepare input2 time 0.000s prepare mails time 0.000
call get 135 times, total time 0.0
call put 135 times, total time 0.0
Epoch 30:
	train loss:38841.6075  val ap:0.978153  val auc:0.983056
	total time:83.859s sample time:14.246s prep time:68.071s
	build dgl blocks time:0.000s prepare input2 time 0.000s prepare mails time 0.000
call get 135 times, total time 0.0
call put 135 times, total time 0.0
Epoch 31:
save model at epoch 31
	train loss:38932.9309  val ap:0.980504  val auc:0.984428
	total time:79.714s sample time:13.218s prep time:64.939s
	build dgl blocks time:0.000s prepare input2 time 0.000s prepare mails time 0.000
call get 135 times, total time 0.0
call put 135 times, total time 0.0
Epoch 32:
	train loss:38587.3188  val ap:0.979033  val auc:0.983977
	total time:69.683s sample time:11.460s prep time:56.677s
	build dgl blocks time:0.000s prepare input2 time 0.000s prepare mails time 0.000
call get 135 times, total time 0.0
call put 135 times, total time 0.0
Epoch 33:
save model at epoch 33
	train loss:37839.9032  val ap:0.981594  val auc:0.985463
	total time:87.081s sample time:15.131s prep time:70.444s
	build dgl blocks time:0.000s prepare input2 time 0.000s prepare mails time 0.000
call get 135 times, total time 0.0
call put 135 times, total time 0.0
Epoch 34:
	train loss:37501.5605  val ap:0.981051  val auc:0.984961
	total time:65.142s sample time:10.965s prep time:52.601s
	build dgl blocks time:0.000s prepare input2 time 0.000s prepare mails time 0.000
call get 135 times, total time 0.0
call put 135 times, total time 0.0
Epoch 35:
	train loss:37168.1418  val ap:0.981402  val auc:0.985096
	total time:76.683s sample time:13.154s prep time:62.058s
	build dgl blocks time:0.000s prepare input2 time 0.000s prepare mails time 0.000
call get 135 times, total time 0.0
call put 135 times, total time 0.0
Epoch 36:
save model at epoch 36
	train loss:36768.4988  val ap:0.983970  val auc:0.986727
	total time:84.293s sample time:14.244s prep time:68.506s
	build dgl blocks time:0.000s prepare input2 time 0.000s prepare mails time 0.000
call get 135 times, total time 0.0
call put 135 times, total time 0.0
Epoch 37:
	train loss:36341.0456  val ap:0.983468  val auc:0.986594
	total time:75.420s sample time:12.899s prep time:61.154s
	build dgl blocks time:0.000s prepare input2 time 0.000s prepare mails time 0.000
call get 135 times, total time 0.0
call put 135 times, total time 0.0
Epoch 38:
save model at epoch 38
	train loss:36008.4967  val ap:0.985218  val auc:0.987602
	total time:76.609s sample time:12.574s prep time:62.446s
	build dgl blocks time:0.000s prepare input2 time 0.000s prepare mails time 0.000
call get 135 times, total time 0.0
call put 135 times, total time 0.0
Epoch 39:
	train loss:35505.5556  val ap:0.984093  val auc:0.987387
	total time:89.013s sample time:14.958s prep time:72.617s
	build dgl blocks time:0.000s prepare input2 time 0.000s prepare mails time 0.000
call get 135 times, total time 0.0
call put 135 times, total time 0.0
Epoch 40:
	train loss:35311.2513  val ap:0.984851  val auc:0.987668
	total time:68.624s sample time:11.103s prep time:55.919s
	build dgl blocks time:0.000s prepare input2 time 0.000s prepare mails time 0.000
call get 135 times, total time 0.0
call put 135 times, total time 0.0
Epoch 41:
	train loss:35439.9296  val ap:0.985090  val auc:0.987921
	total time:105.625s sample time:18.542s prep time:85.370s
	build dgl blocks time:0.000s prepare input2 time 0.000s prepare mails time 0.000
call get 135 times, total time 0.0
call put 135 times, total time 0.0
Epoch 42:
save model at epoch 42
	train loss:34747.9580  val ap:0.986561  val auc:0.989024
	total time:106.157s sample time:18.011s prep time:86.465s
	build dgl blocks time:0.000s prepare input2 time 0.000s prepare mails time 0.000
call get 135 times, total time 0.0
call put 135 times, total time 0.0
Epoch 43:
	train loss:34364.4601  val ap:0.986045  val auc:0.988185
	total time:142.113s sample time:24.112s prep time:116.253s
	build dgl blocks time:0.000s prepare input2 time 0.000s prepare mails time 0.000
call get 135 times, total time 0.0
call put 135 times, total time 0.0
Epoch 44:
save model at epoch 44
	train loss:34744.5821  val ap:0.986565  val auc:0.988635
	total time:144.231s sample time:24.815s prep time:117.732s
	build dgl blocks time:0.000s prepare input2 time 0.000s prepare mails time 0.000
call get 135 times, total time 0.0
call put 135 times, total time 0.0
Epoch 45:
save model at epoch 45
	train loss:34321.9352  val ap:0.986620  val auc:0.988602
	total time:140.204s sample time:24.333s prep time:114.173s
	build dgl blocks time:0.000s prepare input2 time 0.000s prepare mails time 0.000
call get 135 times, total time 0.0
call put 135 times, total time 0.0
Epoch 46:
save model at epoch 46
	train loss:33788.1960  val ap:0.987813  val auc:0.989497
	total time:176.304s sample time:31.168s prep time:143.209s
	build dgl blocks time:0.000s prepare input2 time 0.000s prepare mails time 0.000
call get 135 times, total time 0.0
call put 135 times, total time 0.0
Epoch 47:
	train loss:33615.5717  val ap:0.986867  val auc:0.988776
	total time:226.389s sample time:39.428s prep time:184.800s
	build dgl blocks time:0.000s prepare input2 time 0.000s prepare mails time 0.000
call get 135 times, total time 0.0
call put 135 times, total time 0.0
Epoch 48:
	train loss:33995.6420  val ap:0.987595  val auc:0.989277
	total time:246.105s sample time:41.269s prep time:202.590s
	build dgl blocks time:0.000s prepare input2 time 0.000s prepare mails time 0.000
call get 135 times, total time 0.0
call put 135 times, total time 0.0
Epoch 49:
	train loss:33442.3494  val ap:0.985951  val auc:0.988745
	total time:252.262s sample time:42.233s prep time:207.768s
	build dgl blocks time:0.000s prepare input2 time 0.000s prepare mails time 0.000
call get 135 times, total time 0.0
call put 135 times, total time 0.0
Epoch 50:
	train loss:33620.7143  val ap:0.986609  val auc:0.989060
	total time:239.323s sample time:39.931s prep time:196.972s
	build dgl blocks time:0.000s prepare input2 time 0.000s prepare mails time 0.000
call get 135 times, total time 0.0
call put 135 times, total time 0.0
Epoch 51:
	train loss:33343.3125  val ap:0.987572  val auc:0.989500
	total time:204.249s sample time:34.951s prep time:167.278s
	build dgl blocks time:0.000s prepare input2 time 0.000s prepare mails time 0.000
call get 135 times, total time 0.0
call put 135 times, total time 0.0
Epoch 52:
	train loss:33314.3845  val ap:0.987024  val auc:0.989315
	total time:198.852s sample time:34.178s prep time:162.679s
	build dgl blocks time:0.000s prepare input2 time 0.000s prepare mails time 0.000
call get 135 times, total time 0.0
call put 135 times, total time 0.0
Epoch 53:
	train loss:33012.2655  val ap:0.987144  val auc:0.989246
	total time:176.485s sample time:30.032s prep time:144.641s
	build dgl blocks time:0.000s prepare input2 time 0.000s prepare mails time 0.000
call get 135 times, total time 0.0
call put 135 times, total time 0.0
Epoch 54:
save model at epoch 54
	train loss:32749.7291  val ap:0.988204  val auc:0.989871
	total time:181.719s sample time:31.875s prep time:148.135s
	build dgl blocks time:0.000s prepare input2 time 0.000s prepare mails time 0.000
call get 135 times, total time 0.0
call put 135 times, total time 0.0
Epoch 55:
	train loss:32602.2736  val ap:0.987223  val auc:0.989188
	total time:223.967s sample time:38.201s prep time:183.628s
	build dgl blocks time:0.000s prepare input2 time 0.000s prepare mails time 0.000
call get 135 times, total time 0.0
call put 135 times, total time 0.0
Epoch 56:
save model at epoch 56
	train loss:32609.2067  val ap:0.989125  val auc:0.990390
	total time:264.117s sample time:45.726s prep time:216.269s
	build dgl blocks time:0.000s prepare input2 time 0.000s prepare mails time 0.000
call get 135 times, total time 0.0
call put 135 times, total time 0.0
Epoch 57:
save model at epoch 57
	train loss:32518.5492  val ap:0.989927  val auc:0.991152
	total time:224.036s sample time:38.813s prep time:183.167s
	build dgl blocks time:0.000s prepare input2 time 0.000s prepare mails time 0.000
call get 135 times, total time 0.0
call put 135 times, total time 0.0
Epoch 58:
	train loss:32136.1333  val ap:0.988824  val auc:0.990181
	total time:219.261s sample time:36.176s prep time:180.978s
	build dgl blocks time:0.000s prepare input2 time 0.000s prepare mails time 0.000
call get 135 times, total time 0.0
call put 135 times, total time 0.0
Epoch 59:
	train loss:32096.1030  val ap:0.988560  val auc:0.990224
	total time:214.638s sample time:36.486s prep time:176.227s
	build dgl blocks time:0.000s prepare input2 time 0.000s prepare mails time 0.000
call get 135 times, total time 0.0
call put 135 times, total time 0.0
Epoch 60:
	train loss:32488.0483  val ap:0.988633  val auc:0.990329
	total time:219.221s sample time:37.810s prep time:179.341s
	build dgl blocks time:0.000s prepare input2 time 0.000s prepare mails time 0.000
call get 135 times, total time 0.0
call put 135 times, total time 0.0
Epoch 61:
	train loss:31962.3541  val ap:0.989162  val auc:0.990818
	total time:188.107s sample time:30.881s prep time:155.307s
	build dgl blocks time:0.000s prepare input2 time 0.000s prepare mails time 0.000
call get 135 times, total time 0.0
call put 135 times, total time 0.0
Epoch 62:
	train loss:31773.7193  val ap:0.988534  val auc:0.990183
	total time:185.168s sample time:31.283s prep time:151.882s
	build dgl blocks time:0.000s prepare input2 time 0.000s prepare mails time 0.000
call get 135 times, total time 0.0
call put 135 times, total time 0.0
Epoch 63:
	train loss:31544.3846  val ap:0.988905  val auc:0.990240
	total time:182.591s sample time:30.117s prep time:150.580s
	build dgl blocks time:0.000s prepare input2 time 0.000s prepare mails time 0.000
call get 135 times, total time 0.0
call put 135 times, total time 0.0
Epoch 64:
	train loss:31699.8997  val ap:0.988690  val auc:0.990280
	total time:182.161s sample time:30.927s prep time:149.270s
	build dgl blocks time:0.000s prepare input2 time 0.000s prepare mails time 0.000
call get 135 times, total time 0.0
call put 135 times, total time 0.0
Epoch 65:
save model at epoch 65
	train loss:31512.3926  val ap:0.990033  val auc:0.991204
	total time:193.080s sample time:32.545s prep time:158.693s
	build dgl blocks time:0.000s prepare input2 time 0.000s prepare mails time 0.000
call get 135 times, total time 0.0
call put 135 times, total time 0.0
Epoch 66:
save model at epoch 66
	train loss:31549.9022  val ap:0.990418  val auc:0.991401
	total time:199.897s sample time:35.051s prep time:162.850s
	build dgl blocks time:0.000s prepare input2 time 0.000s prepare mails time 0.000
call get 135 times, total time 0.0
call put 135 times, total time 0.0
Epoch 67:
	train loss:31314.8209  val ap:0.988788  val auc:0.990522
	total time:189.721s sample time:33.028s prep time:154.774s
	build dgl blocks time:0.000s prepare input2 time 0.000s prepare mails time 0.000
call get 135 times, total time 0.0
call put 135 times, total time 0.0
Epoch 68:
	train loss:31218.8554  val ap:0.988876  val auc:0.990446
	total time:201.201s sample time:34.405s prep time:164.945s
	build dgl blocks time:0.000s prepare input2 time 0.000s prepare mails time 0.000
call get 135 times, total time 0.0
call put 135 times, total time 0.0
Epoch 69:
	train loss:30910.8005  val ap:0.989032  val auc:0.990552
	total time:181.282s sample time:30.299s prep time:149.302s
	build dgl blocks time:0.000s prepare input2 time 0.000s prepare mails time 0.000
call get 135 times, total time 0.0
call put 135 times, total time 0.0
Epoch 70:
save model at epoch 70
	train loss:31160.5691  val ap:0.990604  val auc:0.991442
	total time:203.727s sample time:34.437s prep time:167.230s
	build dgl blocks time:0.000s prepare input2 time 0.000s prepare mails time 0.000
call get 135 times, total time 0.0
call put 135 times, total time 0.0
Epoch 71:
	train loss:30846.8678  val ap:0.989733  val auc:0.991035
	total time:187.550s sample time:32.441s prep time:153.169s
	build dgl blocks time:0.000s prepare input2 time 0.000s prepare mails time 0.000
call get 135 times, total time 0.0
call put 135 times, total time 0.0
Epoch 72:
	train loss:31166.9748  val ap:0.989753  val auc:0.991086
	total time:174.017s sample time:30.148s prep time:142.022s
	build dgl blocks time:0.000s prepare input2 time 0.000s prepare mails time 0.000
call get 135 times, total time 0.0
call put 135 times, total time 0.0
Epoch 73:
	train loss:30935.6932  val ap:0.989807  val auc:0.991172
	total time:176.836s sample time:29.742s prep time:145.171s
	build dgl blocks time:0.000s prepare input2 time 0.000s prepare mails time 0.000
call get 135 times, total time 0.0
call put 135 times, total time 0.0
Epoch 74:
save model at epoch 74
	train loss:30472.6871  val ap:0.990766  val auc:0.991910
	total time:144.322s sample time:24.560s prep time:118.005s
	build dgl blocks time:0.000s prepare input2 time 0.000s prepare mails time 0.000
call get 135 times, total time 0.0
call put 135 times, total time 0.0
Epoch 75:
	train loss:30611.5330  val ap:0.990541  val auc:0.991527
	total time:154.405s sample time:27.142s prep time:125.460s
	build dgl blocks time:0.000s prepare input2 time 0.000s prepare mails time 0.000
call get 135 times, total time 0.0
call put 135 times, total time 0.0
Epoch 76:
	train loss:30224.8461  val ap:0.989247  val auc:0.990617
	total time:150.876s sample time:25.054s prep time:124.002s
	build dgl blocks time:0.000s prepare input2 time 0.000s prepare mails time 0.000
call get 135 times, total time 0.0
call put 135 times, total time 0.0
Epoch 77:
	train loss:30373.2529  val ap:0.989444  val auc:0.990772
	total time:202.884s sample time:33.208s prep time:167.655s
	build dgl blocks time:0.000s prepare input2 time 0.000s prepare mails time 0.000
call get 135 times, total time 0.0
call put 135 times, total time 0.0
Epoch 78:
	train loss:30614.5719  val ap:0.990052  val auc:0.991239
	total time:187.882s sample time:30.534s prep time:155.340s
	build dgl blocks time:0.000s prepare input2 time 0.000s prepare mails time 0.000
call get 135 times, total time 0.0
call put 135 times, total time 0.0
Epoch 79:
	train loss:30065.2116  val ap:0.990397  val auc:0.991446
	total time:142.832s sample time:23.255s prep time:117.623s
	build dgl blocks time:0.000s prepare input2 time 0.000s prepare mails time 0.000
call get 135 times, total time 0.0
call put 135 times, total time 0.0
average statistics: 
	 average_prep time: 114.62414845228196
	 time_total 140.262 s
	total sample time: 28.890 s
	total sample node: 401559.0, self._n_sample_per_node [10]
	 time_forward: 0.486
	 time_memory: 8.457
	 time_message: 8.317
	 time_backward 0.903s
	 time_message 82.086s
Loading model at epoch 74...
	test AP:0.991067  test AUC:0.992158
