has edge feature
total 110232 for train, can cache 65536, 0.5945279047826403%
Epoch 0:
save model at epoch 0
	train loss:132178.1093  val ap:0.894597  val auc:0.928438
	total time:250.519s sample time:41.519s prep time:205.524s
	build dgl blocks time:0.000s prepare input2 time 0.000s prepare mails time 0.000
call get 135 times, total time 0.0
call put 135 times, total time 0.0
Epoch 1:
	train loss:77293.3804  val ap:0.857868  val auc:0.928974
	total time:255.748s sample time:43.423s prep time:208.974s
	build dgl blocks time:0.000s prepare input2 time 0.000s prepare mails time 0.000
call get 135 times, total time 0.0
call put 135 times, total time 0.0
Epoch 2:
	train loss:66857.5599  val ap:0.863017  val auc:0.930321
	total time:255.740s sample time:42.994s prep time:210.042s
	build dgl blocks time:0.000s prepare input2 time 0.000s prepare mails time 0.000
call get 135 times, total time 0.0
call put 135 times, total time 0.0
Epoch 3:
	train loss:61266.5930  val ap:0.874500  val auc:0.934553
	total time:250.036s sample time:41.942s prep time:205.547s
	build dgl blocks time:0.000s prepare input2 time 0.000s prepare mails time 0.000
call get 135 times, total time 0.0
call put 135 times, total time 0.0
Epoch 4:
	train loss:58296.9190  val ap:0.887641  val auc:0.939227
	total time:250.892s sample time:42.811s prep time:205.443s
	build dgl blocks time:0.000s prepare input2 time 0.000s prepare mails time 0.000
call get 135 times, total time 0.0
call put 135 times, total time 0.0
Epoch 5:
	train loss:57274.1700  val ap:0.892443  val auc:0.939792
	total time:253.993s sample time:43.411s prep time:208.047s
	build dgl blocks time:0.000s prepare input2 time 0.000s prepare mails time 0.000
call get 135 times, total time 0.0
call put 135 times, total time 0.0
Epoch 6:
save model at epoch 6
	train loss:56314.5666  val ap:0.900087  val auc:0.941651
	total time:249.853s sample time:42.422s prep time:204.923s
	build dgl blocks time:0.000s prepare input2 time 0.000s prepare mails time 0.000
call get 135 times, total time 0.0
call put 135 times, total time 0.0
Epoch 7:
save model at epoch 7
	train loss:55257.7170  val ap:0.906794  val auc:0.944369
	total time:252.450s sample time:42.776s prep time:207.271s
	build dgl blocks time:0.000s prepare input2 time 0.000s prepare mails time 0.000
call get 135 times, total time 0.0
call put 135 times, total time 0.0
Epoch 8:
	train loss:54489.6053  val ap:0.905038  val auc:0.942211
	total time:248.699s sample time:43.045s prep time:203.204s
	build dgl blocks time:0.000s prepare input2 time 0.000s prepare mails time 0.000
call get 135 times, total time 0.0
call put 135 times, total time 0.0
Epoch 9:
save model at epoch 9
	train loss:54031.6252  val ap:0.911069  val auc:0.944105
	total time:270.065s sample time:47.112s prep time:220.602s
	build dgl blocks time:0.000s prepare input2 time 0.000s prepare mails time 0.000
call get 135 times, total time 0.0
call put 135 times, total time 0.0
Epoch 10:
save model at epoch 10
	train loss:53598.8435  val ap:0.915820  val auc:0.946186
	total time:281.364s sample time:48.027s prep time:230.931s
	build dgl blocks time:0.000s prepare input2 time 0.000s prepare mails time 0.000
call get 135 times, total time 0.0
call put 135 times, total time 0.0
Epoch 11:
	train loss:52829.7874  val ap:0.915356  val auc:0.946540
	total time:286.395s sample time:48.960s prep time:235.002s
	build dgl blocks time:0.000s prepare input2 time 0.000s prepare mails time 0.000
call get 135 times, total time 0.0
call put 135 times, total time 0.0
Epoch 12:
	train loss:52687.4255  val ap:0.912771  val auc:0.945318
	total time:291.788s sample time:49.819s prep time:239.585s
	build dgl blocks time:0.000s prepare input2 time 0.000s prepare mails time 0.000
call get 135 times, total time 0.0
call put 135 times, total time 0.0
Epoch 13:
save model at epoch 13
	train loss:52022.2316  val ap:0.918948  val auc:0.947550
	total time:291.932s sample time:50.159s prep time:239.593s
	build dgl blocks time:0.000s prepare input2 time 0.000s prepare mails time 0.000
call get 135 times, total time 0.0
call put 135 times, total time 0.0
Epoch 14:
save model at epoch 14
	train loss:52339.8832  val ap:0.920835  val auc:0.948663
	total time:302.303s sample time:51.621s prep time:248.521s
	build dgl blocks time:0.000s prepare input2 time 0.000s prepare mails time 0.000
call get 135 times, total time 0.0
call put 135 times, total time 0.0
Epoch 15:
save model at epoch 15
	train loss:51698.5189  val ap:0.923428  val auc:0.950166
	total time:377.380s sample time:62.005s prep time:312.499s
	build dgl blocks time:0.000s prepare input2 time 0.000s prepare mails time 0.000
call get 135 times, total time 0.0
call put 135 times, total time 0.0
Epoch 16:
save model at epoch 16
	train loss:51252.3059  val ap:0.923817  val auc:0.949779
	total time:442.589s sample time:74.301s prep time:364.348s
	build dgl blocks time:0.000s prepare input2 time 0.000s prepare mails time 0.000
call get 135 times, total time 0.0
call put 135 times, total time 0.0
Epoch 17:
save model at epoch 17
	train loss:51134.8094  val ap:0.925983  val auc:0.951788
	total time:520.562s sample time:89.308s prep time:427.517s
	build dgl blocks time:0.000s prepare input2 time 0.000s prepare mails time 0.000
call get 135 times, total time 0.0
call put 135 times, total time 0.0
Epoch 18:
save model at epoch 18
	train loss:50302.9820  val ap:0.928153  val auc:0.953210
	total time:530.631s sample time:86.884s prep time:439.814s
	build dgl blocks time:0.000s prepare input2 time 0.000s prepare mails time 0.000
call get 135 times, total time 0.0
call put 135 times, total time 0.0
Epoch 19:
save model at epoch 19
	train loss:49724.2852  val ap:0.935281  val auc:0.956062
	total time:552.289s sample time:95.503s prep time:453.032s
	build dgl blocks time:0.000s prepare input2 time 0.000s prepare mails time 0.000
call get 135 times, total time 0.0
call put 135 times, total time 0.0
Epoch 20:
save model at epoch 20
	train loss:48775.3906  val ap:0.936780  val auc:0.957674
	total time:520.068s sample time:88.261s prep time:427.911s
	build dgl blocks time:0.000s prepare input2 time 0.000s prepare mails time 0.000
call get 135 times, total time 0.0
call put 135 times, total time 0.0
Epoch 21:
save model at epoch 21
	train loss:48682.6071  val ap:0.943830  val auc:0.959561
	total time:519.520s sample time:88.076s prep time:427.930s
	build dgl blocks time:0.000s prepare input2 time 0.000s prepare mails time 0.000
call get 135 times, total time 0.0
call put 135 times, total time 0.0
Epoch 22:
save model at epoch 22
	train loss:48065.5572  val ap:0.950914  val auc:0.963130
	total time:524.648s sample time:85.218s prep time:435.783s
	build dgl blocks time:0.000s prepare input2 time 0.000s prepare mails time 0.000
call get 135 times, total time 0.0
call put 135 times, total time 0.0
Epoch 23:
save model at epoch 23
	train loss:47210.7421  val ap:0.959897  val auc:0.969165
	total time:533.015s sample time:90.755s prep time:439.115s
	build dgl blocks time:0.000s prepare input2 time 0.000s prepare mails time 0.000
call get 135 times, total time 0.0
call put 135 times, total time 0.0
Epoch 24:
save model at epoch 24
	train loss:46078.3706  val ap:0.961752  val auc:0.970400
	total time:524.513s sample time:91.042s prep time:429.277s
	build dgl blocks time:0.000s prepare input2 time 0.000s prepare mails time 0.000
call get 135 times, total time 0.0
call put 135 times, total time 0.0
Epoch 25:
save model at epoch 25
	train loss:44569.7041  val ap:0.965656  val auc:0.973078
	total time:529.697s sample time:88.801s prep time:437.825s
	build dgl blocks time:0.000s prepare input2 time 0.000s prepare mails time 0.000
call get 135 times, total time 0.0
call put 135 times, total time 0.0
Epoch 26:
	train loss:44466.3083  val ap:0.965573  val auc:0.972881
	total time:527.269s sample time:89.424s prep time:434.320s
	build dgl blocks time:0.000s prepare input2 time 0.000s prepare mails time 0.000
call get 135 times, total time 0.0
call put 135 times, total time 0.0
Epoch 27:
save model at epoch 27
	train loss:43038.5468  val ap:0.970738  val auc:0.976317
	total time:538.326s sample time:91.660s prep time:442.765s
	build dgl blocks time:0.000s prepare input2 time 0.000s prepare mails time 0.000
call get 135 times, total time 0.0
call put 135 times, total time 0.0
Epoch 28:
	train loss:42363.5957  val ap:0.969635  val auc:0.976082
	total time:513.343s sample time:88.167s prep time:421.300s
	build dgl blocks time:0.000s prepare input2 time 0.000s prepare mails time 0.000
call get 135 times, total time 0.0
call put 135 times, total time 0.0
Epoch 29:
save model at epoch 29
	train loss:41617.5853  val ap:0.972430  val auc:0.977390
	total time:461.667s sample time:77.910s prep time:379.613s
	build dgl blocks time:0.000s prepare input2 time 0.000s prepare mails time 0.000
call get 135 times, total time 0.0
call put 135 times, total time 0.0
Epoch 30:
save model at epoch 30
	train loss:41024.4435  val ap:0.974256  val auc:0.979362
	total time:437.760s sample time:73.960s prep time:359.980s
	build dgl blocks time:0.000s prepare input2 time 0.000s prepare mails time 0.000
call get 135 times, total time 0.0
call put 135 times, total time 0.0
Epoch 31:
save model at epoch 31
	train loss:40364.1229  val ap:0.974298  val auc:0.979838
	total time:438.705s sample time:72.731s prep time:361.407s
	build dgl blocks time:0.000s prepare input2 time 0.000s prepare mails time 0.000
call get 135 times, total time 0.0
call put 135 times, total time 0.0
Epoch 32:
save model at epoch 32
	train loss:40146.1538  val ap:0.977022  val auc:0.980811
	total time:439.035s sample time:74.069s prep time:361.700s
	build dgl blocks time:0.000s prepare input2 time 0.000s prepare mails time 0.000
call get 135 times, total time 0.0
call put 135 times, total time 0.0
Epoch 33:
	train loss:39839.8827  val ap:0.976918  val auc:0.981826
	total time:444.866s sample time:75.971s prep time:364.910s
	build dgl blocks time:0.000s prepare input2 time 0.000s prepare mails time 0.000
call get 135 times, total time 0.0
call put 135 times, total time 0.0
Epoch 34:
save model at epoch 34
	train loss:39302.7848  val ap:0.978513  val auc:0.982246
	total time:437.170s sample time:74.368s prep time:357.064s
	build dgl blocks time:0.000s prepare input2 time 0.000s prepare mails time 0.000
call get 135 times, total time 0.0
call put 135 times, total time 0.0
Epoch 35:
save model at epoch 35
	train loss:39216.1887  val ap:0.979065  val auc:0.982682
	total time:425.038s sample time:71.220s prep time:347.368s
	build dgl blocks time:0.000s prepare input2 time 0.000s prepare mails time 0.000
call get 135 times, total time 0.0
call put 135 times, total time 0.0
Epoch 36:
save model at epoch 36
	train loss:38798.8704  val ap:0.979519  val auc:0.983216
	total time:435.814s sample time:73.729s prep time:356.726s
	build dgl blocks time:0.000s prepare input2 time 0.000s prepare mails time 0.000
call get 135 times, total time 0.0
call put 135 times, total time 0.0
Epoch 37:
	train loss:38266.8014  val ap:0.978599  val auc:0.983244
	total time:446.649s sample time:77.505s prep time:364.257s
	build dgl blocks time:0.000s prepare input2 time 0.000s prepare mails time 0.000
call get 135 times, total time 0.0
call put 135 times, total time 0.0
Epoch 38:
save model at epoch 38
	train loss:38177.5658  val ap:0.980846  val auc:0.984590
	total time:435.514s sample time:73.629s prep time:355.301s
	build dgl blocks time:0.000s prepare input2 time 0.000s prepare mails time 0.000
call get 135 times, total time 0.0
call put 135 times, total time 0.0
Epoch 39:
	train loss:37771.9349  val ap:0.980318  val auc:0.984081
	total time:428.234s sample time:71.897s prep time:350.697s
	build dgl blocks time:0.000s prepare input2 time 0.000s prepare mails time 0.000
call get 135 times, total time 0.0
call put 135 times, total time 0.0
Epoch 40:
	train loss:37414.4088  val ap:0.979580  val auc:0.983882
	total time:452.718s sample time:76.232s prep time:370.833s
	build dgl blocks time:0.000s prepare input2 time 0.000s prepare mails time 0.000
call get 135 times, total time 0.0
call put 135 times, total time 0.0
Epoch 41:
save model at epoch 41
	train loss:37730.1341  val ap:0.981993  val auc:0.985488
	total time:433.187s sample time:74.397s prep time:351.967s
	build dgl blocks time:0.000s prepare input2 time 0.000s prepare mails time 0.000
call get 135 times, total time 0.0
call put 135 times, total time 0.0
Epoch 42:
	train loss:36929.2450  val ap:0.980929  val auc:0.984772
	total time:447.940s sample time:76.097s prep time:366.207s
	build dgl blocks time:0.000s prepare input2 time 0.000s prepare mails time 0.000
call get 135 times, total time 0.0
call put 135 times, total time 0.0
Epoch 43:
save model at epoch 43
	train loss:37012.2130  val ap:0.982780  val auc:0.985793
	total time:430.300s sample time:73.234s prep time:349.993s
	build dgl blocks time:0.000s prepare input2 time 0.000s prepare mails time 0.000
call get 135 times, total time 0.0
call put 135 times, total time 0.0
Epoch 44:
save model at epoch 44
	train loss:36488.2205  val ap:0.982956  val auc:0.985712
	total time:434.584s sample time:72.394s prep time:355.308s
	build dgl blocks time:0.000s prepare input2 time 0.000s prepare mails time 0.000
call get 135 times, total time 0.0
call put 135 times, total time 0.0
Epoch 45:
	train loss:36503.3575  val ap:0.982702  val auc:0.985980
	total time:433.376s sample time:72.598s prep time:354.921s
	build dgl blocks time:0.000s prepare input2 time 0.000s prepare mails time 0.000
call get 135 times, total time 0.0
call put 135 times, total time 0.0
Epoch 46:
save model at epoch 46
	train loss:36716.1337  val ap:0.984444  val auc:0.986932
	total time:420.706s sample time:70.753s prep time:343.806s
	build dgl blocks time:0.000s prepare input2 time 0.000s prepare mails time 0.000
call get 135 times, total time 0.0
call put 135 times, total time 0.0
Epoch 47:
	train loss:35752.4404  val ap:0.983151  val auc:0.986001
	total time:449.114s sample time:75.258s prep time:367.114s
	build dgl blocks time:0.000s prepare input2 time 0.000s prepare mails time 0.000
call get 135 times, total time 0.0
call put 135 times, total time 0.0
Epoch 48:
	train loss:35777.4473  val ap:0.983859  val auc:0.986341
	total time:459.658s sample time:77.451s prep time:374.930s
	build dgl blocks time:0.000s prepare input2 time 0.000s prepare mails time 0.000
call get 135 times, total time 0.0
call put 135 times, total time 0.0
Epoch 49:
save model at epoch 49
	train loss:35994.1981  val ap:0.984989  val auc:0.987480
	total time:459.639s sample time:76.067s prep time:375.372s
	build dgl blocks time:0.000s prepare input2 time 0.000s prepare mails time 0.000
call get 135 times, total time 0.0
call put 135 times, total time 0.0
Epoch 50:
	train loss:35703.1893  val ap:0.984484  val auc:0.987024
	total time:460.524s sample time:76.602s prep time:376.403s
	build dgl blocks time:0.000s prepare input2 time 0.000s prepare mails time 0.000
call get 135 times, total time 0.0
call put 135 times, total time 0.0
Epoch 51:
	train loss:35617.9929  val ap:0.984346  val auc:0.987073
	total time:460.953s sample time:78.506s prep time:374.494s
	build dgl blocks time:0.000s prepare input2 time 0.000s prepare mails time 0.000
call get 135 times, total time 0.0
call put 135 times, total time 0.0
Epoch 52:
save model at epoch 52
	train loss:35068.5218  val ap:0.986446  val auc:0.988447
	total time:335.044s sample time:53.865s prep time:272.792s
	build dgl blocks time:0.000s prepare input2 time 0.000s prepare mails time 0.000
call get 135 times, total time 0.0
call put 135 times, total time 0.0
Epoch 53:
	train loss:34797.9830  val ap:0.985563  val auc:0.987699
	total time:354.220s sample time:60.386s prep time:286.725s
	build dgl blocks time:0.000s prepare input2 time 0.000s prepare mails time 0.000
call get 135 times, total time 0.0
call put 135 times, total time 0.0
Epoch 54:
save model at epoch 54
	train loss:34417.4455  val ap:0.986729  val auc:0.988473
	total time:443.734s sample time:74.208s prep time:362.041s
	build dgl blocks time:0.000s prepare input2 time 0.000s prepare mails time 0.000
call get 135 times, total time 0.0
call put 135 times, total time 0.0
Epoch 55:
	train loss:34584.8196  val ap:0.985140  val auc:0.987403
	total time:440.639s sample time:72.573s prep time:360.112s
	build dgl blocks time:0.000s prepare input2 time 0.000s prepare mails time 0.000
call get 135 times, total time 0.0
call put 135 times, total time 0.0
Epoch 56:
	train loss:34727.5669  val ap:0.986378  val auc:0.988454
	total time:444.959s sample time:74.076s prep time:363.291s
	build dgl blocks time:0.000s prepare input2 time 0.000s prepare mails time 0.000
call get 135 times, total time 0.0
call put 135 times, total time 0.0
Epoch 57:
	train loss:34289.7829  val ap:0.985208  val auc:0.987476
	total time:491.085s sample time:84.435s prep time:398.314s
	build dgl blocks time:0.000s prepare input2 time 0.000s prepare mails time 0.000
call get 135 times, total time 0.0
call put 135 times, total time 0.0
Epoch 58:
	train loss:34128.9714  val ap:0.985516  val auc:0.987664
	total time:491.451s sample time:82.196s prep time:401.446s
	build dgl blocks time:0.000s prepare input2 time 0.000s prepare mails time 0.000
call get 135 times, total time 0.0
call put 135 times, total time 0.0
Epoch 59:
	train loss:34065.2713  val ap:0.986394  val auc:0.988385
	total time:485.594s sample time:79.121s prep time:398.094s
	build dgl blocks time:0.000s prepare input2 time 0.000s prepare mails time 0.000
call get 135 times, total time 0.0
call put 135 times, total time 0.0
Epoch 60:
save model at epoch 60
	train loss:33830.5447  val ap:0.987093  val auc:0.988833
	total time:489.413s sample time:82.786s prep time:398.239s
	build dgl blocks time:0.000s prepare input2 time 0.000s prepare mails time 0.000
call get 135 times, total time 0.0
call put 135 times, total time 0.0
Epoch 61:
save model at epoch 61
	train loss:33627.3510  val ap:0.987124  val auc:0.988742
	total time:495.503s sample time:80.274s prep time:407.561s
	build dgl blocks time:0.000s prepare input2 time 0.000s prepare mails time 0.000
call get 135 times, total time 0.0
call put 135 times, total time 0.0
Epoch 62:
	train loss:33297.9200  val ap:0.985714  val auc:0.987793
	total time:488.449s sample time:82.086s prep time:399.762s
	build dgl blocks time:0.000s prepare input2 time 0.000s prepare mails time 0.000
call get 135 times, total time 0.0
call put 135 times, total time 0.0
Epoch 63:
	train loss:33235.2442  val ap:0.986200  val auc:0.988359
	total time:488.646s sample time:80.015s prep time:400.112s
	build dgl blocks time:0.000s prepare input2 time 0.000s prepare mails time 0.000
call get 135 times, total time 0.0
call put 135 times, total time 0.0
Epoch 64:
save model at epoch 64
	train loss:33284.3933  val ap:0.987977  val auc:0.989597
	total time:502.428s sample time:83.748s prep time:411.946s
	build dgl blocks time:0.000s prepare input2 time 0.000s prepare mails time 0.000
call get 135 times, total time 0.0
call put 135 times, total time 0.0
Epoch 65:
	train loss:33668.0555  val ap:0.986753  val auc:0.988660
	total time:499.073s sample time:84.496s prep time:406.268s
	build dgl blocks time:0.000s prepare input2 time 0.000s prepare mails time 0.000
call get 135 times, total time 0.0
call put 135 times, total time 0.0
Epoch 66:
	train loss:32913.0532  val ap:0.987327  val auc:0.988947
	total time:500.749s sample time:84.501s prep time:409.791s
	build dgl blocks time:0.000s prepare input2 time 0.000s prepare mails time 0.000
call get 135 times, total time 0.0
call put 135 times, total time 0.0
Epoch 67:
	train loss:32875.5502  val ap:0.987130  val auc:0.988682
	total time:379.578s sample time:60.459s prep time:312.404s
	build dgl blocks time:0.000s prepare input2 time 0.000s prepare mails time 0.000
call get 135 times, total time 0.0
call put 135 times, total time 0.0
Epoch 68:
	train loss:32978.0353  val ap:0.986981  val auc:0.988626
	total time:377.799s sample time:63.149s prep time:308.144s
	build dgl blocks time:0.000s prepare input2 time 0.000s prepare mails time 0.000
call get 135 times, total time 0.0
call put 135 times, total time 0.0
Epoch 69:
	train loss:32700.6368  val ap:0.986828  val auc:0.989259
	total time:380.106s sample time:60.256s prep time:313.344s
	build dgl blocks time:0.000s prepare input2 time 0.000s prepare mails time 0.000
call get 135 times, total time 0.0
call put 135 times, total time 0.0
Epoch 70:
save model at epoch 70
	train loss:32791.1355  val ap:0.988319  val auc:0.989565
	total time:320.913s sample time:52.673s prep time:261.004s
	build dgl blocks time:0.000s prepare input2 time 0.000s prepare mails time 0.000
call get 135 times, total time 0.0
call put 135 times, total time 0.0
Epoch 71:
	train loss:32157.1738  val ap:0.987588  val auc:0.989331
	total time:269.262s sample time:43.293s prep time:219.655s
	build dgl blocks time:0.000s prepare input2 time 0.000s prepare mails time 0.000
call get 135 times, total time 0.0
call put 135 times, total time 0.0
Epoch 72:
	train loss:32398.3080  val ap:0.987953  val auc:0.989316
	total time:264.387s sample time:42.800s prep time:214.340s
	build dgl blocks time:0.000s prepare input2 time 0.000s prepare mails time 0.000
call get 135 times, total time 0.0
call put 135 times, total time 0.0
Epoch 73:
	train loss:32506.1498  val ap:0.988136  val auc:0.989332
	total time:269.722s sample time:43.086s prep time:220.105s
	build dgl blocks time:0.000s prepare input2 time 0.000s prepare mails time 0.000
call get 135 times, total time 0.0
call put 135 times, total time 0.0
Epoch 74:
	train loss:32292.1944  val ap:0.986825  val auc:0.988474
	total time:264.564s sample time:42.662s prep time:215.448s
	build dgl blocks time:0.000s prepare input2 time 0.000s prepare mails time 0.000
call get 135 times, total time 0.0
call put 135 times, total time 0.0
Epoch 75:
	train loss:32072.4489  val ap:0.987721  val auc:0.989492
	total time:261.682s sample time:43.500s prep time:212.080s
	build dgl blocks time:0.000s prepare input2 time 0.000s prepare mails time 0.000
call get 135 times, total time 0.0
call put 135 times, total time 0.0
Epoch 76:
	train loss:31824.9281  val ap:0.986684  val auc:0.988615
	total time:251.877s sample time:40.297s prep time:204.355s
	build dgl blocks time:0.000s prepare input2 time 0.000s prepare mails time 0.000
call get 135 times, total time 0.0
call put 135 times, total time 0.0
Epoch 77:
	train loss:32098.7681  val ap:0.988192  val auc:0.989526
	total time:252.862s sample time:40.944s prep time:206.417s
	build dgl blocks time:0.000s prepare input2 time 0.000s prepare mails time 0.000
call get 135 times, total time 0.0
call put 135 times, total time 0.0
Epoch 78:
	train loss:31882.2111  val ap:0.987409  val auc:0.989114
	total time:243.835s sample time:39.639s prep time:197.650s
	build dgl blocks time:0.000s prepare input2 time 0.000s prepare mails time 0.000
call get 135 times, total time 0.0
call put 135 times, total time 0.0
Epoch 79:
	train loss:31592.6374  val ap:0.987768  val auc:0.989335
	total time:235.177s sample time:37.803s prep time:190.932s
	build dgl blocks time:0.000s prepare input2 time 0.000s prepare mails time 0.000
call get 135 times, total time 0.0
call put 135 times, total time 0.0
average statistics: 
	 average_prep time: 327.9923488587141
	 time_total 400.519 s
	total sample time: 81.977 s
	total sample node: 401559.0, self._n_sample_per_node [10]
	 time_forward: 1.806
	 time_memory: 24.337
	 time_message: 23.523
	 time_backward 2.155s
	 time_message 232.978s
Loading model at epoch 70...
	test AP:0.989404  test AUC:0.991329
