has edge feature
total 110232 for train, can cache 32768, 0.29726395239132014%
Epoch 0:
save model at epoch 0
	train loss:124941.1030  val ap:0.896026  val auc:0.929365
	total time:106.102s sample time:17.538s prep time:85.935s
	build dgl blocks time:0.000s prepare input2 time 0.000s prepare mails time 0.000
call get 135 times, total time 0.0
call put 135 times, total time 0.0
Epoch 1:
	train loss:76242.2144  val ap:0.853501  val auc:0.926306
	total time:111.125s sample time:19.204s prep time:90.309s
	build dgl blocks time:0.000s prepare input2 time 0.000s prepare mails time 0.000
call get 135 times, total time 0.0
call put 135 times, total time 0.0
Epoch 2:
	train loss:66969.3210  val ap:0.869216  val auc:0.932610
	total time:103.781s sample time:17.719s prep time:84.514s
	build dgl blocks time:0.000s prepare input2 time 0.000s prepare mails time 0.000
call get 135 times, total time 0.0
call put 135 times, total time 0.0
Epoch 3:
	train loss:62259.4931  val ap:0.874559  val auc:0.933974
	total time:104.062s sample time:17.256s prep time:85.237s
	build dgl blocks time:0.000s prepare input2 time 0.000s prepare mails time 0.000
call get 135 times, total time 0.0
call put 135 times, total time 0.0
Epoch 4:
	train loss:59595.1567  val ap:0.882410  val auc:0.936742
	total time:98.395s sample time:16.493s prep time:80.140s
	build dgl blocks time:0.000s prepare input2 time 0.000s prepare mails time 0.000
call get 135 times, total time 0.0
call put 135 times, total time 0.0
Epoch 5:
	train loss:57784.3912  val ap:0.892481  val auc:0.940260
	total time:96.329s sample time:16.485s prep time:78.217s
	build dgl blocks time:0.000s prepare input2 time 0.000s prepare mails time 0.000
call get 135 times, total time 0.0
call put 135 times, total time 0.0
Epoch 6:
	train loss:56499.9529  val ap:0.894363  val auc:0.939460
	total time:95.836s sample time:16.575s prep time:77.654s
	build dgl blocks time:0.000s prepare input2 time 0.000s prepare mails time 0.000
call get 135 times, total time 0.0
call put 135 times, total time 0.0
Epoch 7:
save model at epoch 7
	train loss:55677.7140  val ap:0.901514  val auc:0.941705
	total time:102.213s sample time:17.507s prep time:83.221s
	build dgl blocks time:0.000s prepare input2 time 0.000s prepare mails time 0.000
call get 135 times, total time 0.0
call put 135 times, total time 0.0
Epoch 8:
save model at epoch 8
	train loss:54955.5708  val ap:0.910729  val auc:0.943583
	total time:98.491s sample time:16.657s prep time:80.294s
	build dgl blocks time:0.000s prepare input2 time 0.000s prepare mails time 0.000
call get 135 times, total time 0.0
call put 135 times, total time 0.0
Epoch 9:
save model at epoch 9
	train loss:54728.6283  val ap:0.917227  val auc:0.947815
	total time:101.737s sample time:16.849s prep time:83.094s
	build dgl blocks time:0.000s prepare input2 time 0.000s prepare mails time 0.000
call get 135 times, total time 0.0
call put 135 times, total time 0.0
Epoch 10:
	train loss:53968.6757  val ap:0.916480  val auc:0.946904
	total time:102.442s sample time:17.317s prep time:83.500s
	build dgl blocks time:0.000s prepare input2 time 0.000s prepare mails time 0.000
call get 135 times, total time 0.0
call put 135 times, total time 0.0
Epoch 11:
save model at epoch 11
	train loss:53147.0799  val ap:0.917278  val auc:0.946604
	total time:102.312s sample time:17.182s prep time:83.653s
	build dgl blocks time:0.000s prepare input2 time 0.000s prepare mails time 0.000
call get 135 times, total time 0.0
call put 135 times, total time 0.0
Epoch 12:
save model at epoch 12
	train loss:53113.2651  val ap:0.925817  val auc:0.951001
	total time:105.928s sample time:17.618s prep time:86.681s
	build dgl blocks time:0.000s prepare input2 time 0.000s prepare mails time 0.000
call get 135 times, total time 0.0
call put 135 times, total time 0.0
Epoch 13:
	train loss:52083.7883  val ap:0.925297  val auc:0.951273
	total time:100.072s sample time:16.643s prep time:81.883s
	build dgl blocks time:0.000s prepare input2 time 0.000s prepare mails time 0.000
call get 135 times, total time 0.0
call put 135 times, total time 0.0
Epoch 14:
save model at epoch 14
	train loss:51882.4400  val ap:0.926016  val auc:0.950995
	total time:103.246s sample time:17.544s prep time:84.148s
	build dgl blocks time:0.000s prepare input2 time 0.000s prepare mails time 0.000
call get 135 times, total time 0.0
call put 135 times, total time 0.0
Epoch 15:
	train loss:51220.7242  val ap:0.925853  val auc:0.950721
	total time:100.275s sample time:17.088s prep time:81.516s
	build dgl blocks time:0.000s prepare input2 time 0.000s prepare mails time 0.000
call get 135 times, total time 0.0
call put 135 times, total time 0.0
Epoch 16:
save model at epoch 16
	train loss:50553.6376  val ap:0.935769  val auc:0.955281
	total time:103.754s sample time:17.585s prep time:84.610s
	build dgl blocks time:0.000s prepare input2 time 0.000s prepare mails time 0.000
call get 135 times, total time 0.0
call put 135 times, total time 0.0
Epoch 17:
save model at epoch 17
	train loss:50129.4855  val ap:0.942145  val auc:0.958073
	total time:139.354s sample time:23.740s prep time:113.792s
	build dgl blocks time:0.000s prepare input2 time 0.000s prepare mails time 0.000
call get 135 times, total time 0.0
call put 135 times, total time 0.0
Epoch 18:
save model at epoch 18
	train loss:48869.2381  val ap:0.948243  val auc:0.962496
	total time:107.925s sample time:18.426s prep time:87.772s
	build dgl blocks time:0.000s prepare input2 time 0.000s prepare mails time 0.000
call get 135 times, total time 0.0
call put 135 times, total time 0.0
Epoch 19:
save model at epoch 19
	train loss:48710.0469  val ap:0.953629  val auc:0.966129
	total time:101.813s sample time:16.943s prep time:83.358s
	build dgl blocks time:0.000s prepare input2 time 0.000s prepare mails time 0.000
call get 135 times, total time 0.0
call put 135 times, total time 0.0
Epoch 20:
save model at epoch 20
	train loss:47554.3999  val ap:0.956633  val auc:0.967670
	total time:102.274s sample time:17.313s prep time:83.365s
	build dgl blocks time:0.000s prepare input2 time 0.000s prepare mails time 0.000
call get 135 times, total time 0.0
call put 135 times, total time 0.0
Epoch 21:
save model at epoch 21
	train loss:46650.3781  val ap:0.958174  val auc:0.969647
	total time:104.372s sample time:17.895s prep time:84.834s
	build dgl blocks time:0.000s prepare input2 time 0.000s prepare mails time 0.000
call get 135 times, total time 0.0
call put 135 times, total time 0.0
Epoch 22:
save model at epoch 22
	train loss:45790.8091  val ap:0.958484  val auc:0.970047
	total time:102.266s sample time:16.756s prep time:84.111s
	build dgl blocks time:0.000s prepare input2 time 0.000s prepare mails time 0.000
call get 135 times, total time 0.0
call put 135 times, total time 0.0
Epoch 23:
save model at epoch 23
	train loss:45215.8678  val ap:0.960708  val auc:0.970623
	total time:101.722s sample time:17.776s prep time:82.359s
	build dgl blocks time:0.000s prepare input2 time 0.000s prepare mails time 0.000
call get 135 times, total time 0.0
call put 135 times, total time 0.0
Epoch 24:
save model at epoch 24
	train loss:44961.3048  val ap:0.961351  val auc:0.971795
	total time:100.989s sample time:17.422s prep time:82.103s
	build dgl blocks time:0.000s prepare input2 time 0.000s prepare mails time 0.000
call get 135 times, total time 0.0
call put 135 times, total time 0.0
Epoch 25:
save model at epoch 25
	train loss:43890.3385  val ap:0.965897  val auc:0.973765
	total time:100.946s sample time:16.811s prep time:82.428s
	build dgl blocks time:0.000s prepare input2 time 0.000s prepare mails time 0.000
call get 135 times, total time 0.0
call put 135 times, total time 0.0
Epoch 26:
save model at epoch 26
	train loss:43857.7158  val ap:0.967571  val auc:0.975132
	total time:87.124s sample time:14.432s prep time:71.182s
	build dgl blocks time:0.000s prepare input2 time 0.000s prepare mails time 0.000
call get 135 times, total time 0.0
call put 135 times, total time 0.0
Epoch 27:
save model at epoch 27
	train loss:43115.5467  val ap:0.968948  val auc:0.976055
	total time:86.594s sample time:14.608s prep time:70.454s
	build dgl blocks time:0.000s prepare input2 time 0.000s prepare mails time 0.000
call get 135 times, total time 0.0
call put 135 times, total time 0.0
Epoch 28:
save model at epoch 28
	train loss:42991.6449  val ap:0.969204  val auc:0.976728
	total time:93.826s sample time:15.775s prep time:76.617s
	build dgl blocks time:0.000s prepare input2 time 0.000s prepare mails time 0.000
call get 135 times, total time 0.0
call put 135 times, total time 0.0
Epoch 29:
save model at epoch 29
	train loss:41935.7094  val ap:0.972968  val auc:0.979040
	total time:100.065s sample time:16.639s prep time:81.834s
	build dgl blocks time:0.000s prepare input2 time 0.000s prepare mails time 0.000
call get 135 times, total time 0.0
call put 135 times, total time 0.0
Epoch 30:
save model at epoch 30
	train loss:41947.5050  val ap:0.974357  val auc:0.979979
	total time:89.938s sample time:15.067s prep time:73.356s
	build dgl blocks time:0.000s prepare input2 time 0.000s prepare mails time 0.000
call get 135 times, total time 0.0
call put 135 times, total time 0.0
Epoch 31:
save model at epoch 31
	train loss:41265.5193  val ap:0.975804  val auc:0.980413
	total time:89.179s sample time:15.664s prep time:72.059s
	build dgl blocks time:0.000s prepare input2 time 0.000s prepare mails time 0.000
call get 135 times, total time 0.0
call put 135 times, total time 0.0
Epoch 32:
	train loss:40274.2727  val ap:0.973773  val auc:0.980135
	total time:81.707s sample time:13.381s prep time:66.897s
	build dgl blocks time:0.000s prepare input2 time 0.000s prepare mails time 0.000
call get 135 times, total time 0.0
call put 135 times, total time 0.0
Epoch 33:
save model at epoch 33
	train loss:39715.0805  val ap:0.977634  val auc:0.982497
	total time:98.209s sample time:17.360s prep time:79.333s
	build dgl blocks time:0.000s prepare input2 time 0.000s prepare mails time 0.000
call get 135 times, total time 0.0
call put 135 times, total time 0.0
Epoch 34:
save model at epoch 34
	train loss:39505.2894  val ap:0.978381  val auc:0.982741
	total time:80.965s sample time:13.878s prep time:65.549s
	build dgl blocks time:0.000s prepare input2 time 0.000s prepare mails time 0.000
call get 135 times, total time 0.0
call put 135 times, total time 0.0
Epoch 35:
save model at epoch 35
	train loss:38768.3600  val ap:0.979224  val auc:0.983739
	total time:81.103s sample time:13.299s prep time:66.317s
	build dgl blocks time:0.000s prepare input2 time 0.000s prepare mails time 0.000
call get 135 times, total time 0.0
call put 135 times, total time 0.0
Epoch 36:
save model at epoch 36
	train loss:38439.1333  val ap:0.980187  val auc:0.984290
	total time:104.628s sample time:17.479s prep time:85.693s
	build dgl blocks time:0.000s prepare input2 time 0.000s prepare mails time 0.000
call get 135 times, total time 0.0
call put 135 times, total time 0.0
Epoch 37:
	train loss:37957.1509  val ap:0.980110  val auc:0.984410
	total time:56.414s sample time:9.696s prep time:45.299s
	build dgl blocks time:0.000s prepare input2 time 0.000s prepare mails time 0.000
call get 135 times, total time 0.0
call put 135 times, total time 0.0
Epoch 38:
save model at epoch 38
	train loss:37805.2344  val ap:0.981840  val auc:0.985240
	total time:90.813s sample time:15.563s prep time:73.650s
	build dgl blocks time:0.000s prepare input2 time 0.000s prepare mails time 0.000
call get 135 times, total time 0.0
call put 135 times, total time 0.0
Epoch 39:
save model at epoch 39
	train loss:37614.1106  val ap:0.983158  val auc:0.986022
	total time:118.595s sample time:20.706s prep time:96.024s
	build dgl blocks time:0.000s prepare input2 time 0.000s prepare mails time 0.000
call get 135 times, total time 0.0
call put 135 times, total time 0.0
Epoch 40:
save model at epoch 40
	train loss:36768.1825  val ap:0.983983  val auc:0.986824
	total time:83.907s sample time:13.790s prep time:68.452s
	build dgl blocks time:0.000s prepare input2 time 0.000s prepare mails time 0.000
call get 135 times, total time 0.0
call put 135 times, total time 0.0
Epoch 41:
	train loss:36820.5280  val ap:0.983417  val auc:0.986395
	total time:69.029s sample time:10.963s prep time:56.641s
	build dgl blocks time:0.000s prepare input2 time 0.000s prepare mails time 0.000
call get 135 times, total time 0.0
call put 135 times, total time 0.0
Epoch 42:
	train loss:36511.4587  val ap:0.983861  val auc:0.986890
	total time:50.095s sample time:7.579s prep time:41.225s
	build dgl blocks time:0.000s prepare input2 time 0.000s prepare mails time 0.000
call get 135 times, total time 0.0
call put 135 times, total time 0.0
Epoch 43:
save model at epoch 43
	train loss:35977.8713  val ap:0.984178  val auc:0.986851
	total time:94.712s sample time:15.257s prep time:77.706s
	build dgl blocks time:0.000s prepare input2 time 0.000s prepare mails time 0.000
call get 135 times, total time 0.0
call put 135 times, total time 0.0
Epoch 44:
save model at epoch 44
	train loss:35878.4707  val ap:0.986077  val auc:0.988467
	total time:155.401s sample time:26.295s prep time:127.637s
	build dgl blocks time:0.000s prepare input2 time 0.000s prepare mails time 0.000
call get 135 times, total time 0.0
call put 135 times, total time 0.0
Epoch 45:
	train loss:35669.3460  val ap:0.985314  val auc:0.988039
	total time:106.606s sample time:18.402s prep time:86.570s
	build dgl blocks time:0.000s prepare input2 time 0.000s prepare mails time 0.000
call get 135 times, total time 0.0
call put 135 times, total time 0.0
Epoch 46:
	train loss:34948.9280  val ap:0.985674  val auc:0.988019
	total time:214.805s sample time:36.105s prep time:176.679s
	build dgl blocks time:0.000s prepare input2 time 0.000s prepare mails time 0.000
call get 135 times, total time 0.0
call put 135 times, total time 0.0
Epoch 47:
save model at epoch 47
	train loss:35597.2440  val ap:0.986834  val auc:0.988831
	total time:225.430s sample time:38.331s prep time:185.293s
	build dgl blocks time:0.000s prepare input2 time 0.000s prepare mails time 0.000
call get 135 times, total time 0.0
call put 135 times, total time 0.0
Epoch 48:
	train loss:34994.1780  val ap:0.985680  val auc:0.987748
	total time:240.105s sample time:41.653s prep time:196.408s
	build dgl blocks time:0.000s prepare input2 time 0.000s prepare mails time 0.000
call get 135 times, total time 0.0
call put 135 times, total time 0.0
Epoch 49:
	train loss:34440.5459  val ap:0.986269  val auc:0.988608
	total time:254.145s sample time:43.669s prep time:208.490s
	build dgl blocks time:0.000s prepare input2 time 0.000s prepare mails time 0.000
call get 135 times, total time 0.0
call put 135 times, total time 0.0
Epoch 50:
	train loss:34974.1354  val ap:0.986218  val auc:0.988138
	total time:231.680s sample time:38.424s prep time:191.259s
	build dgl blocks time:0.000s prepare input2 time 0.000s prepare mails time 0.000
call get 135 times, total time 0.0
call put 135 times, total time 0.0
Epoch 51:
save model at epoch 51
	train loss:34307.0397  val ap:0.987602  val auc:0.989149
	total time:202.174s sample time:35.653s prep time:164.812s
	build dgl blocks time:0.000s prepare input2 time 0.000s prepare mails time 0.000
call get 135 times, total time 0.0
call put 135 times, total time 0.0
Epoch 52:
	train loss:34069.9027  val ap:0.986838  val auc:0.989018
	total time:193.454s sample time:33.511s prep time:158.177s
	build dgl blocks time:0.000s prepare input2 time 0.000s prepare mails time 0.000
call get 135 times, total time 0.0
call put 135 times, total time 0.0
Epoch 53:
	train loss:33965.4089  val ap:0.986133  val auc:0.988013
	total time:177.730s sample time:29.410s prep time:146.587s
	build dgl blocks time:0.000s prepare input2 time 0.000s prepare mails time 0.000
call get 135 times, total time 0.0
call put 135 times, total time 0.0
Epoch 54:
	train loss:33763.3870  val ap:0.986916  val auc:0.989030
	total time:184.068s sample time:30.975s prep time:151.308s
	build dgl blocks time:0.000s prepare input2 time 0.000s prepare mails time 0.000
call get 135 times, total time 0.0
call put 135 times, total time 0.0
Epoch 55:
save model at epoch 55
	train loss:33905.1598  val ap:0.988936  val auc:0.990161
	total time:235.569s sample time:41.153s prep time:192.450s
	build dgl blocks time:0.000s prepare input2 time 0.000s prepare mails time 0.000
call get 135 times, total time 0.0
call put 135 times, total time 0.0
Epoch 56:
	train loss:33518.3429  val ap:0.988098  val auc:0.989621
	total time:263.075s sample time:45.292s prep time:215.510s
	build dgl blocks time:0.000s prepare input2 time 0.000s prepare mails time 0.000
call get 135 times, total time 0.0
call put 135 times, total time 0.0
Epoch 57:
	train loss:33073.2058  val ap:0.986953  val auc:0.988899
	total time:227.864s sample time:39.941s prep time:185.803s
	build dgl blocks time:0.000s prepare input2 time 0.000s prepare mails time 0.000
call get 135 times, total time 0.0
call put 135 times, total time 0.0
Epoch 58:
save model at epoch 58
	train loss:33078.1362  val ap:0.989163  val auc:0.990442
	total time:206.411s sample time:35.283s prep time:169.269s
	build dgl blocks time:0.000s prepare input2 time 0.000s prepare mails time 0.000
call get 135 times, total time 0.0
call put 135 times, total time 0.0
Epoch 59:
save model at epoch 59
	train loss:33234.1263  val ap:0.989230  val auc:0.990318
	total time:234.493s sample time:40.765s prep time:191.901s
	build dgl blocks time:0.000s prepare input2 time 0.000s prepare mails time 0.000
call get 135 times, total time 0.0
call put 135 times, total time 0.0
Epoch 60:
	train loss:33011.5034  val ap:0.988333  val auc:0.989802
	total time:209.827s sample time:35.391s prep time:172.405s
	build dgl blocks time:0.000s prepare input2 time 0.000s prepare mails time 0.000
call get 135 times, total time 0.0
call put 135 times, total time 0.0
Epoch 61:
	train loss:32968.3706  val ap:0.987927  val auc:0.989575
	total time:189.456s sample time:32.585s prep time:155.100s
	build dgl blocks time:0.000s prepare input2 time 0.000s prepare mails time 0.000
call get 135 times, total time 0.0
call put 135 times, total time 0.0
Epoch 62:
	train loss:32396.2998  val ap:0.989002  val auc:0.990321
	total time:180.582s sample time:31.057s prep time:147.912s
	build dgl blocks time:0.000s prepare input2 time 0.000s prepare mails time 0.000
call get 135 times, total time 0.0
call put 135 times, total time 0.0
Epoch 63:
	train loss:32713.4022  val ap:0.988769  val auc:0.990141
	total time:180.806s sample time:31.536s prep time:147.498s
	build dgl blocks time:0.000s prepare input2 time 0.000s prepare mails time 0.000
call get 135 times, total time 0.0
call put 135 times, total time 0.0
Epoch 64:
	train loss:32115.2068  val ap:0.987727  val auc:0.989298
	total time:175.010s sample time:29.463s prep time:143.447s
	build dgl blocks time:0.000s prepare input2 time 0.000s prepare mails time 0.000
call get 135 times, total time 0.0
call put 135 times, total time 0.0
Epoch 65:
	train loss:32293.8067  val ap:0.987938  val auc:0.989966
	total time:194.066s sample time:31.796s prep time:160.456s
	build dgl blocks time:0.000s prepare input2 time 0.000s prepare mails time 0.000
call get 135 times, total time 0.0
call put 135 times, total time 0.0
Epoch 66:
save model at epoch 66
	train loss:31801.9387  val ap:0.989745  val auc:0.990664
	total time:186.989s sample time:31.413s prep time:153.663s
	build dgl blocks time:0.000s prepare input2 time 0.000s prepare mails time 0.000
call get 135 times, total time 0.0
call put 135 times, total time 0.0
Epoch 67:
	train loss:31937.6204  val ap:0.988300  val auc:0.989946
	total time:182.495s sample time:31.236s prep time:149.666s
	build dgl blocks time:0.000s prepare input2 time 0.000s prepare mails time 0.000
call get 135 times, total time 0.0
call put 135 times, total time 0.0
Epoch 68:
	train loss:31741.0862  val ap:0.988446  val auc:0.989972
	total time:203.571s sample time:34.592s prep time:167.129s
	build dgl blocks time:0.000s prepare input2 time 0.000s prepare mails time 0.000
call get 135 times, total time 0.0
call put 135 times, total time 0.0
Epoch 69:
	train loss:31663.5614  val ap:0.989295  val auc:0.990593
	total time:172.769s sample time:28.924s prep time:142.222s
	build dgl blocks time:0.000s prepare input2 time 0.000s prepare mails time 0.000
call get 135 times, total time 0.0
call put 135 times, total time 0.0
Epoch 70:
	train loss:31517.1300  val ap:0.989127  val auc:0.990492
	total time:212.355s sample time:35.880s prep time:174.619s
	build dgl blocks time:0.000s prepare input2 time 0.000s prepare mails time 0.000
call get 135 times, total time 0.0
call put 135 times, total time 0.0
Epoch 71:
save model at epoch 71
	train loss:31127.7958  val ap:0.989939  val auc:0.990908
	total time:181.857s sample time:30.382s prep time:149.713s
	build dgl blocks time:0.000s prepare input2 time 0.000s prepare mails time 0.000
call get 135 times, total time 0.0
call put 135 times, total time 0.0
Epoch 72:
	train loss:31534.6104  val ap:0.988848  val auc:0.990089
	total time:176.041s sample time:30.011s prep time:144.282s
	build dgl blocks time:0.000s prepare input2 time 0.000s prepare mails time 0.000
call get 135 times, total time 0.0
call put 135 times, total time 0.0
Epoch 73:
	train loss:31037.1303  val ap:0.989935  val auc:0.990850
	total time:162.423s sample time:27.054s prep time:133.683s
	build dgl blocks time:0.000s prepare input2 time 0.000s prepare mails time 0.000
call get 135 times, total time 0.0
call put 135 times, total time 0.0
Epoch 74:
	train loss:31262.4637  val ap:0.989813  val auc:0.990564
	total time:148.182s sample time:24.476s prep time:121.979s
	build dgl blocks time:0.000s prepare input2 time 0.000s prepare mails time 0.000
call get 135 times, total time 0.0
call put 135 times, total time 0.0
Epoch 75:
	train loss:30890.7325  val ap:0.989325  val auc:0.990355
	total time:158.912s sample time:27.488s prep time:129.579s
	build dgl blocks time:0.000s prepare input2 time 0.000s prepare mails time 0.000
call get 135 times, total time 0.0
call put 135 times, total time 0.0
Epoch 76:
	train loss:30666.9805  val ap:0.989875  val auc:0.990866
	total time:146.415s sample time:24.212s prep time:120.497s
	build dgl blocks time:0.000s prepare input2 time 0.000s prepare mails time 0.000
call get 135 times, total time 0.0
call put 135 times, total time 0.0
Epoch 77:
	train loss:30974.3828  val ap:0.989847  val auc:0.990730
	total time:213.222s sample time:35.295s prep time:176.005s
	build dgl blocks time:0.000s prepare input2 time 0.000s prepare mails time 0.000
call get 135 times, total time 0.0
call put 135 times, total time 0.0
Epoch 78:
	train loss:30812.0882  val ap:0.989650  val auc:0.990502
	total time:165.456s sample time:28.734s prep time:134.996s
	build dgl blocks time:0.000s prepare input2 time 0.000s prepare mails time 0.000
call get 135 times, total time 0.0
call put 135 times, total time 0.0
Epoch 79:
	train loss:30343.5032  val ap:0.989793  val auc:0.990925
	total time:134.355s sample time:22.415s prep time:110.044s
	build dgl blocks time:0.000s prepare input2 time 0.000s prepare mails time 0.000
call get 135 times, total time 0.0
call put 135 times, total time 0.0
average statistics: 
	 average_prep time: 114.37581642866135
	 time_total 139.781 s
	total sample time: 28.953 s
	total sample node: 401559.0, self._n_sample_per_node [10]
	 time_forward: 0.471
	 time_memory: 8.464
	 time_message: 8.329
	 time_backward 0.878s
	 time_message 82.388s
Loading model at epoch 71...
	test AP:0.990579  test AUC:0.991920
