disable_node: False
disable_edge: False
use edge feature
total 470713 for train, can cache 262144, 0.5569083496737928%
Epoch 0:
save model at epoch 0
	train loss:534089.5301  val ap:0.930238  val auc:0.927547
	total time:9.961s sample time:0.149s prep time:7.661s
	build dgl blocks time:0.000s prepare input2 time 0.000s prepare mails time 0.000
call get 0 times, total time 0.0
call put 0 times, total time 0.0
query 9471331 times, hit 7051077 times, hit rate 0.744
Epoch 1:
save model at epoch 1
	train loss:314085.4149  val ap:0.964570  val auc:0.970662
	total time:7.543s sample time:0.139s prep time:5.891s
	build dgl blocks time:0.000s prepare input2 time 0.000s prepare mails time 0.000
call get 0 times, total time 0.0
call put 0 times, total time 0.0
query 18948542 times, hit 13794583 times, hit rate 0.728
Epoch 2:
save model at epoch 2
	train loss:201417.7737  val ap:0.977313  val auc:0.984281
	total time:7.705s sample time:0.134s prep time:6.059s
	build dgl blocks time:0.000s prepare input2 time 0.000s prepare mails time 0.000
call get 0 times, total time 0.0
call put 0 times, total time 0.0
query 28421675 times, hit 20544982 times, hit rate 0.723
Epoch 3:
save model at epoch 3
	train loss:169560.8795  val ap:0.984523  val auc:0.988906
	total time:7.821s sample time:0.136s prep time:6.164s
	build dgl blocks time:0.000s prepare input2 time 0.000s prepare mails time 0.000
call get 0 times, total time 0.0
call put 0 times, total time 0.0
query 37897938 times, hit 27300513 times, hit rate 0.720
Epoch 4:
save model at epoch 4
	train loss:142970.1245  val ap:0.985862  val auc:0.989611
	total time:8.725s sample time:0.133s prep time:7.065s
	build dgl blocks time:0.000s prepare input2 time 0.000s prepare mails time 0.000
call get 0 times, total time 0.0
call put 0 times, total time 0.0
query 47369714 times, hit 34052821 times, hit rate 0.719
Epoch 5:
save model at epoch 5
	train loss:136313.1903  val ap:0.987182  val auc:0.990822
	total time:7.670s sample time:0.134s prep time:5.972s
	build dgl blocks time:0.000s prepare input2 time 0.000s prepare mails time 0.000
call get 0 times, total time 0.0
call put 0 times, total time 0.0
query 56836209 times, hit 40799096 times, hit rate 0.718
Epoch 6:
save model at epoch 6
	train loss:131944.1549  val ap:0.987783  val auc:0.991068
	total time:7.576s sample time:0.137s prep time:5.904s
	build dgl blocks time:0.000s prepare input2 time 0.000s prepare mails time 0.000
call get 0 times, total time 0.0
call put 0 times, total time 0.0
query 66310114 times, hit 47558800 times, hit rate 0.717
Epoch 7:
	train loss:127499.5612  val ap:0.987426  val auc:0.991247
	total time:9.049s sample time:0.132s prep time:7.407s
	build dgl blocks time:0.000s prepare input2 time 0.000s prepare mails time 0.000
call get 0 times, total time 0.0
call put 0 times, total time 0.0
query 75783401 times, hit 54318756 times, hit rate 0.717
Epoch 8:
save model at epoch 8
	train loss:118132.9078  val ap:0.988404  val auc:0.991971
	total time:7.525s sample time:0.136s prep time:5.884s
	build dgl blocks time:0.000s prepare input2 time 0.000s prepare mails time 0.000
call get 0 times, total time 0.0
call put 0 times, total time 0.0
query 85257478 times, hit 61078486 times, hit rate 0.716
Epoch 9:
	train loss:118908.2412  val ap:0.988147  val auc:0.991934
	total time:7.595s sample time:0.133s prep time:5.956s
	build dgl blocks time:0.000s prepare input2 time 0.000s prepare mails time 0.000
call get 0 times, total time 0.0
call put 0 times, total time 0.0
query 94733679 times, hit 67839164 times, hit rate 0.716
Epoch 10:
save model at epoch 10
	train loss:116033.2514  val ap:0.988922  val auc:0.992689
	total time:7.673s sample time:0.147s prep time:6.053s
	build dgl blocks time:0.000s prepare input2 time 0.000s prepare mails time 0.000
call get 0 times, total time 0.0
call put 0 times, total time 0.0
query 104212075 times, hit 74600163 times, hit rate 0.716
Epoch 11:
save model at epoch 11
	train loss:109947.1322  val ap:0.990001  val auc:0.993181
	total time:7.684s sample time:0.136s prep time:6.042s
	build dgl blocks time:0.000s prepare input2 time 0.000s prepare mails time 0.000
call get 0 times, total time 0.0
call put 0 times, total time 0.0
query 113686656 times, hit 81360610 times, hit rate 0.716
Epoch 12:
	train loss:108674.9578  val ap:0.989433  val auc:0.992931
	total time:7.634s sample time:0.133s prep time:5.976s
	build dgl blocks time:0.000s prepare input2 time 0.000s prepare mails time 0.000
call get 0 times, total time 0.0
call put 0 times, total time 0.0
query 123159484 times, hit 88120811 times, hit rate 0.716
Epoch 13:
	train loss:109341.4665  val ap:0.989274  val auc:0.992868
	total time:7.487s sample time:0.135s prep time:5.853s
	build dgl blocks time:0.000s prepare input2 time 0.000s prepare mails time 0.000
call get 0 times, total time 0.0
call put 0 times, total time 0.0
query 132631920 times, hit 94878736 times, hit rate 0.715
Epoch 14:
save model at epoch 14
	train loss:105027.4765  val ap:0.990861  val auc:0.993724
	total time:7.625s sample time:0.132s prep time:5.994s
	build dgl blocks time:0.000s prepare input2 time 0.000s prepare mails time 0.000
call get 0 times, total time 0.0
call put 0 times, total time 0.0
query 142106474 times, hit 101635079 times, hit rate 0.715
Epoch 15:
save model at epoch 15
	train loss:104222.5517  val ap:0.990999  val auc:0.993818
	total time:7.642s sample time:0.131s prep time:6.006s
	build dgl blocks time:0.000s prepare input2 time 0.000s prepare mails time 0.000
call get 0 times, total time 0.0
call put 0 times, total time 0.0
query 151581182 times, hit 108396444 times, hit rate 0.715
Epoch 16:
save model at epoch 16
	train loss:100214.6519  val ap:0.992027  val auc:0.994699
	total time:7.566s sample time:0.132s prep time:5.917s
	build dgl blocks time:0.000s prepare input2 time 0.000s prepare mails time 0.000
call get 0 times, total time 0.0
call put 0 times, total time 0.0
query 161056783 times, hit 115161138 times, hit rate 0.715
Epoch 17:
	train loss:98259.4928  val ap:0.991712  val auc:0.994320
	total time:7.920s sample time:0.152s prep time:6.235s
	build dgl blocks time:0.000s prepare input2 time 0.000s prepare mails time 0.000
call get 0 times, total time 0.0
call put 0 times, total time 0.0
query 170533825 times, hit 121925840 times, hit rate 0.715
Epoch 18:
save model at epoch 18
	train loss:99520.0273  val ap:0.992115  val auc:0.994578
	total time:7.641s sample time:0.147s prep time:5.986s
	build dgl blocks time:0.000s prepare input2 time 0.000s prepare mails time 0.000
call get 0 times, total time 0.0
call put 0 times, total time 0.0
query 180006460 times, hit 128685556 times, hit rate 0.715
Epoch 19:
	train loss:96120.8948  val ap:0.991662  val auc:0.994346
	total time:7.491s sample time:0.136s prep time:5.855s
	build dgl blocks time:0.000s prepare input2 time 0.000s prepare mails time 0.000
call get 0 times, total time 0.0
call put 0 times, total time 0.0
query 189481635 times, hit 135449373 times, hit rate 0.715
Epoch 20:
	train loss:97687.0912  val ap:0.991844  val auc:0.994367
	total time:8.566s sample time:0.145s prep time:6.919s
	build dgl blocks time:0.000s prepare input2 time 0.000s prepare mails time 0.000
call get 0 times, total time 0.0
call put 0 times, total time 0.0
query 198956882 times, hit 142214147 times, hit rate 0.715
Epoch 21:
save model at epoch 21
	train loss:96500.6106  val ap:0.992397  val auc:0.994632
	total time:7.563s sample time:0.144s prep time:5.916s
	build dgl blocks time:0.000s prepare input2 time 0.000s prepare mails time 0.000
call get 0 times, total time 0.0
call put 0 times, total time 0.0
query 208430383 times, hit 148976036 times, hit rate 0.715
Epoch 22:
save model at epoch 22
	train loss:92318.4130  val ap:0.993119  val auc:0.995249
	total time:8.985s sample time:0.132s prep time:7.359s
	build dgl blocks time:0.000s prepare input2 time 0.000s prepare mails time 0.000
call get 0 times, total time 0.0
call put 0 times, total time 0.0
query 217902786 times, hit 155737103 times, hit rate 0.715
Epoch 23:
	train loss:90516.4371  val ap:0.992587  val auc:0.994963
	total time:7.492s sample time:0.132s prep time:5.857s
	build dgl blocks time:0.000s prepare input2 time 0.000s prepare mails time 0.000
call get 0 times, total time 0.0
call put 0 times, total time 0.0
query 227376397 times, hit 162495683 times, hit rate 0.715
Epoch 24:
	train loss:89094.6740  val ap:0.992683  val auc:0.995146
	total time:7.544s sample time:0.134s prep time:5.900s
	build dgl blocks time:0.000s prepare input2 time 0.000s prepare mails time 0.000
call get 0 times, total time 0.0
call put 0 times, total time 0.0
query 236851326 times, hit 169260674 times, hit rate 0.715
Epoch 25:
save model at epoch 25
	train loss:88141.6943  val ap:0.993561  val auc:0.995438
	total time:7.646s sample time:0.134s prep time:5.994s
	build dgl blocks time:0.000s prepare input2 time 0.000s prepare mails time 0.000
call get 0 times, total time 0.0
call put 0 times, total time 0.0
query 246322492 times, hit 176020930 times, hit rate 0.715
Epoch 26:
	train loss:88758.9557  val ap:0.993183  val auc:0.995461
	total time:7.640s sample time:0.132s prep time:5.995s
	build dgl blocks time:0.000s prepare input2 time 0.000s prepare mails time 0.000
call get 0 times, total time 0.0
call put 0 times, total time 0.0
query 255798123 times, hit 182786254 times, hit rate 0.715
Epoch 27:
	train loss:86365.4149  val ap:0.993527  val auc:0.995655
	total time:7.611s sample time:0.132s prep time:5.939s
	build dgl blocks time:0.000s prepare input2 time 0.000s prepare mails time 0.000
call get 0 times, total time 0.0
call put 0 times, total time 0.0
query 265270715 times, hit 189546324 times, hit rate 0.715
Epoch 28:
save model at epoch 28
	train loss:88256.9739  val ap:0.993708  val auc:0.995687
	total time:7.684s sample time:0.133s prep time:6.046s
	build dgl blocks time:0.000s prepare input2 time 0.000s prepare mails time 0.000
call get 0 times, total time 0.0
call put 0 times, total time 0.0
query 274746471 times, hit 196309660 times, hit rate 0.715
Epoch 29:
save model at epoch 29
	train loss:85062.9129  val ap:0.993819  val auc:0.995910
	total time:7.740s sample time:0.132s prep time:6.086s
	build dgl blocks time:0.000s prepare input2 time 0.000s prepare mails time 0.000
call get 0 times, total time 0.0
call put 0 times, total time 0.0
query 284218780 times, hit 203071380 times, hit rate 0.714
Epoch 30:
save model at epoch 30
	train loss:84693.0227  val ap:0.993933  val auc:0.995730
	total time:9.037s sample time:0.132s prep time:7.401s
	build dgl blocks time:0.000s prepare input2 time 0.000s prepare mails time 0.000
call get 0 times, total time 0.0
call put 0 times, total time 0.0
query 293694220 times, hit 209833145 times, hit rate 0.714
Epoch 31:
	train loss:84820.7200  val ap:0.993713  val auc:0.995939
	total time:8.536s sample time:0.133s prep time:6.890s
	build dgl blocks time:0.000s prepare input2 time 0.000s prepare mails time 0.000
call get 0 times, total time 0.0
call put 0 times, total time 0.0
query 303169281 times, hit 216595037 times, hit rate 0.714
Epoch 32:
save model at epoch 32
	train loss:84330.9316  val ap:0.994104  val auc:0.995978
	total time:7.622s sample time:0.133s prep time:5.970s
	build dgl blocks time:0.000s prepare input2 time 0.000s prepare mails time 0.000
call get 0 times, total time 0.0
call put 0 times, total time 0.0
query 312642527 times, hit 223355801 times, hit rate 0.714
Epoch 33:
save model at epoch 33
	train loss:82427.9706  val ap:0.994314  val auc:0.996126
	total time:7.694s sample time:0.128s prep time:6.071s
	build dgl blocks time:0.000s prepare input2 time 0.000s prepare mails time 0.000
call get 0 times, total time 0.0
call put 0 times, total time 0.0
query 322120073 times, hit 230120452 times, hit rate 0.714
Epoch 34:
save model at epoch 34
	train loss:81864.2629  val ap:0.994752  val auc:0.996303
	total time:7.753s sample time:0.129s prep time:6.111s
	build dgl blocks time:0.000s prepare input2 time 0.000s prepare mails time 0.000
call get 0 times, total time 0.0
call put 0 times, total time 0.0
query 331598921 times, hit 236885188 times, hit rate 0.714
Epoch 35:
save model at epoch 35
	train loss:80777.6263  val ap:0.994955  val auc:0.996347
	total time:8.640s sample time:0.143s prep time:7.079s
	build dgl blocks time:0.000s prepare input2 time 0.000s prepare mails time 0.000
call get 0 times, total time 0.0
call put 0 times, total time 0.0
query 341069223 times, hit 243641404 times, hit rate 0.714
Epoch 36:
	train loss:80694.0954  val ap:0.994929  val auc:0.996164
	total time:9.299s sample time:0.148s prep time:7.637s
	build dgl blocks time:0.000s prepare input2 time 0.000s prepare mails time 0.000
call get 0 times, total time 0.0
call put 0 times, total time 0.0
query 350547758 times, hit 250409232 times, hit rate 0.714
Epoch 37:
save model at epoch 37
	train loss:81090.1891  val ap:0.995318  val auc:0.996413
	total time:8.111s sample time:0.142s prep time:6.416s
	build dgl blocks time:0.000s prepare input2 time 0.000s prepare mails time 0.000
call get 0 times, total time 0.0
call put 0 times, total time 0.0
query 360022233 times, hit 257174155 times, hit rate 0.714
Epoch 38:
	train loss:80165.0527  val ap:0.995104  val auc:0.996300
	total time:8.113s sample time:0.139s prep time:6.435s
	build dgl blocks time:0.000s prepare input2 time 0.000s prepare mails time 0.000
call get 0 times, total time 0.0
call put 0 times, total time 0.0
query 369497094 times, hit 263937008 times, hit rate 0.714
Epoch 39:
save model at epoch 39
	train loss:78224.8463  val ap:0.995562  val auc:0.996572
	total time:8.122s sample time:0.147s prep time:6.444s
	build dgl blocks time:0.000s prepare input2 time 0.000s prepare mails time 0.000
call get 0 times, total time 0.0
call put 0 times, total time 0.0
query 378972808 times, hit 270701623 times, hit rate 0.714
Epoch 40:
save model at epoch 40
	train loss:79738.3562  val ap:0.995639  val auc:0.996617
	total time:8.094s sample time:0.140s prep time:6.421s
	build dgl blocks time:0.000s prepare input2 time 0.000s prepare mails time 0.000
call get 0 times, total time 0.0
call put 0 times, total time 0.0
query 388445137 times, hit 277460167 times, hit rate 0.714
Epoch 41:
save model at epoch 41
	train loss:79118.1504  val ap:0.995772  val auc:0.996651
	total time:8.079s sample time:0.167s prep time:6.389s
	build dgl blocks time:0.000s prepare input2 time 0.000s prepare mails time 0.000
call get 0 times, total time 0.0
call put 0 times, total time 0.0
query 397920824 times, hit 284221751 times, hit rate 0.714
Epoch 42:
save model at epoch 42
	train loss:77472.1167  val ap:0.996021  val auc:0.996776
	total time:9.071s sample time:0.134s prep time:7.423s
	build dgl blocks time:0.000s prepare input2 time 0.000s prepare mails time 0.000
call get 0 times, total time 0.0
call put 0 times, total time 0.0
query 407393381 times, hit 290981059 times, hit rate 0.714
Epoch 43:
	train loss:77047.6737  val ap:0.995783  val auc:0.996709
	total time:7.710s sample time:0.133s prep time:6.072s
	build dgl blocks time:0.000s prepare input2 time 0.000s prepare mails time 0.000
call get 0 times, total time 0.0
call put 0 times, total time 0.0
query 416869010 times, hit 297743927 times, hit rate 0.714
Epoch 44:
save model at epoch 44
	train loss:76924.0531  val ap:0.996057  val auc:0.996802
	total time:7.627s sample time:0.134s prep time:5.976s
	build dgl blocks time:0.000s prepare input2 time 0.000s prepare mails time 0.000
call get 0 times, total time 0.0
call put 0 times, total time 0.0
query 426342665 times, hit 304508136 times, hit rate 0.714
Epoch 45:
	train loss:75983.4714  val ap:0.996010  val auc:0.996824
	total time:7.527s sample time:0.131s prep time:5.899s
	build dgl blocks time:0.000s prepare input2 time 0.000s prepare mails time 0.000
call get 0 times, total time 0.0
call put 0 times, total time 0.0
query 435813235 times, hit 311272654 times, hit rate 0.714
Epoch 46:
save model at epoch 46
	train loss:75617.5074  val ap:0.996089  val auc:0.996750
	total time:7.386s sample time:0.131s prep time:5.751s
	build dgl blocks time:0.000s prepare input2 time 0.000s prepare mails time 0.000
call get 0 times, total time 0.0
call put 0 times, total time 0.0
query 445285699 times, hit 318034574 times, hit rate 0.714
Epoch 47:
save model at epoch 47
	train loss:75709.8418  val ap:0.996190  val auc:0.996903
	total time:7.610s sample time:0.127s prep time:6.010s
	build dgl blocks time:0.000s prepare input2 time 0.000s prepare mails time 0.000
call get 0 times, total time 0.0
call put 0 times, total time 0.0
query 454757246 times, hit 324793079 times, hit rate 0.714
Epoch 48:
save model at epoch 48
	train loss:75197.5491  val ap:0.996214  val auc:0.996866
	total time:7.684s sample time:0.135s prep time:6.038s
	build dgl blocks time:0.000s prepare input2 time 0.000s prepare mails time 0.000
call get 0 times, total time 0.0
call put 0 times, total time 0.0
query 464232438 times, hit 331554759 times, hit rate 0.714
Epoch 49:
save model at epoch 49
	train loss:75817.8900  val ap:0.996250  val auc:0.996942
	total time:7.531s sample time:0.133s prep time:5.900s
	build dgl blocks time:0.000s prepare input2 time 0.000s prepare mails time 0.000
call get 0 times, total time 0.0
call put 0 times, total time 0.0
query 473706405 times, hit 338317314 times, hit rate 0.714
Epoch 50:
save model at epoch 50
	train loss:74501.4394  val ap:0.996594  val auc:0.997136
	total time:7.572s sample time:0.141s prep time:5.925s
	build dgl blocks time:0.000s prepare input2 time 0.000s prepare mails time 0.000
call get 0 times, total time 0.0
call put 0 times, total time 0.0
query 483182170 times, hit 345080274 times, hit rate 0.714
Epoch 51:
	train loss:74083.7189  val ap:0.996113  val auc:0.996911
	total time:7.626s sample time:0.133s prep time:5.997s
	build dgl blocks time:0.000s prepare input2 time 0.000s prepare mails time 0.000
call get 0 times, total time 0.0
call put 0 times, total time 0.0
query 492658014 times, hit 351842962 times, hit rate 0.714
Epoch 52:
	train loss:75137.4190  val ap:0.996395  val auc:0.997056
	total time:7.525s sample time:0.130s prep time:5.896s
	build dgl blocks time:0.000s prepare input2 time 0.000s prepare mails time 0.000
call get 0 times, total time 0.0
call put 0 times, total time 0.0
query 502128722 times, hit 358603294 times, hit rate 0.714
Epoch 53:
	train loss:73568.9133  val ap:0.996376  val auc:0.997035
	total time:7.594s sample time:0.131s prep time:5.953s
	build dgl blocks time:0.000s prepare input2 time 0.000s prepare mails time 0.000
call get 0 times, total time 0.0
call put 0 times, total time 0.0
query 511603971 times, hit 365365640 times, hit rate 0.714
ap don't improve in 3 epoches, early stop
average statistics: 
	 average total time: 7.918
	 average_prep time: 6.259161776966518
	 time_total 5.345 s
	total sample time: 0.278 s
	total sample node: 1157449.5, self._n_sample_per_node [10]
	 time_forward: 0.461
	 time_memory: 0.133
	 time_message: 0.071
	 time_backward 0.266s
	 time_message 1.438s
Loading model at epoch 50...
	test AP:0.996407  test AUC:0.997045
