disable_node: False
disable_edge: False
use edge feature
total 470713 for train, can cache 262144, 0.5569083496737928%
Epoch 0:
save model at epoch 0
	train loss:542238.4420  val ap:0.926481  val auc:0.920724
	total time:9.292s sample time:0.151s prep time:6.997s
	build dgl blocks time:0.000s prepare input2 time 0.000s prepare mails time 0.000
call get 0 times, total time 0.0
call put 0 times, total time 0.0
query 9477398 times, hit 7058032 times, hit rate 0.745
Epoch 1:
save model at epoch 1
	train loss:330097.3672  val ap:0.957510  val auc:0.958450
	total time:7.535s sample time:0.150s prep time:5.825s
	build dgl blocks time:0.000s prepare input2 time 0.000s prepare mails time 0.000
call get 0 times, total time 0.0
call put 0 times, total time 0.0
query 18950574 times, hit 13795136 times, hit rate 0.728
Epoch 2:
save model at epoch 2
	train loss:220783.5387  val ap:0.979108  val auc:0.983935
	total time:7.338s sample time:0.147s prep time:5.668s
	build dgl blocks time:0.000s prepare input2 time 0.000s prepare mails time 0.000
call get 0 times, total time 0.0
call put 0 times, total time 0.0
query 28420377 times, hit 20542267 times, hit rate 0.723
Epoch 3:
save model at epoch 3
	train loss:164043.4252  val ap:0.984453  val auc:0.988591
	total time:6.951s sample time:0.132s prep time:5.326s
	build dgl blocks time:0.000s prepare input2 time 0.000s prepare mails time 0.000
call get 0 times, total time 0.0
call put 0 times, total time 0.0
query 37895361 times, hit 27299659 times, hit rate 0.720
Epoch 4:
save model at epoch 4
	train loss:142385.0600  val ap:0.986298  val auc:0.989651
	total time:7.104s sample time:0.132s prep time:5.459s
	build dgl blocks time:0.000s prepare input2 time 0.000s prepare mails time 0.000
call get 0 times, total time 0.0
call put 0 times, total time 0.0
query 47372135 times, hit 34056719 times, hit rate 0.719
Epoch 5:
	train loss:138961.9441  val ap:0.986084  val auc:0.989907
	total time:8.806s sample time:0.150s prep time:6.941s
	build dgl blocks time:0.000s prepare input2 time 0.000s prepare mails time 0.000
call get 0 times, total time 0.0
call put 0 times, total time 0.0
query 56845874 times, hit 40813008 times, hit rate 0.718
Epoch 6:
save model at epoch 6
	train loss:128847.9170  val ap:0.987108  val auc:0.990655
	total time:7.920s sample time:0.124s prep time:6.121s
	build dgl blocks time:0.000s prepare input2 time 0.000s prepare mails time 0.000
call get 0 times, total time 0.0
call put 0 times, total time 0.0
query 66321824 times, hit 47575757 times, hit rate 0.717
Epoch 7:
save model at epoch 7
	train loss:121609.0030  val ap:0.988342  val auc:0.991592
	total time:8.827s sample time:0.123s prep time:7.008s
	build dgl blocks time:0.000s prepare input2 time 0.000s prepare mails time 0.000
call get 0 times, total time 0.0
call put 0 times, total time 0.0
query 75799688 times, hit 54339350 times, hit rate 0.717
Epoch 8:
	train loss:118291.3194  val ap:0.987951  val auc:0.991419
	total time:8.413s sample time:0.120s prep time:6.530s
	build dgl blocks time:0.000s prepare input2 time 0.000s prepare mails time 0.000
call get 0 times, total time 0.0
call put 0 times, total time 0.0
query 85275016 times, hit 61100258 times, hit rate 0.717
Epoch 9:
save model at epoch 9
	train loss:116138.6317  val ap:0.989151  val auc:0.992241
	total time:7.841s sample time:0.124s prep time:6.013s
	build dgl blocks time:0.000s prepare input2 time 0.000s prepare mails time 0.000
call get 0 times, total time 0.0
call put 0 times, total time 0.0
query 94751926 times, hit 67866008 times, hit rate 0.716
Epoch 10:
save model at epoch 10
	train loss:110912.9099  val ap:0.990356  val auc:0.993111
	total time:7.868s sample time:0.127s prep time:6.037s
	build dgl blocks time:0.000s prepare input2 time 0.000s prepare mails time 0.000
call get 0 times, total time 0.0
call put 0 times, total time 0.0
query 104224444 times, hit 74626629 times, hit rate 0.716
Epoch 11:
	train loss:108804.4597  val ap:0.990174  val auc:0.993058
	total time:8.134s sample time:0.124s prep time:6.225s
	build dgl blocks time:0.000s prepare input2 time 0.000s prepare mails time 0.000
call get 0 times, total time 0.0
call put 0 times, total time 0.0
query 113698720 times, hit 81389254 times, hit rate 0.716
Epoch 12:
save model at epoch 12
	train loss:106320.4362  val ap:0.990811  val auc:0.993726
	total time:8.076s sample time:0.122s prep time:6.169s
	build dgl blocks time:0.000s prepare input2 time 0.000s prepare mails time 0.000
call get 0 times, total time 0.0
call put 0 times, total time 0.0
query 123173889 times, hit 88152585 times, hit rate 0.716
Epoch 13:
save model at epoch 13
	train loss:102523.2060  val ap:0.991777  val auc:0.994083
	total time:7.574s sample time:0.120s prep time:5.705s
	build dgl blocks time:0.000s prepare input2 time 0.000s prepare mails time 0.000
call get 0 times, total time 0.0
call put 0 times, total time 0.0
query 132650039 times, hit 94915439 times, hit rate 0.716
Epoch 14:
	train loss:100681.4621  val ap:0.991619  val auc:0.994113
	total time:7.855s sample time:0.126s prep time:5.956s
	build dgl blocks time:0.000s prepare input2 time 0.000s prepare mails time 0.000
call get 0 times, total time 0.0
call put 0 times, total time 0.0
query 142122149 times, hit 101674048 times, hit rate 0.715
Epoch 15:
save model at epoch 15
	train loss:101890.6391  val ap:0.992223  val auc:0.994178
	total time:9.418s sample time:0.122s prep time:7.465s
	build dgl blocks time:0.000s prepare input2 time 0.000s prepare mails time 0.000
call get 0 times, total time 0.0
call put 0 times, total time 0.0
query 151597125 times, hit 108435229 times, hit rate 0.715
Epoch 16:
save model at epoch 16
	train loss:98455.3606  val ap:0.992414  val auc:0.994460
	total time:9.234s sample time:0.122s prep time:7.237s
	build dgl blocks time:0.000s prepare input2 time 0.000s prepare mails time 0.000
call get 0 times, total time 0.0
call put 0 times, total time 0.0
query 161068685 times, hit 115194353 times, hit rate 0.715
Epoch 17:
save model at epoch 17
	train loss:96903.1373  val ap:0.992532  val auc:0.994774
	total time:7.923s sample time:0.121s prep time:5.998s
	build dgl blocks time:0.000s prepare input2 time 0.000s prepare mails time 0.000
call get 0 times, total time 0.0
call put 0 times, total time 0.0
query 170541766 times, hit 121955472 times, hit rate 0.715
Epoch 18:
	train loss:93967.1977  val ap:0.992438  val auc:0.994477
	total time:7.982s sample time:0.119s prep time:6.042s
	build dgl blocks time:0.000s prepare input2 time 0.000s prepare mails time 0.000
call get 0 times, total time 0.0
call put 0 times, total time 0.0
query 180016486 times, hit 128715891 times, hit rate 0.715
Epoch 19:
save model at epoch 19
	train loss:95815.9830  val ap:0.992687  val auc:0.994806
	total time:8.521s sample time:0.123s prep time:6.594s
	build dgl blocks time:0.000s prepare input2 time 0.000s prepare mails time 0.000
call get 0 times, total time 0.0
call put 0 times, total time 0.0
query 189491844 times, hit 135477766 times, hit rate 0.715
Epoch 20:
save model at epoch 20
	train loss:94993.3717  val ap:0.992949  val auc:0.994974
	total time:7.455s sample time:0.122s prep time:5.550s
	build dgl blocks time:0.000s prepare input2 time 0.000s prepare mails time 0.000
call get 0 times, total time 0.0
call put 0 times, total time 0.0
query 198969488 times, hit 142242921 times, hit rate 0.715
Epoch 21:
save model at epoch 21
	train loss:91988.6313  val ap:0.993110  val auc:0.994972
	total time:8.308s sample time:0.120s prep time:6.420s
	build dgl blocks time:0.000s prepare input2 time 0.000s prepare mails time 0.000
call get 0 times, total time 0.0
call put 0 times, total time 0.0
query 208446414 times, hit 149010850 times, hit rate 0.715
Epoch 22:
	train loss:92366.2204  val ap:0.992755  val auc:0.994998
	total time:7.858s sample time:0.120s prep time:5.984s
	build dgl blocks time:0.000s prepare input2 time 0.000s prepare mails time 0.000
call get 0 times, total time 0.0
call put 0 times, total time 0.0
query 217916627 times, hit 155768642 times, hit rate 0.715
Epoch 23:
save model at epoch 23
	train loss:89574.8075  val ap:0.993350  val auc:0.995225
	total time:7.622s sample time:0.119s prep time:5.751s
	build dgl blocks time:0.000s prepare input2 time 0.000s prepare mails time 0.000
call get 0 times, total time 0.0
call put 0 times, total time 0.0
query 227388416 times, hit 162528167 times, hit rate 0.715
Epoch 24:
save model at epoch 24
	train loss:88613.4676  val ap:0.993868  val auc:0.995441
	total time:9.128s sample time:0.121s prep time:7.264s
	build dgl blocks time:0.000s prepare input2 time 0.000s prepare mails time 0.000
call get 0 times, total time 0.0
call put 0 times, total time 0.0
query 236865629 times, hit 169293293 times, hit rate 0.715
Epoch 25:
save model at epoch 25
	train loss:88597.3480  val ap:0.993887  val auc:0.995587
	total time:7.801s sample time:0.120s prep time:5.940s
	build dgl blocks time:0.000s prepare input2 time 0.000s prepare mails time 0.000
call get 0 times, total time 0.0
call put 0 times, total time 0.0
query 246338258 times, hit 176055700 times, hit rate 0.715
Epoch 26:
save model at epoch 26
	train loss:87561.7690  val ap:0.994313  val auc:0.995905
	total time:9.182s sample time:0.121s prep time:7.340s
	build dgl blocks time:0.000s prepare input2 time 0.000s prepare mails time 0.000
call get 0 times, total time 0.0
call put 0 times, total time 0.0
query 255813272 times, hit 182818773 times, hit rate 0.715
Epoch 27:
	train loss:86247.3407  val ap:0.994201  val auc:0.995688
	total time:9.281s sample time:0.121s prep time:7.439s
	build dgl blocks time:0.000s prepare input2 time 0.000s prepare mails time 0.000
call get 0 times, total time 0.0
call put 0 times, total time 0.0
query 265288337 times, hit 189580627 times, hit rate 0.715
Epoch 28:
	train loss:85307.8298  val ap:0.994172  val auc:0.995794
	total time:8.255s sample time:0.120s prep time:6.466s
	build dgl blocks time:0.000s prepare input2 time 0.000s prepare mails time 0.000
call get 0 times, total time 0.0
call put 0 times, total time 0.0
query 274765578 times, hit 196346395 times, hit rate 0.715
Epoch 29:
	train loss:83814.8677  val ap:0.994053  val auc:0.995857
	total time:7.640s sample time:0.121s prep time:5.769s
	build dgl blocks time:0.000s prepare input2 time 0.000s prepare mails time 0.000
call get 0 times, total time 0.0
call put 0 times, total time 0.0
query 284243161 times, hit 203113627 times, hit rate 0.715
ap don't improve in 3 epoches, early stop
average statistics: 
	 average_prep time: 6.308101773262024
	 time_total 3.064 s
	total sample time: 0.149 s
	total sample node: 643027.5, self._n_sample_per_node [10]
	 time_forward: 0.298
	 time_memory: 0.083
	 time_message: 0.039
	 time_backward 0.155s
	 time_message 0.935s
Loading model at epoch 26...
	test AP:0.994161  test AUC:0.995780
