Cache: keySize: 4, valueSize: 688, dim: 172, capacity: 262144, maxQueryNum: 65536, deviceId: 0
has edge feature
total 470713 for train, can cache 262144, 0.5569083496737928%
Epoch 0:
save model at epoch 0
	train loss:236529.9339  val ap:0.986613  val auc:0.990271
	total time:1168.431s sample time:196.350s prep time:956.553s
Epoch 1:
save model at epoch 1
	train loss:117172.5401  val ap:0.990111  val auc:0.992377
	total time:844.138s sample time:142.682s prep time:689.326s
Epoch 2:
save model at epoch 2
	train loss:108264.5832  val ap:0.992024  val auc:0.993779
	total time:738.493s sample time:125.739s prep time:601.062s
Epoch 3:
save model at epoch 3
	train loss:96090.8855  val ap:0.992674  val auc:0.994517
	total time:708.065s sample time:119.111s prep time:576.920s
Epoch 4:
save model at epoch 4
	train loss:96791.3181  val ap:0.992742  val auc:0.994669
	total time:627.095s sample time:105.685s prep time:510.856s
Epoch 5:
save model at epoch 5
	train loss:92544.9980  val ap:0.993722  val auc:0.995429
	total time:449.786s sample time:75.222s prep time:365.025s
Epoch 6:
	train loss:86080.1556  val ap:0.993641  val auc:0.995378
	total time:441.745s sample time:73.486s prep time:358.285s
Epoch 7:
save model at epoch 7
	train loss:83792.1808  val ap:0.994201  val auc:0.995713
	total time:386.425s sample time:64.153s prep time:313.413s
Epoch 8:
save model at epoch 8
	train loss:82286.9889  val ap:0.994618  val auc:0.995817
	total time:310.271s sample time:51.538s prep time:251.105s
Epoch 9:
save model at epoch 9
	train loss:80250.6187  val ap:0.995090  val auc:0.996135
	total time:322.357s sample time:53.715s prep time:261.015s
Epoch 10:
save model at epoch 10
	train loss:79365.7481  val ap:0.995848  val auc:0.996577
	total time:262.997s sample time:43.024s prep time:212.409s
Epoch 11:
	train loss:75353.5786  val ap:0.995837  val auc:0.996627
	total time:231.321s sample time:38.117s prep time:186.054s
Epoch 12:
save model at epoch 12
	train loss:75255.0687  val ap:0.996117  val auc:0.996773
	total time:245.346s sample time:40.434s prep time:197.309s
Epoch 13:
save model at epoch 13
	train loss:73776.7870  val ap:0.996545  val auc:0.997131
	total time:146.746s sample time:21.428s prep time:119.290s
Epoch 14:
	train loss:72435.6209  val ap:0.995664  val auc:0.996484
	total time:104.060s sample time:13.348s prep time:85.052s
Epoch 15:
	train loss:71796.7287  val ap:0.996376  val auc:0.996984
	total time:100.291s sample time:12.852s prep time:82.163s
Epoch 16:
	train loss:69662.8737  val ap:0.996540  val auc:0.997111
	total time:64.554s sample time:7.820s prep time:51.643s
ap don't improve in 3 epoches, early stop
average statistics: 
	 average_prep time: 342.2046313426074
	 time_total 89.402 s
	total sample time: 17.829 s
	total sample node: 364382.25, self._n_sample_per_node [10]
	 time_forward: 0.549
	 time_memory: 5.247
	 time_message: 5.109
	 time_backward 1.003s
	 time_message 51.178s
Loading model at epoch 13...
	test AP:0.996117  test AUC:0.996877
