Cache: keySize: 4, valueSize: 688, dim: 172, capacity: 524288, maxQueryNum: 65536, deviceId: 0
[W kineto_shim.cpp:330] Profiler is not initialized: skipping step() invocation
[W kineto_shim.cpp:330] Profiler is not initialized: skipping step() invocation
STAGE:2024-04-20 17:11:41 3279585:3279585 ActivityProfilerController.cpp:294] Completed Stage: Warm Up
[W CPUAllocator.cpp:231] Memory block of unknown size was allocated before the profiling started, profiler results will not include the deallocation event
STAGE:2024-04-20 17:11:41 3279585:3279585 ActivityProfilerController.cpp:300] Completed Stage: Collection
STAGE:2024-04-20 17:11:43 3279585:3279585 output_json.cpp:417] Completed Stage: Post Processing
has edge feature
total 470713 for train, can cache 524288, 1.1138166993475855%
Epoch 0:
save model at epoch 0
	train loss:14230.1780  val ap:0.729599  val auc:0.709197
	total time:3.354s sample time:0.010s prep time:0.863s
	build dgl blocks time:0.000s prepare input2 time 0.000s prepare mails time 0.000
call get 113 times, total time 2.7778432369232178
call put 113 times, total time 0.888779878616333
average statistics: 
	 average_prep time: 0.8625638484954834
	 time_total 0.042 s
	total sample time: 0.023 s
	total sample node: 4195.0125, self._n_sample_per_node [10]
	 time_forward: 0.012
	 time_memory: 0.031
	 time_message: 0.006
	 time_backward 0.001s
	 time_message 0.075s
Loading model at epoch 0...
	test AP:0.710940  test AUC:0.685449
