Cache: keySize: 4, valueSize: 688, dim: 172, capacity: 32768, maxQueryNum: 65536, deviceId: 0
has edge feature
total 110232 for train, can cache 32768, 0.29726395239132014%
Epoch 0:
save model at epoch 0
	train loss:126422.2940  val ap:0.879190  val auc:0.928326
	total time:278.150s sample time:46.552s prep time:227.115s
Epoch 1:
	train loss:78275.9675  val ap:0.857136  val auc:0.928260
	total time:274.093s sample time:46.012s prep time:225.219s
Epoch 2:
	train loss:68620.2539  val ap:0.860946  val auc:0.929620
	total time:265.622s sample time:45.424s prep time:217.729s
Epoch 3:
	train loss:62202.9861  val ap:0.867006  val auc:0.930750
	total time:268.342s sample time:45.130s prep time:220.367s
ap don't improve in 3 epoches, early stop
average statistics: 
	 average_prep time: 222.60764873027802
	 time_total 13.578 s
	total sample time: 2.786 s
	total sample node: 20077.95, self._n_sample_per_node [10]
	 time_forward: 0.039
	 time_memory: 0.841
	 time_message: 0.820
	 time_backward 0.084s
	 time_message 7.940s
Loading model at epoch 0...
	test AP:0.868462  test AUC:0.924382
