Cache: keySize: 4, valueSize: 688, dim: 172, capacity: 32768, maxQueryNum: 65536, deviceId: 0
has edge feature
total 110232 for train, can cache 32768, 0.29726395239132014%
Epoch 0:
save model at epoch 0
	train loss:130719.8344  val ap:0.893759  val auc:0.925567
	total time:123.503s sample time:20.957s prep time:99.871s
Epoch 1:
	train loss:79478.1390  val ap:0.862477  val auc:0.929442
	total time:89.658s sample time:15.484s prep time:72.762s
Epoch 2:
	train loss:67878.0409  val ap:0.868643  val auc:0.930668
	total time:90.050s sample time:15.283s prep time:73.206s
Epoch 3:
	train loss:61957.8021  val ap:0.882328  val auc:0.936902
	total time:88.619s sample time:14.611s prep time:72.528s
ap don't improve in 3 epoches, early stop
average statistics: 
	 average_prep time: 79.59186285734177
	 time_total 4.898 s
	total sample time: 0.997 s
	total sample node: 20077.95, self._n_sample_per_node [10]
	 time_forward: 0.023
	 time_memory: 0.303
	 time_message: 0.282
	 time_backward 0.037s
	 time_message 2.848s
Loading model at epoch 0...
	test AP:0.887338  test AUC:0.924936
