Cache: keySize: 4, valueSize: 688, dim: 172, capacity: 16384, maxQueryNum: 65536, deviceId: 0
has edge feature
total 110232 for train, can cache 16384, 0.14863197619566007%
Epoch 0:
save model at epoch 0
	train loss:129347.3793  val ap:0.897712  val auc:0.928839
	total time:271.380s sample time:46.452s prep time:221.483s
Epoch 1:
	train loss:77813.8637  val ap:0.862085  val auc:0.928028
	total time:278.027s sample time:46.871s prep time:228.742s
Epoch 2:
	train loss:68568.4879  val ap:0.866801  val auc:0.932775
	total time:265.208s sample time:45.379s prep time:217.128s
Epoch 3:
	train loss:62949.5188  val ap:0.869642  val auc:0.931281
	total time:269.832s sample time:45.249s prep time:221.709s
ap don't improve in 3 epoches, early stop
average statistics: 
	 average_prep time: 222.26538199186325
	 time_total 13.556 s
	total sample time: 2.789 s
	total sample node: 20077.95, self._n_sample_per_node [10]
	 time_forward: 0.034
	 time_memory: 0.833
	 time_message: 0.817
	 time_backward 0.080s
	 time_message 7.978s
Loading model at epoch 0...
	test AP:0.878930  test AUC:0.924192
