Cache: keySize: 4, valueSize: 688, dim: 172, capacity: 131072, maxQueryNum: 65536, deviceId: 0
has edge feature
total 110232 for train, can cache 131072, 1.1890558095652806%
Epoch 0:
save model at epoch 0
	train loss:135077.4577  val ap:0.897945  val auc:0.924127
	total time:45.649s sample time:7.050s prep time:36.095s
Epoch 1:
	train loss:78278.5186  val ap:0.856894  val auc:0.926111
	total time:81.757s sample time:14.043s prep time:66.070s
Epoch 2:
	train loss:67278.3284  val ap:0.867790  val auc:0.931187
	total time:83.877s sample time:14.602s prep time:67.793s
Epoch 3:
	train loss:63014.7325  val ap:0.872583  val auc:0.932690
	total time:87.547s sample time:14.694s prep time:71.403s
ap don't improve in 3 epoches, early stop
average statistics: 
	 average_prep time: 60.34031701087952
	 time_total 3.735 s
	total sample time: 0.782 s
	total sample node: 20077.95, self._n_sample_per_node [10]
	 time_forward: 0.026
	 time_memory: 0.239
	 time_message: 0.223
	 time_backward 0.038s
	 time_message 2.253s
Loading model at epoch 0...
	test AP:0.885703  test AUC:0.923125
