Cache: keySize: 4, valueSize: 688, dim: 172, capacity: 131072, maxQueryNum: 65536, deviceId: 0
has edge feature
total 110232 for train, can cache 131072, 1.1890558095652806%
Epoch 0:
save model at epoch 0
	train loss:136411.6482  val ap:0.890688  val auc:0.916659
	total time:262.322s sample time:44.336s prep time:214.468s
Epoch 1:
	train loss:79909.4465  val ap:0.860467  val auc:0.927094
	total time:271.015s sample time:47.056s prep time:221.991s
Epoch 2:
	train loss:68659.4570  val ap:0.864628  val auc:0.930282
	total time:261.125s sample time:45.871s prep time:212.648s
Epoch 3:
	train loss:62105.1354  val ap:0.870294  val auc:0.931524
	total time:262.107s sample time:44.905s prep time:214.572s
ap don't improve in 3 epoches, early stop
average statistics: 
	 average_prep time: 215.91937482357025
	 time_total 13.207 s
	total sample time: 2.773 s
	total sample node: 20077.95, self._n_sample_per_node [10]
	 time_forward: 0.040
	 time_memory: 0.824
	 time_message: 0.808
	 time_backward 0.066s
	 time_message 7.983s
Loading model at epoch 0...
	test AP:0.876360  test AUC:0.913098
